Chain #1
Seed for random number generator: 1 51 43 1 13

Acceptance rates for chain #1 (%)
ptild: 29.9247
theta: 26.8551
p: 28.7128
F: 38.3443
Mt: 13.3372
nm: 40.6342
m: 35.7901

Migration rates
Into/From	1	2	3	4
1	0.503076	0.243355	0.0508567	0.202712
2	0.0832829	0.493791	0.0145351	0.408391
3	0.0171227	0.0606831	0.841763	0.0804309
4	0.111162	0.248553	0.0562913	0.583994
Standard deviation
1	0.0802838	0.0839228	0.0370426	0.0908662
2	0.0423767	0.0546816	0.0127664	0.0557379
3	0.0175855	0.0464853	0.0510236	0.0499989
4	0.0797524	0.0989375	0.0376481	0.10939

Inbreeding coefficients
Population	Mean	Sd
1	0.0536188	0.0412194
2	0.0283519	0.0248321
3	0.0128935	0.0123195
4	0.0291206	0.0252124

Allele frequencies	Mean	Sd
In population 1
At locus 1
1	0.530376	0.0621161
2	0.129655	0.0430995
3	0.0889967	0.0322982
4	0.0216942	0.0131473
5	0.0360416	0.0218685
6	0.0122607	0.00968406
7	0.0437701	0.0240553
8	0.0174856	0.0121042
9	0.0399037	0.0213459
10	0.0280451	0.0187118
11	0.0153085	0.0136214
12	0.0118654	0.00963489
13	0.0120174	0.00924387
14	0.01258	0.00962615
15	0	0
16	0	0
17	0	0
18	0	0
19	0	0
20	0	0
21	0	0
22	0	0
23	0	0
24	0	0
25	0	0
26	0	0
27	0	0
28	0	0
At locus 2
1	0.397243	0.0642425
2	0.252144	0.0602834
3	0.034179	0.0166014
4	0.0628139	0.0258136
5	0.0857873	0.0365851
6	0.0115251	0.00986133
7	0.0110549	0.00941462
8	0.0228123	0.016373
9	0.0301854	0.0208717
10	0.011207	0.0105859
11	0.0159523	0.0129592
12	0.0142754	0.0124792
13	0.00754528	0.00827908
14	0.00884009	0.00895422
15	0.0102113	0.00996685
16	0.0242239	0.0138344
17	0	0
18	0	0
19	0	0
20	0	0
21	0	0
22	0	0
23	0	0
24	0	0
25	0	0
26	0	0
27	0	0
28	0	0
At locus 3
1	0.0343641	0.0211893
2	0.264398	0.0592282
3	0.0767046	0.0346474
4	0.037876	0.0183168
5	0.0583677	0.0250328
6	0.0365096	0.0174566
7	0.0127978	0.00975641
8	0.246498	0.0541998
9	0.0306279	0.020988
10	0.0135413	0.0127718
11	0.00924263	0.00890572
12	0.0529467	0.0252082
13	0.0523538	0.0281732
14	0.0171836	0.0119143
15	0.0226434	0.0149106
16	0.0150315	0.0128327
17	0.0113325	0.00934281
18	0.00758106	0.00813949
19	0	0
20	0	0
21	0	0
22	0	0
23	0	0
24	0	0
25	0	0
26	0	0
27	0	0
28	0	0
At locus 4
1	0.055456	0.0279695
2	0.0573618	0.0258822
3	0.097577	0.0356509
4	0.0319774	0.0204886
5	0.0150773	0.0108512
6	0.0860912	0.0295688
7	0.0772552	0.0350809
8	0.0409811	0.0221404
9	0.0487008	0.0247332
10	0.0164799	0.0157351
11	0.0249086	0.0160917
12	0.0514174	0.0269921
13	0.0517011	0.0271796
14	0.038968	0.0209461
15	0.0632629	0.0268795
16	0.0123362	0.0129272
17	0.0230827	0.0137475
18	0.0135367	0.0109233
19	0.0575803	0.0279465
20	0.0183557	0.0154404
21	0.0307966	0.0182098
22	0.0175568	0.0140443
23	0.0184357	0.0117562
24	0.011546	0.011243
25	0.0104895	0.0103974
26	0.0136972	0.0122179
27	0.00976701	0.00969814
28	0.00560375	0.00684716
At locus 5
1	0.0370226	0.0218422
2	0.0464928	0.0244843
3	0.0664559	0.0292109
4	0.119515	0.0409479
5	0.0738943	0.0363379
6	0.143198	0.0445905
7	0.0852236	0.0329939
8	0.0484413	0.0267768
9	0.102698	0.040196
10	0.133805	0.0428484
11	0.0570477	0.0294997
12	0.074064	0.0290375
13	0.0121416	0.0115062
14	0	0
15	0	0
16	0	0
17	0	0
18	0	0
19	0	0
20	0	0
21	0	0
22	0	0
23	0	0
24	0	0
25	0	0
26	0	0
27	0	0
28	0	0
At locus 6
1	0.102197	0.0396247
2	0.100696	0.0336182
3	0.106865	0.0404788
4	0.0616398	0.0266723
5	0.0496168	0.0274061
6	0.0845767	0.0302088
7	0.0921986	0.0336941
8	0.172543	0.0443492
9	0.061708	0.0296245
10	0.0609901	0.0295319
11	0.0273485	0.0184535
12	0.0181727	0.0140378
13	0.044012	0.024416
14	0.0103621	0.00827375
15	0.00707284	0.00766149
16	0	0
17	0	0
18	0	0
19	0	0
20	0	0
21	0	0
22	0	0
23	0	0
24	0	0
25	0	0
26	0	0
27	0	0
28	0	0
At locus 7
1	0.0359809	0.0217536
2	0.0369652	0.0216152
3	0.162036	0.050379
4	0.12589	0.0400826
5	0.162164	0.04306
6	0.0120638	0.00954395
7	0.0193223	0.0119859
8	0.0236459	0.0169132
9	0.0171633	0.0126845
10	0.0414655	0.0237158
11	0.103353	0.0382533
12	0.0862952	0.0362658
13	0.033566	0.0195894
14	0.014936	0.012974
15	0.0201179	0.0164678
16	0.0224666	0.0167999
17	0.00895371	0.00942181
18	0.0109381	0.0106555
19	0.00999572	0.00993656
20	0.00887213	0.00918762
21	0.0112679	0.00909473
22	0.0116655	0.00931675
23	0.0122854	0.00945007
24	0.00858985	0.00856519
25	0	0
26	0	0
27	0	0
28	0	0
At locus 8
1	0.119087	0.03956
2	0.0657876	0.0318148
3	0.0619085	0.0291064
4	0.144122	0.0392933
5	0.12356	0.0422219
6	0.166631	0.048079
7	0.0122147	0.00933372
8	0.0247656	0.0177964
9	0.065976	0.0316719
10	0.0440986	0.0243771
11	0.0173147	0.0118519
12	0.0391364	0.0201541
13	0.0203016	0.0139788
14	0.0215062	0.0170788
15	0.0183016	0.0150786
16	0.031759	0.0183858
17	0.0111908	0.0115438
18	0.012339	0.00957929
19	0	0
20	0	0
21	0	0
22	0	0
23	0	0
24	0	0
25	0	0
26	0	0
27	0	0
28	0	0
At locus 9
1	0.237643	0.0545137
2	0.0357276	0.022964
3	0.236731	0.049715
4	0.158899	0.0447553
5	0.29981	0.0578416
6	0.0185725	0.0121337
7	0.00654209	0.00730094
8	0.00607607	0.00721748
9	0	0
10	0	0
11	0	0
12	0	0
13	0	0
14	0	0
15	0	0
16	0	0
17	0	0
18	0	0
19	0	0
20	0	0
21	0	0
22	0	0
23	0	0
24	0	0
25	0	0
26	0	0
27	0	0
28	0	0

In population 2
At locus 1
1	0.6282	0.0554019
2	0.169761	0.0460672
3	0.0527525	0.0278595
4	0.00140754	0.00269781
5	0.0569809	0.0325692
6	0.00137408	0.00279766
7	0.0444302	0.0237362
8	0.00182135	0.00343446
9	0.0167614	0.0140614
10	0.0108567	0.0117825
11	0.01216	0.0133492
12	0.00123313	0.00256661
13	0.00108772	0.00229588
14	0.00117393	0.00244434
15	0	0
16	0	0
17	0	0
18	0	0
19	0	0
20	0	0
21	0	0
22	0	0
23	0	0
24	0	0
25	0	0
26	0	0
27	0	0
28	0	0
At locus 2
1	0.436072	0.0609061
2	0.311943	0.0620935
3	0.00208084	0.0035697
4	0.0331405	0.0217788
5	0.142491	0.0446368
6	0.00185718	0.00339512
7	0.0015418	0.00311057
8	0.0264616	0.0175718
9	0.0140594	0.0174178
10	0.00358747	0.00558265
11	0.00634745	0.00757739
12	0.0040874	0.00612772
13	0.00607021	0.00699708
14	0.00237365	0.00396695
15	0.00549054	0.00654272
16	0.00239612	0.00398622
17	0	0
18	0	0
19	0	0
20	0	0
21	0	0
22	0	0
23	0	0
24	0	0
25	0	0
26	0	0
27	0	0
28	0	0
At locus 3
1	0.03483	0.0233174
2	0.37926	0.068412
3	0.179027	0.0504008
4	0.00698869	0.00810664
5	0.0234196	0.0167266
6	0.00233626	0.00392639
7	0.00125409	0.00259359
8	0.168097	0.0500514
9	0.0609334	0.0267717
10	0.0300337	0.0149133
11	0.0024021	0.00427912
12	0.0159254	0.0142556
13	0.0773407	0.0377064
14	0.00238984	0.00436237
15	0.00483484	0.00670536
16	0.00765625	0.0101521
17	0.00106038	0.00245751
18	0.00221159	0.00397208
19	0	0
20	0	0
21	0	0
22	0	0
23	0	0
24	0	0
25	0	0
26	0	0
27	0	0
28	0	0
At locus 4
1	0.0290176	0.026022
2	0.0235943	0.0203832
3	0.0520679	0.0295373
4	0.043817	0.0269364
5	0.00530834	0.00671363
6	0.0257903	0.0196226
7	0.111352	0.0371966
8	0.0141787	0.0148223
9	0.0456128	0.0255997
10	0.0565644	0.0242972
11	0.0157703	0.0114618
12	0.0889262	0.036146
13	0.0884778	0.0387913
14	0.0238891	0.0194294
15	0.0652187	0.0269657
16	0.0593098	0.0308726
17	0.00239185	0.004336
18	0.00337699	0.00500078
19	0.125664	0.036386
20	0.0375678	0.0266973
21	0.02511	0.0169922
22	0.0133049	0.0127613
23	0.00118574	0.00247413
24	0.006562	0.00875288
25	0.0205418	0.0161165
26	0.0109112	0.011007
27	0.00347144	0.00542261
28	0.001017	0.00232234
At locus 5
1	0.0200406	0.0183445
2	0.0549931	0.024361
3	0.0327956	0.0194175
4	0.127755	0.0425823
5	0.151814	0.0494065
6	0.133049	0.0385507
7	0.0588911	0.0313025
8	0.0689052	0.0286981
9	0.132979	0.038943
10	0.129383	0.0386052
11	0.0700537	0.0303417
12	0.00866863	0.00868935
13	0.0106712	0.0113728
14	0	0
15	0	0
16	0	0
17	0	0
18	0	0
19	0	0
20	0	0
21	0	0
22	0	0
23	0	0
24	0	0
25	0	0
26	0	0
27	0	0
28	0	0
At locus 6
1	0.140272	0.040489
2	0.0344357	0.0205988
3	0.226335	0.0518766
4	0.0293698	0.0217335
5	0.0832008	0.0402148
6	0.0487951	0.0255049
7	0.0530491	0.0350496
8	0.141074	0.0405349
9	0.0596786	0.0303064
10	0.0305757	0.0274093
11	0.0576707	0.0226892
12	0.047521	0.0194822
13	0.0448704	0.0274695
14	0.000724097	0.00192662
15	0.00242777	0.00404985
16	0	0
17	0	0
18	0	0
19	0	0
20	0	0
21	0	0
22	0	0
23	0	0
24	0	0
25	0	0
26	0	0
27	0	0
28	0	0
At locus 7
1	0.0199692	0.0208491
2	0.0178233	0.0173415
3	0.377972	0.0793616
4	0.120134	0.0405136
5	0.0476839	0.0258508
6	0.00103001	0.00231598
7	0.00127046	0.00258922
8	0.0124062	0.0134542
9	0.00508158	0.00671455
10	0.0319908	0.023742
11	0.0706757	0.0347946
12	0.137114	0.0455592
13	0.0121163	0.0127296
14	0.0219881	0.0128402
15	0.0125376	0.0168003
16	0.0695978	0.0282189
17	0.00489619	0.00791031
18	0.00881413	0.00992875
19	0.01116	0.00882982
20	0.0112471	0.00920654
21	0.000962149	0.00232666
22	0.00116774	0.00254565
23	0.00111613	0.0023572
24	0.00124511	0.00277528
25	0	0
26	0	0
27	0	0
28	0	0
At locus 8
1	0.125038	0.0437684
2	0.0939836	0.0326419
3	0.125263	0.0381314
4	0.114018	0.0370409
5	0.24059	0.0547251
6	0.033938	0.0279258
7	0.00114187	0.00243449
8	0.0135594	0.0141685
9	0.0923622	0.0432582
10	0.0658201	0.0392006
11	0.00177947	0.00340791
12	0.0132393	0.0119079
13	0.00435107	0.00646327
14	0.0108023	0.0148114
15	0.0251792	0.0220119
16	0.0113904	0.0143697
17	0.0263374	0.0170631
18	0.00120683	0.0024605
19	0	0
20	0	0
21	0	0
22	0	0
23	0	0
24	0	0
25	0	0
26	0	0
27	0	0
28	0	0
At locus 9
1	0.278346	0.0551226
2	0.026958	0.0248056
3	0.245716	0.0519554
4	0.144016	0.04366
5	0.300232	0.0649976
6	0.00223476	0.00397974
7	0.0013172	0.00263171
8	0.00117893	0.00256893
9	0	0
10	0	0
11	0	0
12	0	0
13	0	0
14	0	0
15	0	0
16	0	0
17	0	0
18	0	0
19	0	0
20	0	0
21	0	0
22	0	0
23	0	0
24	0	0
25	0	0
26	0	0
27	0	0
28	0	0

In population 3
At locus 1
1	0.575575	0.0667081
2	0.039027	0.0316017
3	0.0484199	0.0292307
4	0.00155535	0.00489364
5	0.10027	0.0386758
6	0.00160412	0.00497299
7	0.00824344	0.0136328
8	0.00170622	0.00513665
9	0.0977981	0.0368038
10	0.119789	0.041412
11	0.00200166	0.00552233
12	0.00142822	0.00482205
13	0.0010033	0.00374821
14	0.00157962	0.00477699
15	0	0
16	0	0
17	0	0
18	0	0
19	0	0
20	0	0
21	0	0
22	0	0
23	0	0
24	0	0
25	0	0
26	0	0
27	0	0
28	0	0
At locus 2
1	0.650857	0.0658374
2	0.0396288	0.0303759
3	0.00223649	0.0058217
4	0.00644468	0.0106523
5	0.0733185	0.0362848
6	0.0015667	0.00475816
7	0.00126701	0.00474733
8	0.00332005	0.00754878
9	0.131443	0.0470847
10	0.00167919	0.00503435
11	0.079131	0.0337287
12	0.00183307	0.00537275
13	0.00127006	0.00429758
14	0.00222099	0.00624798
15	0.00188453	0.00605112
16	0.00189881	0.00530328
17	0	0
18	0	0
19	0	0
20	0	0
21	0	0
22	0	0
23	0	0
24	0	0
25	0	0
26	0	0
27	0	0
28	0	0
At locus 3
1	0.00466927	0.00958772
2	0.334974	0.0653089
3	0.197491	0.0527134
4	0.00301742	0.00700001
5	0.0049269	0.00958476
6	0.00219489	0.00576225
7	0.00155751	0.00468905
8	0.396053	0.0659842
9	0.0120642	0.0182488
10	0.00236979	0.00627614
11	0.00119983	0.00422933
12	0.00545995	0.0103884
13	0.0073043	0.011803
14	0.00160655	0.00489481
15	0.0201038	0.0218218
16	0.00219581	0.00583442
17	0.00124746	0.00435244
18	0.00156376	0.00478138
19	0	0
20	0	0
21	0	0
22	0	0
23	0	0
24	0	0
25	0	0
26	0	0
27	0	0
28	0	0
At locus 4
1	0.0058798	0.0106188
2	0.0209146	0.020784
3	0.234778	0.0575106
4	0.138311	0.0454983
5	0.00193769	0.00589904
6	0.0094728	0.0149328
7	0.0170781	0.0221545
8	0.00931027	0.0150356
9	0.141608	0.0449728
10	0.00269828	0.00757559
11	0.00505731	0.0109504
12	0.00688045	0.0117807
13	0.0677454	0.0366546
14	0.00674114	0.0132586
15	0.00603287	0.0103879
16	0.00319068	0.00996699
17	0.00171427	0.00524937
18	0.00198594	0.00580866
19	0.0852187	0.0408706
20	0.0028602	0.0070916
21	0.155226	0.0475052
22	0.00306589	0.00789193
23	0.00115419	0.00409707
24	0.00166526	0.00566684
25	0.0023515	0.00660405
26	0.00321658	0.00776636
27	0.0028284	0.00808691
28	0.0610767	0.0298531
At locus 5
1	0.00417496	0.00822557
2	0.0106319	0.0153652
3	0.00494282	0.00898158
4	0.0686083	0.0379239
5	0.0119092	0.0156084
6	0.126183	0.0455302
7	0.0121231	0.0169397
8	0.385613	0.064102
9	0.012165	0.0153017
10	0.203774	0.0535213
11	0.017379	0.0182209
12	0.140223	0.0450908
13	0.00227229	0.00596569
14	0	0
15	0	0
16	0	0
17	0	0
18	0	0
19	0	0
20	0	0
21	0	0
22	0	0
23	0	0
24	0	0
25	0	0
26	0	0
27	0	0
28	0	0
At locus 6
1	0.169305	0.0508395
2	0.04529	0.027702
3	0.0137943	0.0166358
4	0.00612721	0.0103555
5	0.00727667	0.0120089
6	0.13058	0.0436893
7	0.217858	0.0543937
8	0.112429	0.0430667
9	0.169694	0.050991
10	0.0106481	0.0167831
11	0.00361802	0.0079581
12	0.00262804	0.00644821
13	0.108873	0.0408992
14	0.000124027	0.00147179
15	0.00175496	0.00632267
16	0	0
17	0	0
18	0	0
19	0	0
20	0	0
21	0	0
22	0	0
23	0	0
24	0	0
25	0	0
26	0	0
27	0	0
28	0	0
At locus 7
1	0.0138767	0.0217818
2	0.0049389	0.00992755
3	0.15673	0.0526436
4	0.304562	0.0628322
5	0.247235	0.0579456
6	0.00131972	0.00444503
7	0.00176377	0.00522953
8	0.00291805	0.00674575
9	0.00181217	0.00502094
10	0.129711	0.0454147
11	0.0114889	0.0157824
12	0.0162027	0.0204375
13	0.00684036	0.0126502
14	0.00219998	0.00588788
15	0.00275122	0.00672252
16	0.083394	0.0369161
17	0.00162858	0.00530151
18	0.00178446	0.00533412
19	0.00176832	0.00546427
20	0.00182449	0.00535317
21	0.0011889	0.00437329
22	0.00149526	0.00503259
23	0.00150864	0.0048067
24	0.0010561	0.00420229
25	0	0
26	0	0
27	0	0
28	0	0
At locus 8
1	0.178072	0.0491791
2	0.128234	0.0438696
3	0.109392	0.0418294
4	0.0643358	0.0322173
5	0.275772	0.060045
6	0.0129549	0.0162083
7	0.0012966	0.00445748
8	0.0028731	0.00761832
9	0.0346675	0.0342638
10	0.131493	0.0435529
11	0.00149241	0.00466675
12	0.0026601	0.00631424
13	0.0033341	0.00817955
14	0.00339009	0.00829018
15	0.00263317	0.00643726
16	0.0442814	0.0306455
17	0.00140278	0.00477028
18	0.001715	0.00521983
19	0	0
20	0	0
21	0	0
22	0	0
23	0	0
24	0	0
25	0	0
26	0	0
27	0	0
28	0	0
At locus 9
1	0.358832	0.0637828
2	0.00983376	0.0170054
3	0.0269836	0.0236489
4	0.15004	0.0524794
5	0.406028	0.0662188
6	0.00181172	0.00587447
7	0.030525	0.0209887
8	0.0159467	0.0152718
9	0	0
10	0	0
11	0	0
12	0	0
13	0	0
14	0	0
15	0	0
16	0	0
17	0	0
18	0	0
19	0	0
20	0	0
21	0	0
22	0	0
23	0	0
24	0	0
25	0	0
26	0	0
27	0	0
28	0	0

In population 4
At locus 1
1	0.579663	0.0579553
2	0.184089	0.046454
3	0.0594242	0.0286679
4	0.00177057	0.00319625
5	0.0553366	0.034012
6	0.00156478	0.00298423
7	0.045519	0.0241777
8	0.00268267	0.00437025
9	0.0146012	0.0130563
10	0.024512	0.015643
11	0.0264617	0.0163512
12	0.00161008	0.0031071
13	0.00130599	0.00261811
14	0.00145991	0.00280253
15	0	0
16	0	0
17	0	0
18	0	0
19	0	0
20	0	0
21	0	0
22	0	0
23	0	0
24	0	0
25	0	0
26	0	0
27	0	0
28	0	0
At locus 2
1	0.296371	0.0589368
2	0.429279	0.0641154
3	0.00234267	0.00380428
4	0.0601608	0.0251363
5	0.079867	0.0406065
6	0.00195223	0.00349059
7	0.00151243	0.0029974
8	0.020002	0.0168683
9	0.0695565	0.0260319
10	0.0057876	0.00681972
11	0.00689679	0.00745086
12	0.00908176	0.00865139
13	0.00579288	0.00705819
14	0.0027284	0.0043458
15	0.00448694	0.00604625
16	0.00418199	0.00535791
17	0	0
18	0	0
19	0	0
20	0	0
21	0	0
22	0	0
23	0	0
24	0	0
25	0	0
26	0	0
27	0	0
28	0	0
At locus 3
1	0.0321015	0.0218891
2	0.386749	0.0664202
3	0.0719359	0.044267
4	0.00777598	0.00791239
5	0.0176199	0.0152925
6	0.00239742	0.00384446
7	0.00147313	0.00272935
8	0.264256	0.0530096
9	0.0373766	0.0249707
10	0.00525666	0.00851653
11	0.00177804	0.00335905
12	0.027762	0.0180123
13	0.109628	0.0382728
14	0.00263202	0.00436675
15	0.00944677	0.00909674
16	0.0161911	0.0122749
17	0.00163019	0.00319556
18	0.00398922	0.00517258
19	0	0
20	0	0
21	0	0
22	0	0
23	0	0
24	0	0
25	0	0
26	0	0
27	0	0
28	0	0
At locus 4
1	0.0776764	0.0322664
2	0.0632557	0.0260564
3	0.114941	0.0355275
4	0.0359559	0.0257581
5	0.00682623	0.00733207
6	0.0615482	0.0238306
7	0.0711236	0.0335045
8	0.0309909	0.0186697
9	0.0459919	0.0258613
10	0.0146433	0.0180384
11	0.00563896	0.00770994
12	0.114959	0.0373189
13	0.0804534	0.0408206
14	0.0311675	0.0207745
15	0.0376211	0.0234629
16	0.032112	0.0289973
17	0.00293958	0.00471866
18	0.00401821	0.00564856
19	0.0488812	0.033481
20	0.039196	0.0269606
21	0.0184129	0.0156519
22	0.0130655	0.0126256
23	0.00167229	0.00316687
24	0.0123175	0.0105849
25	0.0150409	0.0153425
26	0.012515	0.011249
27	0.00584118	0.00682268
28	0.00119506	0.00250902
At locus 5
1	0.0472144	0.0224681
2	0.0318172	0.0212309
3	0.0161007	0.0146023
4	0.120143	0.0421102
5	0.215884	0.0530114
6	0.157031	0.040907
7	0.049974	0.0297059
8	0.0513116	0.0275479
9	0.114369	0.0385333
10	0.090563	0.0364684
11	0.0794395	0.0311384
12	0.0100389	0.00972547
13	0.0161138	0.012584
14	0	0
15	0	0
16	0	0
17	0	0
18	0	0
19	0	0
20	0	0
21	0	0
22	0	0
23	0	0
24	0	0
25	0	0
26	0	0
27	0	0
28	0	0
At locus 6
1	0.120524	0.0396999
2	0.0209188	0.0160997
3	0.160795	0.0508681
4	0.0557846	0.0248885
5	0.063156	0.0393157
6	0.0797647	0.0282981
7	0.149416	0.0412764
8	0.112113	0.0400493
9	0.0621469	0.0301773
10	0.0938987	0.0347451
11	0.013533	0.0161329
12	0.00908667	0.0136576
13	0.0551356	0.0295074
14	0.000906413	0.00214597
15	0.00282084	0.00436011
16	0	0
17	0	0
18	0	0
19	0	0
20	0	0
21	0	0
22	0	0
23	0	0
24	0	0
25	0	0
26	0	0
27	0	0
28	0	0
At locus 7
1	0.0453979	0.0255816
2	0.0343438	0.0205038
3	0.233347	0.0774073
4	0.122602	0.0405568
5	0.0529864	0.0268824
6	0.00124366	0.00249096
7	0.00155748	0.00291547
8	0.0212436	0.0153797
9	0.00600037	0.00713272
10	0.0366681	0.0250462
11	0.0847295	0.037776
12	0.176428	0.048499
13	0.0315732	0.0176773
14	0.00627974	0.0088329
15	0.0675592	0.0240542
16	0.0286695	0.025466
17	0.0214565	0.0123058
18	0.0115135	0.0107096
19	0.00417122	0.00628306
20	0.0050361	0.00716738
21	0.00139936	0.00287029
22	0.00143743	0.00290553
23	0.00141541	0.00268717
24	0.00294154	0.00452737
25	0	0
26	0	0
27	0	0
28	0	0
At locus 8
1	0.125983	0.0427189
2	0.0355334	0.0263718
3	0.0801501	0.0360862
4	0.104983	0.0359169
5	0.131133	0.0515489
6	0.117597	0.03918
7	0.00133392	0.00267899
8	0.0222677	0.0160127
9	0.113803	0.0443491
10	0.0861947	0.0401615
11	0.00283842	0.00459568
12	0.0103183	0.0102512
13	0.0098065	0.00895808
14	0.048506	0.0210933
15	0.0371057	0.0236317
16	0.0582692	0.02248
17	0.0125739	0.0148032
18	0.00160228	0.0029715
19	0	0
20	0	0
21	0	0
22	0	0
23	0	0
24	0	0
25	0	0
26	0	0
27	0	0
28	0	0
At locus 9
1	0.293687	0.0569775
2	0.0789019	0.0311306
3	0.189501	0.0504126
4	0.0869359	0.0403252
5	0.346143	0.0669277
6	0.00203839	0.0035546
7	0.00145181	0.00284061
8	0.00134051	0.00270067
9	0	0
10	0	0
11	0	0
12	0	0
13	0	0
14	0	0
15	0	0
16	0	0
17	0	0
18	0	0
19	0	0
20	0	0
21	0	0
22	0	0
23	0	0
24	0	0
25	0	0
26	0	0
27	0	0
28	0	0


