Chain #7
Seed for random number generator: 7 51 43 1 13

Acceptance rates for chain #7 (%)
ptild: 28.8577
theta: 27.0689
p: 28.9949
F: 38.9201
Mt: 14.9907
nm: 37.7001
m: 43.7319

Migration rates
Into/From	1	2	3	4
1	0.398161	0.193551	0.0993466	0.308941
2	0.251899	0.469901	0.0338187	0.244381
3	1.61802e-008	1.62247e-008	1	1.62402e-008
4	0.236327	0.28158	0.100075	0.382018
Standard deviation
1	0.133964	0.0933988	0.0531644	0.145128
2	0.179452	0.0603587	0.0253367	0.161239
3	2.04022e-008	2.05844e-008	-1.#IND	2.06502e-008
4	0.167275	0.138029	0.0564913	0.213395

Inbreeding coefficients
Population	Mean	Sd
1	0.0454378	0.0388602
2	0.0306359	0.0273617
3	0.0104819	0.00964752
4	0.0474534	0.0415197

Allele frequencies	Mean	Sd
In population 1
At locus 1
1	0.587427	0.0760833
2	0.150879	0.0473927
3	0.0717188	0.0369371
4	0.010828	0.0139216
5	0.038483	0.0274508
6	0.00627549	0.00886848
7	0.0453442	0.0255399
8	0.00966915	0.0118427
9	0.0267335	0.0202236
10	0.018755	0.0159813
11	0.0161404	0.0150404
12	0.00566091	0.00857458
13	0.00612616	0.00871333
14	0.00595989	0.00834299
15	0	0
16	0	0
17	0	0
18	0	0
19	0	0
20	0	0
21	0	0
22	0	0
23	0	0
24	0	0
25	0	0
26	0	0
27	0	0
28	0	0
At locus 2
1	0.381349	0.0801328
2	0.333371	0.0976959
3	0.0178862	0.0205966
4	0.0524741	0.029541
5	0.0945535	0.0424353
6	0.00605719	0.00845478
7	0.00576088	0.00874425
8	0.0196393	0.0164076
9	0.032482	0.0250148
10	0.00743634	0.00944057
11	0.0103066	0.0110795
12	0.00975812	0.010568
13	0.00588802	0.00746513
14	0.00296633	0.0053771
15	0.00681388	0.00829908
16	0.013257	0.0154992
17	0	0
18	0	0
19	0	0
20	0	0
21	0	0
22	0	0
23	0	0
24	0	0
25	0	0
26	0	0
27	0	0
28	0	0
At locus 3
1	0.0343128	0.0232626
2	0.321031	0.0833221
3	0.0901144	0.0558339
4	0.0227647	0.0213484
5	0.043428	0.0282073
6	0.0187638	0.0217743
7	0.00643174	0.00895783
8	0.240608	0.0622851
9	0.0381687	0.0267858
10	0.0128803	0.0151866
11	0.00523703	0.00768498
12	0.0400393	0.0280039
13	0.078673	0.0424455
14	0.0101408	0.0119882
15	0.0135121	0.014371
16	0.0142421	0.0127408
17	0.00562363	0.00795135
18	0.00402832	0.00649213
19	0	0
20	0	0
21	0	0
22	0	0
23	0	0
24	0	0
25	0	0
26	0	0
27	0	0
28	0	0
At locus 4
1	0.0605247	0.0330207
2	0.0527897	0.0284351
3	0.0867849	0.0403981
4	0.03289	0.0238124
5	0.0100273	0.0106613
6	0.0684423	0.0362277
7	0.0917271	0.0395731
8	0.0353078	0.0234196
9	0.0466107	0.0257614
10	0.0291384	0.0266357
11	0.0176348	0.015384
12	0.074955	0.0392151
13	0.0675782	0.0378344
14	0.032049	0.0224613
15	0.0593201	0.0308092
16	0.0233777	0.0227624
17	0.0130932	0.0148249
18	0.00889612	0.00975498
19	0.0678541	0.044627
20	0.0289515	0.0248201
21	0.0240624	0.017363
22	0.0161213	0.0139348
23	0.0105782	0.012719
24	0.00821427	0.0105638
25	0.0117554	0.0132116
26	0.0123966	0.0119891
27	0.00616065	0.00809074
28	0.0027585	0.00502364
At locus 5
1	0.0344366	0.0238441
2	0.0484348	0.0266444
3	0.0500591	0.0325649
4	0.126437	0.0445493
5	0.125321	0.0604552
6	0.144098	0.0456505
7	0.0728577	0.0350202
8	0.0485663	0.0269908
9	0.115992	0.0424197
10	0.117677	0.0463646
11	0.0654902	0.032389
12	0.0391614	0.0362483
13	0.0114698	0.0118478
14	0	0
15	0	0
16	0	0
17	0	0
18	0	0
19	0	0
20	0	0
21	0	0
22	0	0
23	0	0
24	0	0
25	0	0
26	0	0
27	0	0
28	0	0
At locus 6
1	0.113471	0.0450687
2	0.0679672	0.0438057
3	0.149744	0.0614507
4	0.0559134	0.0282479
5	0.060562	0.0330817
6	0.0767576	0.0319458
7	0.0943113	0.044259
8	0.158817	0.0482907
9	0.0603295	0.030324
10	0.0605721	0.0335803
11	0.0292103	0.0245866
12	0.0200938	0.020692
13	0.0409872	0.0265648
14	0.00673365	0.00922246
15	0.00453018	0.00672102
16	0	0
17	0	0
18	0	0
19	0	0
20	0	0
21	0	0
22	0	0
23	0	0
24	0	0
25	0	0
26	0	0
27	0	0
28	0	0
At locus 7
1	0.0332732	0.0217214
2	0.035491	0.0220259
3	0.224568	0.0945278
4	0.118293	0.0419294
5	0.110385	0.0638065
6	0.0062725	0.00889554
7	0.00964505	0.0124031
8	0.0200769	0.0168872
9	0.0106872	0.0111961
10	0.0391937	0.0238406
11	0.104483	0.0438649
12	0.130176	0.0579632
13	0.0280405	0.01952
14	0.0125461	0.0131916
15	0.0309296	0.0292557
16	0.028495	0.026481
17	0.00990499	0.0113522
18	0.00964732	0.0103225
19	0.00827559	0.00938827
20	0.0072073	0.0086681
21	0.00598612	0.00854564
22	0.00575384	0.00829946
23	0.00538888	0.00773473
24	0.00528129	0.00746063
25	0	0
26	0	0
27	0	0
28	0	0
At locus 8
1	0.128465	0.0440942
2	0.0660928	0.0363255
3	0.0760454	0.0446817
4	0.125257	0.0447313
5	0.149407	0.0685184
6	0.138683	0.0682239
7	0.00633959	0.00865798
8	0.023886	0.017337
9	0.0836691	0.0402711
10	0.0541252	0.0360378
11	0.0097773	0.0117641
12	0.0256651	0.0225241
13	0.0127787	0.0134384
14	0.0256354	0.0225113
15	0.0219416	0.0203269
16	0.0312693	0.0224048
17	0.0150282	0.0156257
18	0.00593393	0.00866468
19	0	0
20	0	0
21	0	0
22	0	0
23	0	0
24	0	0
25	0	0
26	0	0
27	0	0
28	0	0
At locus 9
1	0.267693	0.0672838
2	0.0401545	0.0249513
3	0.226583	0.0549702
4	0.134356	0.0510284
5	0.313854	0.0655918
6	0.0104408	0.0127252
7	0.00351033	0.00591939
8	0.00340745	0.00575597
9	0	0
10	0	0
11	0	0
12	0	0
13	0	0
14	0	0
15	0	0
16	0	0
17	0	0
18	0	0
19	0	0
20	0	0
21	0	0
22	0	0
23	0	0
24	0	0
25	0	0
26	0	0
27	0	0
28	0	0

In population 2
At locus 1
1	0.612423	0.0584259
2	0.171254	0.0461886
3	0.0539417	0.028495
4	0.00137077	0.00291752
5	0.0654585	0.0334771
6	0.00161703	0.00325292
7	0.0450324	0.0245134
8	0.00188536	0.00364817
9	0.015682	0.0136285
10	0.0118453	0.0124589
11	0.0157609	0.0157566
12	0.0013005	0.00276254
13	0.00122747	0.00259196
14	0.00120091	0.00256471
15	0	0
16	0	0
17	0	0
18	0	0
19	0	0
20	0	0
21	0	0
22	0	0
23	0	0
24	0	0
25	0	0
26	0	0
27	0	0
28	0	0
At locus 2
1	0.399465	0.0845886
2	0.338167	0.0766431
3	0.00228575	0.00390936
4	0.0415641	0.0248735
5	0.127497	0.0446204
6	0.00181927	0.00354784
7	0.00154533	0.00326042
8	0.0291834	0.0183181
9	0.025787	0.0260522
10	0.00409495	0.00595768
11	0.00690443	0.00781854
12	0.00493635	0.00725283
13	0.00620209	0.00726548
14	0.00226162	0.0041089
15	0.00563853	0.0067927
16	0.00264861	0.00430112
17	0	0
18	0	0
19	0	0
20	0	0
21	0	0
22	0	0
23	0	0
24	0	0
25	0	0
26	0	0
27	0	0
28	0	0
At locus 3
1	0.0358331	0.0246617
2	0.376175	0.0692923
3	0.162898	0.0617749
4	0.00700148	0.00846542
5	0.0200139	0.0161934
6	0.00243703	0.00415428
7	0.0013827	0.00288167
8	0.186544	0.0589953
9	0.0592454	0.030012
10	0.0262841	0.0178366
11	0.00288765	0.00452579
12	0.016252	0.0146159
13	0.0829922	0.0407122
14	0.00263195	0.00452515
15	0.0047499	0.00623436
16	0.0087449	0.0108389
17	0.00150117	0.00313833
18	0.0024254	0.00434289
19	0	0
20	0	0
21	0	0
22	0	0
23	0	0
24	0	0
25	0	0
26	0	0
27	0	0
28	0	0
At locus 4
1	0.0375042	0.0302613
2	0.0341652	0.0255086
3	0.0609435	0.0384103
4	0.0398011	0.0265759
5	0.00562846	0.00702664
6	0.0325512	0.0249972
7	0.0911564	0.0379704
8	0.0165107	0.0159088
9	0.0411652	0.0262395
10	0.0447479	0.0294383
11	0.0145083	0.0120872
12	0.102506	0.0418335
13	0.0916029	0.0402351
14	0.0251182	0.0197794
15	0.0613056	0.0300496
16	0.0553191	0.0286096
17	0.00303634	0.00505761
18	0.00348369	0.00525892
19	0.113706	0.0492696
20	0.0405213	0.0271169
21	0.0247975	0.017009
22	0.0127309	0.0131965
23	0.00175578	0.00321198
24	0.00619101	0.00998944
25	0.0228905	0.0169705
26	0.0114197	0.0114944
27	0.00377569	0.00585109
28	0.00115762	0.00263924
At locus 5
1	0.0247801	0.0232536
2	0.047244	0.0278469
3	0.0281273	0.020027
4	0.129946	0.0444119
5	0.172198	0.058801
6	0.127497	0.0422804
7	0.0576653	0.0304972
8	0.0595938	0.0280023
9	0.137213	0.0422985
10	0.11761	0.0432066
11	0.0756053	0.032257
12	0.00829184	0.00868063
13	0.0142278	0.0129867
14	0	0
15	0	0
16	0	0
17	0	0
18	0	0
19	0	0
20	0	0
21	0	0
22	0	0
23	0	0
24	0	0
25	0	0
26	0	0
27	0	0
28	0	0
At locus 6
1	0.137729	0.0412695
2	0.0282572	0.0204048
3	0.226991	0.0564688
4	0.0342655	0.0236767
5	0.0753004	0.0374187
6	0.0527953	0.0281412
7	0.0718533	0.0466586
8	0.12787	0.0408227
9	0.0519985	0.0289725
10	0.0426719	0.0323797
11	0.0513828	0.0285656
12	0.044174	0.0247327
13	0.0508581	0.0296604
14	0.00141455	0.00275937
15	0.00243844	0.00420613
16	0	0
17	0	0
18	0	0
19	0	0
20	0	0
21	0	0
22	0	0
23	0	0
24	0	0
25	0	0
26	0	0
27	0	0
28	0	0
At locus 7
1	0.0195482	0.0166459
2	0.0180209	0.018323
3	0.358914	0.0891689
4	0.117754	0.0406022
5	0.0413846	0.0250748
6	0.00116011	0.00250048
7	0.00138677	0.00284957
8	0.0135187	0.0150246
9	0.00503486	0.00695061
10	0.0291057	0.0226316
11	0.0723566	0.0367238
12	0.147665	0.047801
13	0.0174578	0.0143458
14	0.0201391	0.0146232
15	0.0248707	0.0302856
16	0.0665723	0.0311976
17	0.00985407	0.0122537
18	0.0104266	0.0110045
19	0.00871518	0.00944927
20	0.0109722	0.00964502
21	0.00139439	0.00298462
22	0.00123144	0.00271027
23	0.000957371	0.00242822
24	0.00155923	0.0032895
25	0	0
26	0	0
27	0	0
28	0	0
At locus 8
1	0.130895	0.044672
2	0.0767264	0.0382837
3	0.11768	0.0462991
4	0.118194	0.0374798
5	0.22633	0.0703938
6	0.0458324	0.0446468
7	0.00133858	0.00267708
8	0.0145958	0.0146859
9	0.0804536	0.0391271
10	0.0721409	0.0439509
11	0.00192472	0.00374938
12	0.0125868	0.0119843
13	0.00511503	0.00724385
14	0.0191831	0.022324
15	0.0295128	0.0244237
16	0.0207266	0.0227086
17	0.0255272	0.0182349
18	0.00123694	0.0026372
19	0	0
20	0	0
21	0	0
22	0	0
23	0	0
24	0	0
25	0	0
26	0	0
27	0	0
28	0	0
At locus 9
1	0.27917	0.0566933
2	0.0330719	0.0241673
3	0.236892	0.0515953
4	0.1258	0.0472294
5	0.319706	0.0657102
6	0.00252996	0.00432839
7	0.0014081	0.00276352
8	0.00142185	0.00288777
9	0	0
10	0	0
11	0	0
12	0	0
13	0	0
14	0	0
15	0	0
16	0	0
17	0	0
18	0	0
19	0	0
20	0	0
21	0	0
22	0	0
23	0	0
24	0	0
25	0	0
26	0	0
27	0	0
28	0	0

In population 3
At locus 1
1	0.55872	0.0568741
2	0.097538	0.0346022
3	0.0513208	0.0248708
4	0.00146373	0.0039966
5	0.0809828	0.0296213
6	0.00129923	0.00354299
7	0.0228814	0.0174691
8	0.0015367	0.00438827
9	0.0771111	0.0287743
10	0.101018	0.0329929
11	0.00234947	0.00517437
12	0.00134128	0.00389855
13	0.00126902	0.00387115
14	0.00116846	0.00340345
15	0	0
16	0	0
17	0	0
18	0	0
19	0	0
20	0	0
21	0	0
22	0	0
23	0	0
24	0	0
25	0	0
26	0	0
27	0	0
28	0	0
At locus 2
1	0.596319	0.0558918
2	0.100583	0.0380571
3	0.00206649	0.00472546
4	0.0234745	0.0177512
5	0.083958	0.0318164
6	0.00149587	0.00388854
7	0.00086847	0.00347597
8	0.00431156	0.00754594
9	0.115991	0.0358024
10	0.00234748	0.00556906
11	0.059695	0.0247977
12	0.00227282	0.00513972
13	0.00165645	0.00423943
14	0.000196507	0.00170605
15	0.00261879	0.00593974
16	0.00214523	0.00486643
17	0	0
18	0	0
19	0	0
20	0	0
21	0	0
22	0	0
23	0	0
24	0	0
25	0	0
26	0	0
27	0	0
28	0	0
At locus 3
1	0.00567662	0.00951413
2	0.333516	0.055466
3	0.174364	0.0429367
4	0.00338674	0.00667779
5	0.00592493	0.00926644
6	0.00202962	0.00480503
7	0.00136809	0.0037763
8	0.35622	0.0565671
9	0.0306022	0.0190606
10	0.00264057	0.00599382
11	0.00157515	0.00416756
12	0.0239904	0.0186001
13	0.0257812	0.0190399
14	0.00201158	0.00487993
15	0.0252805	0.0165467
16	0.0027068	0.00578882
17	0.00134973	0.00403596
18	0.00157643	0.00466228
19	0	0
20	0	0
21	0	0
22	0	0
23	0	0
24	0	0
25	0	0
26	0	0
27	0	0
28	0	0
At locus 4
1	0.00782167	0.0111815
2	0.0239225	0.0186533
3	0.211929	0.0488156
4	0.10932	0.0348981
5	0.00251484	0.00561837
6	0.0129997	0.015733
7	0.0513351	0.0283163
8	0.0127427	0.0149226
9	0.110885	0.0341481
10	0.00438955	0.00871668
11	0.00538997	0.0101188
12	0.0382671	0.0242824
13	0.0845533	0.0308049
14	0.00802154	0.0123411
15	0.00849315	0.0119499
16	0.0395595	0.0211861
17	0.00202644	0.00520976
18	0.00181608	0.00493491
19	0.0847209	0.0321467
20	0.00414211	0.00763282
21	0.117244	0.0362289
22	0.00395184	0.00805582
23	0.00170837	0.00425161
24	0.000263752	0.00201853
25	0.0027253	0.00592596
26	0.00351368	0.00697715
27	0.00247307	0.00611702
28	0.0432697	0.0214207
At locus 5
1	0.00477777	0.00790562
2	0.0199839	0.0157535
3	0.00598277	0.00902949
4	0.0721003	0.0332061
5	0.0655684	0.0301443
6	0.145428	0.0401304
7	0.0131928	0.015324
8	0.305961	0.0523426
9	0.0313577	0.0210996
10	0.195515	0.0447597
11	0.0217286	0.0163909
12	0.115578	0.0364695
13	0.00282624	0.00598529
14	0	0
15	0	0
16	0	0
17	0	0
18	0	0
19	0	0
20	0	0
21	0	0
22	0	0
23	0	0
24	0	0
25	0	0
26	0	0
27	0	0
28	0	0
At locus 6
1	0.149436	0.0413448
2	0.0425654	0.0247444
3	0.0332503	0.0218541
4	0.00790327	0.0108759
5	0.0234355	0.0178092
6	0.115997	0.0358703
7	0.209311	0.0463008
8	0.110948	0.0372754
9	0.149739	0.0411605
10	0.0509736	0.0251767
11	0.00418409	0.00720369
12	0.00313234	0.00632986
13	0.0939273	0.0336579
14	0.00155417	0.00400698
15	0.00364336	0.00725762
16	0	0
17	0	0
18	0	0
19	0	0
20	0	0
21	0	0
22	0	0
23	0	0
24	0	0
25	0	0
26	0	0
27	0	0
28	0	0
At locus 7
1	0.0460888	0.0243845
2	0.00811376	0.0127187
3	0.180781	0.0465074
4	0.278858	0.0519636
5	0.210411	0.0479836
6	0.00125767	0.00380897
7	0.00150635	0.00414471
8	0.00329559	0.00661251
9	0.00189715	0.00472981
10	0.104644	0.0355449
11	0.0134153	0.0148652
12	0.0430448	0.0271262
13	0.0168483	0.0142338
14	0.00243236	0.00556313
15	0.00365867	0.00670847
16	0.0703975	0.0287713
17	0.00243398	0.00594596
18	0.00206155	0.00493848
19	0.00146227	0.00414147
20	0.00204714	0.00499229
21	0.00145643	0.00397328
22	0.00127227	0.00391264
23	0.0010928	0.00351206
24	0.00152301	0.00424014
25	0	0
26	0	0
27	0	0
28	0	0
At locus 8
1	0.146271	0.0389448
2	0.111055	0.0361133
3	0.127467	0.0378116
4	0.0746496	0.0305143
5	0.24158	0.0491621
6	0.0162872	0.0169311
7	0.00138144	0.00389002
8	0.00445918	0.00821871
9	0.0999515	0.0340017
10	0.108008	0.0337049
11	0.00182398	0.00467835
12	0.00351283	0.00652637
13	0.00342423	0.00697417
14	0.00448255	0.0083843
15	0.00355773	0.0065449
16	0.0487243	0.0248912
17	0.00202918	0.00488553
18	0.00133435	0.00367731
19	0	0
20	0	0
21	0	0
22	0	0
23	0	0
24	0	0
25	0	0
26	0	0
27	0	0
28	0	0
At locus 9
1	0.32659	0.0545432
2	0.0619842	0.0271477
3	0.0737912	0.031135
4	0.151232	0.042964
5	0.349283	0.0547349
6	0.00287378	0.00591452
7	0.0224152	0.0153082
8	0.0118307	0.011135
9	0	0
10	0	0
11	0	0
12	0	0
13	0	0
14	0	0
15	0	0
16	0	0
17	0	0
18	0	0
19	0	0
20	0	0
21	0	0
22	0	0
23	0	0
24	0	0
25	0	0
26	0	0
27	0	0
28	0	0

In population 4
At locus 1
1	0.5544	0.0662384
2	0.158976	0.0474633
3	0.0763999	0.0338958
4	0.0110495	0.0125606
5	0.0471614	0.0284042
6	0.00675341	0.00842468
7	0.0438061	0.0237837
8	0.00946782	0.0106863
9	0.0246814	0.0191666
10	0.0236175	0.0162188
11	0.0236936	0.0165452
12	0.00634761	0.00767805
13	0.00669485	0.0083324
14	0.00695046	0.00864037
15	0	0
16	0	0
17	0	0
18	0	0
19	0	0
20	0	0
21	0	0
22	0	0
23	0	0
24	0	0
25	0	0
26	0	0
27	0	0
28	0	0
At locus 2
1	0.329873	0.0757007
2	0.34668	0.109623
3	0.0177152	0.0184361
4	0.064295	0.0268594
5	0.0882718	0.0368408
6	0.00660804	0.00807812
7	0.00508637	0.00670801
8	0.0227566	0.0167677
9	0.0509067	0.0264033
10	0.00929992	0.00973395
11	0.0115317	0.0111107
12	0.0124246	0.010467
13	0.00770546	0.00809877
14	0.00436463	0.00585987
15	0.00765873	0.00850178
16	0.0148225	0.0142708
17	0	0
18	0	0
19	0	0
20	0	0
21	0	0
22	0	0
23	0	0
24	0	0
25	0	0
26	0	0
27	0	0
28	0	0
At locus 3
1	0.0320599	0.0214242
2	0.340091	0.0861784
3	0.0775195	0.0388425
4	0.0224913	0.0189503
5	0.0363217	0.0253021
6	0.0189721	0.0196539
7	0.0072156	0.00869127
8	0.242282	0.0529817
9	0.0308957	0.0214072
10	0.0103833	0.0125304
11	0.00598479	0.00754643
12	0.0367232	0.0256676
13	0.0845349	0.0428159
14	0.00989037	0.0111433
15	0.0148669	0.013878
16	0.0164621	0.0123645
17	0.00727279	0.00872328
18	0.00603318	0.00689212
19	0	0
20	0	0
21	0	0
22	0	0
23	0	0
24	0	0
25	0	0
26	0	0
27	0	0
28	0	0
At locus 4
1	0.0701065	0.030766
2	0.0586982	0.0251508
3	0.100494	0.0357157
4	0.0388227	0.0239483
5	0.0123817	0.0100097
6	0.0742711	0.0280328
7	0.0738217	0.0333107
8	0.0373854	0.0203351
9	0.0500467	0.0251958
10	0.0186616	0.0174176
11	0.0138357	0.0142923
12	0.0824229	0.0418178
13	0.0541148	0.0305838
14	0.0394834	0.0212764
15	0.0503663	0.0273407
16	0.0247802	0.0198931
17	0.0124126	0.0128381
18	0.00749426	0.00846905
19	0.0490988	0.0295267
20	0.0295966	0.023443
21	0.02419	0.0179372
22	0.0150627	0.0131593
23	0.010589	0.0115788
24	0.0109763	0.0108892
25	0.0134951	0.013291
26	0.0147533	0.0119546
27	0.00860889	0.00848698
28	0.00402977	0.00596223
At locus 5
1	0.0443706	0.0240149
2	0.0383341	0.0233748
3	0.0379986	0.0302907
4	0.113025	0.0403447
5	0.159017	0.0708744
6	0.153309	0.0430878
7	0.0665466	0.0324818
8	0.0507359	0.0261485
9	0.109963	0.0380739
10	0.106147	0.0451051
11	0.0717503	0.0323258
12	0.034961	0.0312858
13	0.0138425	0.0121931
14	0	0
15	0	0
16	0	0
17	0	0
18	0	0
19	0	0
20	0	0
21	0	0
22	0	0
23	0	0
24	0	0
25	0	0
26	0	0
27	0	0
28	0	0
At locus 6
1	0.112566	0.0398499
2	0.0551546	0.0419768
3	0.136659	0.048433
4	0.0591822	0.0254403
5	0.0669731	0.0332811
6	0.0786135	0.0283791
7	0.114037	0.0416258
8	0.138838	0.0471801
9	0.0642472	0.0290613
10	0.0755498	0.0303894
11	0.0212256	0.0179754
12	0.0137678	0.013522
13	0.0499124	0.0271592
14	0.00724744	0.00853366
15	0.00602611	0.00722067
16	0	0
17	0	0
18	0	0
19	0	0
20	0	0
21	0	0
22	0	0
23	0	0
24	0	0
25	0	0
26	0	0
27	0	0
28	0	0
At locus 7
1	0.040485	0.0213056
2	0.0338205	0.0206854
3	0.208673	0.0693946
4	0.120395	0.0399614
5	0.0980707	0.0571791
6	0.00655015	0.00803198
7	0.0102699	0.0117826
8	0.0233923	0.0164073
9	0.0115627	0.0106202
10	0.0380612	0.0224477
11	0.0880951	0.0387151
12	0.132936	0.0559338
13	0.0317566	0.0185847
14	0.0112171	0.0120421
15	0.0488435	0.032488
16	0.0268815	0.0204724
17	0.0166546	0.0126777
18	0.0116202	0.0107885
19	0.00723143	0.00857069
20	0.00730967	0.00863663
21	0.00680305	0.00813914
22	0.00652147	0.00813423
23	0.00647437	0.00845747
24	0.00637428	0.00728922
25	0	0
26	0	0
27	0	0
28	0	0
At locus 8
1	0.116957	0.0408092
2	0.0535784	0.0329705
3	0.0601847	0.0303962
4	0.121675	0.0427507
5	0.125547	0.0444743
6	0.135145	0.0487439
7	0.00720777	0.00875134
8	0.0263359	0.0164371
9	0.0908538	0.0386857
10	0.0743944	0.041425
11	0.00995725	0.0106761
12	0.0256697	0.021209
13	0.0164054	0.0129595
14	0.0389652	0.0234334
15	0.0321832	0.0227904
16	0.0455121	0.0224306
17	0.0127901	0.0132135
18	0.00663736	0.00824014
19	0	0
20	0	0
21	0	0
22	0	0
23	0	0
24	0	0
25	0	0
26	0	0
27	0	0
28	0	0
At locus 9
1	0.259325	0.0653516
2	0.0558758	0.0251147
3	0.220267	0.0531211
4	0.120703	0.0511085
5	0.324743	0.0639725
6	0.0104639	0.0116696
7	0.00435275	0.0060795
8	0.00427019	0.00606331
9	0	0
10	0	0
11	0	0
12	0	0
13	0	0
14	0	0
15	0	0
16	0	0
17	0	0
18	0	0
19	0	0
20	0	0
21	0	0
22	0	0
23	0	0
24	0	0
25	0	0
26	0	0
27	0	0
28	0	0


