Chain #2
Seed for random number generator: 2 51 43 1 13

Acceptance rates for chain #2 (%)
ptild: 30.9383
theta: 31.9612
p: 29.5597
F: 35.9949
Mt: 11.6287
nm: 28.5171
m: 48.5857

Migration rates
Into/From	1	2	3	4
1	0.47668	0.25985	0.0391295	0.224341
2	0.0553512	0.453713	0.00987323	0.481063
3	0.0152523	0.0418139	0.840521	0.102413
4	1.84808e-007	1.83576e-007	1.83521e-007	0.999999
Standard deviation
1	0.0742967	0.0801528	0.03164	0.0804288
2	0.0279726	0.0510791	0.00935279	0.0510987
3	0.0156118	0.0377507	0.0512163	0.0491403
4	3.4728e-007	3.45335e-007	3.38458e-007	6.96938e-007

Inbreeding coefficients
Population	Mean	Sd
1	0.0589667	0.0454605
2	0.0373131	0.0321845
3	0.0128968	0.0123077
4	0.0114109	0.00983224

Allele frequencies	Mean	Sd
In population 1
At locus 1
1	0.537024	0.0644252
2	0.128291	0.0459875
3	0.0885458	0.0350632
4	0.0255495	0.0160392
5	0.0320071	0.0223736
6	0.0126972	0.0112421
7	0.0371929	0.0246095
8	0.0195045	0.0145593
9	0.0415837	0.0247718
10	0.0266137	0.0200782
11	0.0110938	0.012085
12	0.01263	0.0113629
13	0.0131493	0.0112253
14	0.0141179	0.0114054
15	0	0
16	0	0
17	0	0
18	0	0
19	0	0
20	0	0
21	0	0
22	0	0
23	0	0
24	0	0
25	0	0
26	0	0
27	0	0
28	0	0
At locus 2
1	0.414758	0.0677076
2	0.242249	0.0621076
3	0.0418058	0.0205707
4	0.0639461	0.0283177
5	0.0858383	0.039927
6	0.0117912	0.0116548
7	0.0125629	0.0117227
8	0.0211983	0.0173764
9	0.0209004	0.0174591
10	0.00892616	0.0101792
11	0.016139	0.014544
12	0.0107787	0.0119353
13	0.00623022	0.00847627
14	0.00734471	0.0093498
15	0.00936619	0.0108445
16	0.0261659	0.0161022
17	0	0
18	0	0
19	0	0
20	0	0
21	0	0
22	0	0
23	0	0
24	0	0
25	0	0
26	0	0
27	0	0
28	0	0
At locus 3
1	0.0312062	0.0229513
2	0.252684	0.0626796
3	0.0811405	0.0368889
4	0.0430692	0.0220423
5	0.0634983	0.0284781
6	0.0431764	0.0213786
7	0.0143252	0.0115812
8	0.255779	0.0565836
9	0.0257736	0.020903
10	0.00988937	0.0123508
11	0.00919103	0.0102018
12	0.0516719	0.0264827
13	0.047705	0.0295125
14	0.0184893	0.0144458
15	0.0230191	0.0161802
16	0.0113024	0.0130773
17	0.0121468	0.0111855
18	0.00593226	0.00772919
19	0	0
20	0	0
21	0	0
22	0	0
23	0	0
24	0	0
25	0	0
26	0	0
27	0	0
28	0	0
At locus 4
1	0.0461514	0.0268124
2	0.0616091	0.0287793
3	0.0993575	0.0375343
4	0.0321633	0.0223825
5	0.0167663	0.0127874
6	0.0936649	0.0333638
7	0.0744378	0.0385265
8	0.0444224	0.0246898
9	0.0452371	0.0266487
10	0.0129031	0.0142239
11	0.0276404	0.0192789
12	0.049007	0.0289874
13	0.0552361	0.0306588
14	0.0386288	0.023231
15	0.0694851	0.0311766
16	0.018201	0.0157499
17	0.0261701	0.0172992
18	0.0142742	0.0125903
19	0.0536765	0.0293589
20	0.0161107	0.0154281
21	0.0299431	0.0194831
22	0.0141992	0.0141115
23	0.0230368	0.0147585
24	0.00938425	0.0111285
25	0.00912881	0.0105296
26	0.00701362	0.00982725
27	0.00699992	0.00878235
28	0.00515177	0.00734306
At locus 5
1	0.0380957	0.0244846
2	0.0445112	0.0252744
3	0.0768752	0.0358458
4	0.124076	0.0453225
5	0.0605225	0.0336821
6	0.129434	0.0450515
7	0.0947456	0.0385654
8	0.0448802	0.0274769
9	0.0920738	0.0414082
10	0.138963	0.0483805
11	0.0508853	0.0304683
12	0.0943486	0.0354942
13	0.0105883	0.0120426
14	0	0
15	0	0
16	0	0
17	0	0
18	0	0
19	0	0
20	0	0
21	0	0
22	0	0
23	0	0
24	0	0
25	0	0
26	0	0
27	0	0
28	0	0
At locus 6
1	0.0973727	0.0415596
2	0.11672	0.0386536
3	0.109849	0.0428892
4	0.0636197	0.0297558
5	0.0442674	0.0276492
6	0.0861712	0.0329116
7	0.0912331	0.0358255
8	0.17559	0.0484525
9	0.0536921	0.0294154
10	0.0621737	0.0320011
11	0.0252144	0.0194532
12	0.0200086	0.0160515
13	0.0367162	0.0239889
14	0.0141031	0.0113351
15	0.00326905	0.0064732
16	0	0
17	0	0
18	0	0
19	0	0
20	0	0
21	0	0
22	0	0
23	0	0
24	0	0
25	0	0
26	0	0
27	0	0
28	0	0
At locus 7
1	0.0329548	0.0222242
2	0.0372346	0.0238776
3	0.158528	0.0534981
4	0.120914	0.0402687
5	0.188436	0.0494822
6	0.0129027	0.0109894
7	0.0223387	0.0143761
8	0.0204646	0.0179046
9	0.0160149	0.0144611
10	0.0451132	0.0265901
11	0.108452	0.0415154
12	0.0771677	0.0371007
13	0.0351148	0.0220579
14	0.0151403	0.0136814
15	0.0127739	0.0134638
16	0.0217378	0.017229
17	0.00742255	0.0091768
18	0.00821117	0.0100404
19	0.00729957	0.00953376
20	0.00749732	0.00954535
21	0.0121304	0.0108952
22	0.0130566	0.0114108
23	0.013582	0.0112764
24	0.00551234	0.00761211
25	0	0
26	0	0
27	0	0
28	0	0
At locus 8
1	0.122084	0.0435552
2	0.0653151	0.0331698
3	0.0632719	0.0322567
4	0.156975	0.0440205
5	0.123957	0.0445229
6	0.186745	0.0511586
7	0.0141274	0.0115242
8	0.0263122	0.0188565
9	0.0393025	0.032129
10	0.0384254	0.0247151
11	0.0194981	0.0143986
12	0.0445335	0.0231939
13	0.0151374	0.0133281
14	0.0150268	0.0144808
15	0.0136281	0.0138474
16	0.0309903	0.0190879
17	0.0115527	0.0123004
18	0.0131172	0.0112912
19	0	0
20	0	0
21	0	0
22	0	0
23	0	0
24	0	0
25	0	0
26	0	0
27	0	0
28	0	0
At locus 9
1	0.238434	0.0579614
2	0.0278987	0.0207224
3	0.246656	0.0539255
4	0.154956	0.0484853
5	0.29946	0.0619132
6	0.0215724	0.0150692
7	0.00553152	0.00756965
8	0.00549167	0.00744944
9	0	0
10	0	0
11	0	0
12	0	0
13	0	0
14	0	0
15	0	0
16	0	0
17	0	0
18	0	0
19	0	0
20	0	0
21	0	0
22	0	0
23	0	0
24	0	0
25	0	0
26	0	0
27	0	0
28	0	0

In population 2
At locus 1
1	0.652113	0.0533581
2	0.147504	0.0432933
3	0.0382449	0.0229568
4	0.00175672	0.00322742
5	0.0493777	0.0293415
6	0.00204682	0.00376627
7	0.0463625	0.024282
8	0.0029942	0.00496244
9	0.0250656	0.0168545
10	0.0180127	0.0152436
11	0.0119142	0.0127802
12	0.00174658	0.00337089
13	0.00128069	0.0027319
14	0.00157971	0.00313788
15	0	0
16	0	0
17	0	0
18	0	0
19	0	0
20	0	0
21	0	0
22	0	0
23	0	0
24	0	0
25	0	0
26	0	0
27	0	0
28	0	0
At locus 2
1	0.440145	0.0594286
2	0.307688	0.0601528
3	0.0024889	0.004115
4	0.0251999	0.0182079
5	0.150377	0.0440165
6	0.00278359	0.00458166
7	0.00235088	0.00415979
8	0.0198987	0.0157986
9	0.00989821	0.0109797
10	0.00268237	0.0044725
11	0.00981158	0.00947569
12	0.00416844	0.00601545
13	0.00766699	0.00810718
14	0.00346372	0.00521718
15	0.00880831	0.00819744
16	0.00256893	0.00398565
17	0	0
18	0	0
19	0	0
20	0	0
21	0	0
22	0	0
23	0	0
24	0	0
25	0	0
26	0	0
27	0	0
28	0	0
At locus 3
1	0.0599152	0.0261612
2	0.353579	0.0657757
3	0.147011	0.0430851
4	0.00747462	0.00911339
5	0.0257086	0.016484
6	0.00230889	0.00418213
7	0.00164002	0.00318912
8	0.162104	0.043979
9	0.0848004	0.0289357
10	0.0364861	0.0160198
11	0.00361393	0.00547466
12	0.0133539	0.0127939
13	0.0771075	0.0366406
14	0.00363186	0.00593421
15	0.00504598	0.00663226
16	0.0127101	0.0132971
17	0.00180936	0.00346688
18	0.00169988	0.00323926
19	0	0
20	0	0
21	0	0
22	0	0
23	0	0
24	0	0
25	0	0
26	0	0
27	0	0
28	0	0
At locus 4
1	0.0337305	0.0239168
2	0.0323309	0.0234286
3	0.0496843	0.025746
4	0.0420327	0.0250592
5	0.00671721	0.00764419
6	0.0228671	0.0170568
7	0.114234	0.0399189
8	0.0143961	0.0138956
9	0.0434581	0.0247688
10	0.0748127	0.0235624
11	0.0189671	0.013293
12	0.0815077	0.0340597
13	0.104894	0.0366248
14	0.015602	0.0142586
15	0.0594199	0.0288661
16	0.030226	0.0217359
17	0.00372793	0.00596717
18	0.00492373	0.00632513
19	0.12983	0.0353439
20	0.0237504	0.0186033
21	0.0210894	0.015905
22	0.0255467	0.0148214
23	0.00181642	0.00330011
24	0.00978107	0.0111788
25	0.0216663	0.0181523
26	0.00916964	0.010755
27	0.00236363	0.00420283
28	0.00145428	0.00293036
At locus 5
1	0.0202593	0.0181576
2	0.0751712	0.0246674
3	0.0393208	0.0220382
4	0.116151	0.0413574
5	0.110686	0.0420906
6	0.12098	0.0367343
7	0.0677323	0.0314816
8	0.0692168	0.0306137
9	0.131784	0.0396117
10	0.143239	0.0397175
11	0.0757417	0.0317029
12	0.0120802	0.011362
13	0.0176373	0.0144882
14	0	0
15	0	0
16	0	0
17	0	0
18	0	0
19	0	0
20	0	0
21	0	0
22	0	0
23	0	0
24	0	0
25	0	0
26	0	0
27	0	0
28	0	0
At locus 6
1	0.163579	0.0395887
2	0.0396969	0.0216038
3	0.211422	0.04958
4	0.0372499	0.0228754
5	0.0593808	0.0338495
6	0.0566791	0.0251405
7	0.0511458	0.0301813
8	0.145537	0.0397255
9	0.0561601	0.027278
10	0.0301767	0.0251525
11	0.0735959	0.023198
12	0.0427021	0.021231
13	0.0298045	0.0218716
14	0.0016728	0.00305184
15	0.00119833	0.00261091
16	0	0
17	0	0
18	0	0
19	0	0
20	0	0
21	0	0
22	0	0
23	0	0
24	0	0
25	0	0
26	0	0
27	0	0
28	0	0
At locus 7
1	0.0167129	0.0156388
2	0.0334035	0.0207973
3	0.342786	0.0610959
4	0.0990154	0.0374895
5	0.0586795	0.0275494
6	0.00122973	0.00266506
7	0.00160418	0.00309345
8	0.0125011	0.0137263
9	0.00836622	0.00908189
10	0.0494283	0.0232592
11	0.0632804	0.0303399
12	0.175723	0.0438751
13	0.0151111	0.0136279
14	0.0186509	0.0130808
15	0.00776161	0.00999089
16	0.0450026	0.0240213
17	0.004181	0.00678217
18	0.0150578	0.0119974
19	0.01295	0.0104364
20	0.0124028	0.0105621
21	0.00141191	0.0029627
22	0.00172291	0.00331015
23	0.00147117	0.00299835
24	0.00154595	0.00289962
25	0	0
26	0	0
27	0	0
28	0	0
At locus 8
1	0.16005	0.0448666
2	0.0879595	0.032581
3	0.131518	0.036721
4	0.100934	0.0357538
5	0.220709	0.0481805
6	0.034876	0.0240344
7	0.00159944	0.0030681
8	0.013301	0.0128197
9	0.104034	0.0451241
10	0.0569773	0.0330333
11	0.00224936	0.00422509
12	0.0109853	0.0113024
13	0.00367153	0.00540293
14	0.00664677	0.00896471
15	0.0115963	0.0136478
16	0.0185686	0.0153028
17	0.0325882	0.0175655
18	0.00173659	0.00330566
19	0	0
20	0	0
21	0	0
22	0	0
23	0	0
24	0	0
25	0	0
26	0	0
27	0	0
28	0	0
At locus 9
1	0.312377	0.0528568
2	0.0193005	0.0187372
3	0.218777	0.0480661
4	0.171882	0.0441891
5	0.27161	0.0595017
6	0.00300871	0.00511394
7	0.00150323	0.0030493
8	0.00154059	0.00303144
9	0	0
10	0	0
11	0	0
12	0	0
13	0	0
14	0	0
15	0	0
16	0	0
17	0	0
18	0	0
19	0	0
20	0	0
21	0	0
22	0	0
23	0	0
24	0	0
25	0	0
26	0	0
27	0	0
28	0	0

In population 3
At locus 1
1	0.557177	0.0681634
2	0.0376358	0.0314628
3	0.0502585	0.0304011
4	0.00151382	0.00501989
5	0.108015	0.0406089
6	0.00132485	0.0044752
7	0.00776197	0.01321
8	0.00160278	0.00519226
9	0.105714	0.0396178
10	0.122055	0.0422588
11	0.00251879	0.00634501
12	0.00166308	0.00509433
13	0.00111606	0.00424101
14	0.00164391	0.00518761
15	0	0
16	0	0
17	0	0
18	0	0
19	0	0
20	0	0
21	0	0
22	0	0
23	0	0
24	0	0
25	0	0
26	0	0
27	0	0
28	0	0
At locus 2
1	0.651465	0.0659797
2	0.0322001	0.0264024
3	0.00189181	0.00560315
4	0.00639164	0.0107024
5	0.0780247	0.0381702
6	0.00160758	0.00518256
7	0.00212323	0.00628055
8	0.00295437	0.00681045
9	0.127179	0.045678
10	0.00180417	0.00550191
11	0.0850234	0.0353707
12	0.00212382	0.00572664
13	0.00116854	0.00430196
14	0.00144512	0.00538996
15	0.0022052	0.00641576
16	0.00239172	0.00606965
17	0	0
18	0	0
19	0	0
20	0	0
21	0	0
22	0	0
23	0	0
24	0	0
25	0	0
26	0	0
27	0	0
28	0	0
At locus 3
1	0.00423823	0.00927568
2	0.337685	0.06562
3	0.201371	0.0545571
4	0.00273171	0.00693748
5	0.00543472	0.010061
6	0.00150981	0.00496145
7	0.00158174	0.00497886
8	0.389159	0.0654679
9	0.0137008	0.0198711
10	0.00175908	0.00607034
11	0.00179894	0.00545562
12	0.00465806	0.00946705
13	0.00736076	0.0117776
14	0.00163517	0.00538791
15	0.0210379	0.023329
16	0.001452	0.00527463
17	0.00130747	0.0044601
18	0.00157913	0.0048968
19	0	0
20	0	0
21	0	0
22	0	0
23	0	0
24	0	0
25	0	0
26	0	0
27	0	0
28	0	0
At locus 4
1	0.00550583	0.010415
2	0.0215563	0.0208179
3	0.218306	0.0567516
4	0.147323	0.046781
5	0.00218906	0.00645561
6	0.00839557	0.0138473
7	0.013979	0.0198059
8	0.0109763	0.0160247
9	0.146936	0.0475525
10	0.00302531	0.0079119
11	0.00345069	0.00928938
12	0.00705978	0.0115074
13	0.0787146	0.0399824
14	0.00454382	0.00962181
15	0.0062633	0.0109071
16	0.00732408	0.0140712
17	0.00168945	0.00534214
18	0.00240491	0.00663794
19	0.075106	0.0387279
20	0.00323827	0.00782839
21	0.152911	0.0468963
22	0.00280958	0.00804197
23	0.00176734	0.00558087
24	0.00216934	0.00597944
25	0.00251539	0.00719679
26	0.00108799	0.00494529
27	0.00173236	0.00523047
28	0.0670197	0.0323032
At locus 5
1	0.00442066	0.00862487
2	0.0137735	0.0178087
3	0.00506453	0.00926833
4	0.0622696	0.034193
5	0.0111803	0.0147719
6	0.123562	0.0450274
7	0.00986732	0.0143634
8	0.387023	0.065924
9	0.011911	0.0151883
10	0.206364	0.0546362
11	0.0177857	0.01936
12	0.144277	0.0474145
13	0.00250148	0.00659237
14	0	0
15	0	0
16	0	0
17	0	0
18	0	0
19	0	0
20	0	0
21	0	0
22	0	0
23	0	0
24	0	0
25	0	0
26	0	0
27	0	0
28	0	0
At locus 6
1	0.170744	0.0504942
2	0.0448065	0.0279252
3	0.014429	0.0166574
4	0.00638673	0.0110829
5	0.00750595	0.0125204
6	0.136106	0.0447295
7	0.227401	0.0555887
8	0.10656	0.042289
9	0.156223	0.0497872
10	0.0104315	0.0170188
11	0.0034689	0.00797237
12	0.00328567	0.00758996
13	0.109673	0.0410877
14	0.00153004	0.00507604
15	0.00144769	0.00493056
16	0	0
17	0	0
18	0	0
19	0	0
20	0	0
21	0	0
22	0	0
23	0	0
24	0	0
25	0	0
26	0	0
27	0	0
28	0	0
At locus 7
1	0.0154075	0.0222892
2	0.00464964	0.00992279
3	0.14619	0.0508393
4	0.302677	0.0644244
5	0.247985	0.0594414
6	0.000613333	0.00331665
7	0.00100902	0.00404657
8	0.00307496	0.00737834
9	0.00239873	0.00636685
10	0.139845	0.0485998
11	0.0109049	0.0153241
12	0.0125743	0.0164329
13	0.00807388	0.0141433
14	0.00274644	0.00662819
15	0.00283188	0.00736492
16	0.086405	0.0389948
17	0.00192376	0.00572244
18	0.00159734	0.00528239
19	0.00127153	0.00468829
20	0.00199474	0.00579317
21	0.000970881	0.00419742
22	0.00175382	0.00543675
23	0.00145108	0.00487912
24	0.00164975	0.00524502
25	0	0
26	0	0
27	0	0
28	0	0
At locus 8
1	0.19178	0.0519081
2	0.125747	0.0441471
3	0.108173	0.0416821
4	0.0657727	0.0325867
5	0.267689	0.0596471
6	0.0117638	0.0150452
7	0.00168594	0.00528525
8	0.00374828	0.00840036
9	0.0193503	0.0313367
10	0.144723	0.0473
11	0.00133614	0.00495459
12	0.00334955	0.00741055
13	0.00239309	0.00609545
14	0.00271737	0.00668938
15	0.00249559	0.00631252
16	0.0433236	0.0288609
17	0.00237177	0.00632409
18	0.00158031	0.00505503
19	0	0
20	0	0
21	0	0
22	0	0
23	0	0
24	0	0
25	0	0
26	0	0
27	0	0
28	0	0
At locus 9
1	0.361256	0.0648191
2	0.0095985	0.0166711
3	0.0282836	0.0247937
4	0.146629	0.0521447
5	0.400896	0.0669422
6	0.00218132	0.00630499
7	0.0336621	0.0234824
8	0.0174937	0.0168836
9	0	0
10	0	0
11	0	0
12	0	0
13	0	0
14	0	0
15	0	0
16	0	0
17	0	0
18	0	0
19	0	0
20	0	0
21	0	0
22	0	0
23	0	0
24	0	0
25	0	0
26	0	0
27	0	0
28	0	0

In population 4
At locus 1
1	0.569958	0.040361
2	0.18945	0.0326732
3	0.0710072	0.0196221
4	0.00163859	0.00273143
5	0.0588715	0.0219393
6	0.00150138	0.00264733
7	0.0452197	0.0174016
8	0.00210849	0.0034324
9	0.010147	0.00908366
10	0.0209147	0.0118025
11	0.0249012	0.0116563
12	0.00184726	0.00305774
13	0.00102727	0.00208962
14	0.00140713	0.00242834
15	0	0
16	0	0
17	0	0
18	0	0
19	0	0
20	0	0
21	0	0
22	0	0
23	0	0
24	0	0
25	0	0
26	0	0
27	0	0
28	0	0
At locus 2
1	0.322548	0.0413309
2	0.398083	0.0433945
3	0.00212546	0.00319672
4	0.0607392	0.0174014
5	0.0803955	0.0282684
6	0.0018732	0.00299323
7	0.00176411	0.0028997
8	0.0256741	0.0124717
9	0.0666892	0.0170974
10	0.00765297	0.00564762
11	0.0059129	0.00605218
12	0.0104475	0.00681283
13	0.00455786	0.00530019
14	0.00235189	0.00355478
15	0.0030692	0.00433201
16	0.00611527	0.00501189
17	0	0
18	0	0
19	0	0
20	0	0
21	0	0
22	0	0
23	0	0
24	0	0
25	0	0
26	0	0
27	0	0
28	0	0
At locus 3
1	0.0148041	0.0137893
2	0.393599	0.0474836
3	0.108869	0.0298408
4	0.00781279	0.00688782
5	0.0192034	0.0106121
6	0.00177494	0.00307429
7	0.00153076	0.00254418
8	0.260987	0.0351503
9	0.0221573	0.0168536
10	0.00353361	0.00550581
11	0.00229377	0.0034638
12	0.0312561	0.0127407
13	0.101188	0.0272832
14	0.00192263	0.00335902
15	0.0104694	0.00755113
16	0.0113143	0.00978422
17	0.00199284	0.00326314
18	0.00529067	0.00455649
19	0	0
20	0	0
21	0	0
22	0	0
23	0	0
24	0	0
25	0	0
26	0	0
27	0	0
28	0	0
At locus 4
1	0.069728	0.0200039
2	0.0501902	0.0181732
3	0.113766	0.0238436
4	0.0382488	0.0173025
5	0.00591369	0.00597793
6	0.0585152	0.0170329
7	0.0735137	0.0257084
8	0.0297304	0.0128267
9	0.0483271	0.0182588
10	0.00666554	0.0092929
11	0.00479425	0.00618487
12	0.110498	0.0263305
13	0.063128	0.0252889
14	0.0366275	0.0137188
15	0.0445903	0.0183056
16	0.0526352	0.0179423
17	0.00290336	0.00418179
18	0.00347172	0.00448976
19	0.0597888	0.0225216
20	0.0462059	0.0161916
21	0.0271695	0.0125516
22	0.00541466	0.00728681
23	0.00163738	0.00264849
24	0.00999388	0.00844435
25	0.0138439	0.0122081
26	0.0135711	0.00880475
27	0.00796281	0.00572249
28	0.00116459	0.00217718
At locus 5
1	0.0415702	0.0160105
2	0.0212885	0.0127371
3	0.0138314	0.0115684
4	0.127909	0.0294876
5	0.222082	0.0339603
6	0.166267	0.0294987
7	0.0451112	0.0198422
8	0.0621233	0.0218743
9	0.118228	0.0279505
10	0.0919379	0.0256135
11	0.0724582	0.0230904
12	0.00730477	0.00716261
13	0.00988831	0.00954866
14	0	0
15	0	0
16	0	0
17	0	0
18	0	0
19	0	0
20	0	0
21	0	0
22	0	0
23	0	0
24	0	0
25	0	0
26	0	0
27	0	0
28	0	0
At locus 6
1	0.107427	0.0262046
2	0.0212121	0.0121898
3	0.168387	0.0342638
4	0.0464551	0.0172853
5	0.0806893	0.0255113
6	0.0711699	0.019348
7	0.134082	0.0270875
8	0.118889	0.0270139
9	0.0726754	0.0205659
10	0.0818366	0.0227311
11	0.00794291	0.00904974
12	0.0173154	0.012654
13	0.065823	0.0191641
14	0.00141887	0.00235617
15	0.00467653	0.00422587
16	0	0
17	0	0
18	0	0
19	0	0
20	0	0
21	0	0
22	0	0
23	0	0
24	0	0
25	0	0
26	0	0
27	0	0
28	0	0
At locus 7
1	0.0448064	0.0156364
2	0.0212842	0.01297
3	0.26794	0.0432801
4	0.14347	0.0293956
5	0.0514806	0.0192603
6	0.000965093	0.00200788
7	0.00127217	0.00235938
8	0.0210831	0.0121298
9	0.00518608	0.00588678
10	0.0240801	0.0144739
11	0.0876937	0.0234135
12	0.136522	0.0306664
13	0.0264712	0.0126341
14	0.0113726	0.00838995
15	0.0609444	0.0159879
16	0.0509122	0.018534
17	0.0186957	0.00904844
18	0.00700427	0.00753819
19	0.00421139	0.00555194
20	0.00494974	0.00628502
21	0.00148666	0.00268315
22	0.00177285	0.00297297
23	0.00125318	0.00236524
24	0.00514307	0.00449853
25	0	0
26	0	0
27	0	0
28	0	0
At locus 8
1	0.0982277	0.0297818
2	0.053349	0.0207683
3	0.0807873	0.0245152
4	0.112811	0.0261813
5	0.164583	0.0322735
6	0.103425	0.0236094
7	0.0013757	0.00236209
8	0.02278	0.0108095
9	0.100916	0.0318333
10	0.0858083	0.0251359
11	0.00239493	0.00369372
12	0.0132869	0.00841778
13	0.012966	0.0073148
14	0.0458452	0.01363
15	0.0430268	0.0145063
16	0.046637	0.0153797
17	0.0101936	0.0101252
18	0.00158652	0.00270485
19	0	0
20	0	0
21	0	0
22	0	0
23	0	0
24	0	0
25	0	0
26	0	0
27	0	0
28	0	0
At locus 9
1	0.264572	0.0383676
2	0.0747692	0.0194362
3	0.212467	0.0348348
4	0.0835843	0.0266523
5	0.360105	0.0439575
6	0.00177632	0.00285943
7	0.001361	0.0025205
8	0.0013643	0.00240307
9	0	0
10	0	0
11	0	0
12	0	0
13	0	0
14	0	0
15	0	0
16	0	0
17	0	0
18	0	0
19	0	0
20	0	0
21	0	0
22	0	0
23	0	0
24	0	0
25	0	0
26	0	0
27	0	0
28	0	0


