Chain #9
Seed for random number generator: 9 51 52 8 11

Acceptance rates for chain #9 (%)
ptild: 25.7857
theta: 30.8224
p: 30.5209
F: 38.5488
Mt: 12.7887
nm: 27.8664
m: 51.8736

Migration rates
Into/From	1	2	3	4	5
1	0.380735	0.200792	0.326946	0.0565157	0.0350109
2	9.419e-009	1	9.38492e-009	9.33256e-009	9.44241e-009
3	0.0548966	0.111746	0.0808797	0.537961	0.214516
4	0.0289892	0.0198357	0.0527344	0.599095	0.299346
5	2.96116e-009	2.96934e-009	2.93587e-009	2.96394e-009	1
Standard deviation
1	0.0535587	0.0482112	0.0538039	0.0322639	0.0247811
2	7.26411e-009	6.91741e-007	7.2715e-009	7.18571e-009	7.31612e-009
3	0.0490184	0.0728884	0.073091	0.0963813	0.0950424
4	0.0270436	0.0180325	0.0332843	0.0627555	0.0622306
5	2.29459e-009	2.29316e-009	2.29422e-009	2.28762e-009	4.28003e-007

Inbreeding coefficients
Population	Mean	Sd
1	0.0746829	0.0752952
2	0.070909	0.0248625
3	0.197413	0.108257
4	0.088933	0.0350903
5	0.047796	0.0258005

Allele frequencies	Mean	Sd
In population 1
At locus 1
1	0.046367	0.0225814
2	0.0509238	0.0243409
3	0.142548	0.0454407
4	0.0416675	0.0223286
5	0.0364123	0.0206597
6	0.0408715	0.021535
7	0.026844	0.0184913
8	0.0381154	0.0197846
9	0.0679751	0.0278363
10	0.00842296	0.00924495
11	0.0334972	0.0200443
12	0.104805	0.0363236
13	0.0324282	0.0176422
14	0.0381951	0.0215343
15	0.0103498	0.0101411
16	0.0343619	0.0178122
17	0.0675646	0.0278811
18	0.0178895	0.0122354
19	0.00814206	0.00734323
20	0.0298078	0.0181346
21	0.0100509	0.00958674
22	0.035996	0.0197396
23	0.0301109	0.0190518
24	0.0246674	0.0161937
25	0.0116183	0.0113242
26	0.00729581	0.00787007
27	0.00307173	0.0051681
28	0	0
29	0	0
30	0	0
31	0	0
32	0	0
33	0	0
34	0	0
At locus 2
1	0.138671	0.0366457
2	0.114476	0.0360222
3	0.155266	0.0384294
4	0.111012	0.0346414
5	0.0316259	0.0177322
6	0.123745	0.0360066
7	0.0243694	0.0163372
8	0.0430304	0.0231419
9	0.0193473	0.0137805
10	0.00497843	0.00675732
11	0.0635826	0.0265881
12	0.00373835	0.00533262
13	0.00410499	0.00590601
14	0.0284136	0.0177703
15	0.0374514	0.0210274
16	0.00508607	0.00615631
17	0.0237305	0.0168061
18	0.010714	0.00987918
19	0.00485445	0.00610986
20	0.0125006	0.0107374
21	0.00563094	0.00703444
22	0.00849799	0.0084793
23	0.003021	0.00499195
24	0.0027451	0.00428866
25	0.00262154	0.00420694
26	0.00345335	0.00486232
27	0.0037227	0.0050742
28	0.00287506	0.00437998
29	0.00250841	0.00405643
30	0.00422468	0.00534634
31	0	0
32	0	0
33	0	0
34	0	0
At locus 3
1	0.260923	0.0458118
2	0.287917	0.0499171
3	0.385847	0.0530552
4	0.046943	0.0229608
5	0.0134424	0.0117177
6	0.0023771	0.00398638
7	0.00255188	0.00383269
8	0	0
9	0	0
10	0	0
11	0	0
12	0	0
13	0	0
14	0	0
15	0	0
16	0	0
17	0	0
18	0	0
19	0	0
20	0	0
21	0	0
22	0	0
23	0	0
24	0	0
25	0	0
26	0	0
27	0	0
28	0	0
29	0	0
30	0	0
31	0	0
32	0	0
33	0	0
34	0	0
At locus 4
1	0.184889	0.0409335
2	0.214705	0.0454076
3	0.430475	0.053756
4	0.0626097	0.0261392
5	0.00949543	0.00925682
6	0.081006	0.0289053
7	0.0168198	0.0133326
8	0	0
9	0	0
10	0	0
11	0	0
12	0	0
13	0	0
14	0	0
15	0	0
16	0	0
17	0	0
18	0	0
19	0	0
20	0	0
21	0	0
22	0	0
23	0	0
24	0	0
25	0	0
26	0	0
27	0	0
28	0	0
29	0	0
30	0	0
31	0	0
32	0	0
33	0	0
34	0	0
At locus 5
1	0.851713	0.0464127
2	0.0236862	0.0156137
3	0.0245735	0.0169901
4	0.00213683	0.00375406
5	0.043203	0.0243933
6	0.0107328	0.0105564
7	0.00547169	0.0069182
8	0.0236274	0.0162723
9	0.00656743	0.00704785
10	0.00491013	0.0062697
11	0.00168423	0.0035242
12	0.00169388	0.00312613
13	0	0
14	0	0
15	0	0
16	0	0
17	0	0
18	0	0
19	0	0
20	0	0
21	0	0
22	0	0
23	0	0
24	0	0
25	0	0
26	0	0
27	0	0
28	0	0
29	0	0
30	0	0
31	0	0
32	0	0
33	0	0
34	0	0
At locus 6
1	0.357519	0.0530052
2	0.328585	0.0519123
3	0.0595577	0.0253353
4	0.0448594	0.0216
5	0.0596887	0.0244757
6	0.0224662	0.015824
7	0.0602386	0.0246029
8	0.00891293	0.00897351
9	0.0124636	0.0117243
10	0.038116	0.0204514
11	0.00759243	0.00860998
12	0	0
13	0	0
14	0	0
15	0	0
16	0	0
17	0	0
18	0	0
19	0	0
20	0	0
21	0	0
22	0	0
23	0	0
24	0	0
25	0	0
26	0	0
27	0	0
28	0	0
29	0	0
30	0	0
31	0	0
32	0	0
33	0	0
34	0	0
At locus 7
1	0.128837	0.0366902
2	0.0575784	0.0265364
3	0.142245	0.0406662
4	0.0336741	0.0203158
5	0.185748	0.0410877
6	0.22218	0.0454086
7	0.0793597	0.0304998
8	0.0875777	0.0307226
9	0.00952624	0.00923522
10	0.00697083	0.00781287
11	0.0300209	0.0183668
12	0.0096211	0.00897722
13	0.00345907	0.00535516
14	0.00217673	0.00417879
15	0.00102584	0.00240442
16	0	0
17	0	0
18	0	0
19	0	0
20	0	0
21	0	0
22	0	0
23	0	0
24	0	0
25	0	0
26	0	0
27	0	0
28	0	0
29	0	0
30	0	0
31	0	0
32	0	0
33	0	0
34	0	0
At locus 8
1	0.154446	0.0414061
2	0.230139	0.0461585
3	0.046572	0.0214432
4	0.024741	0.0176591
5	0.123937	0.0362297
6	0.157978	0.0401383
7	0.0609488	0.0291039
8	0.0181625	0.0142272
9	0.0373185	0.0207593
10	0.019367	0.0139091
11	0.00451363	0.005931
12	0.0242674	0.015679
13	0.0439842	0.020822
14	0.0139126	0.0118477
15	0.0114597	0.0101172
16	0.00826899	0.00914617
17	0.00607324	0.0076403
18	0.00368745	0.00509302
19	0.00513401	0.00638015
20	0.00508793	0.00606847
21	0	0
22	0	0
23	0	0
24	0	0
25	0	0
26	0	0
27	0	0
28	0	0
29	0	0
30	0	0
31	0	0
32	0	0
33	0	0
34	0	0
At locus 9
1	0.196428	0.0454301
2	0.230486	0.045274
3	0.190269	0.0429562
4	0.189744	0.051527
5	0.0272744	0.0171153
6	0.0943184	0.0321277
7	0.00838612	0.00929859
8	0.0544461	0.0250325
9	0.00247391	0.00427474
10	0.0017755	0.00332583
11	0.0020598	0.00373199
12	0.00233911	0.00403347
13	0	0
14	0	0
15	0	0
16	0	0
17	0	0
18	0	0
19	0	0
20	0	0
21	0	0
22	0	0
23	0	0
24	0	0
25	0	0
26	0	0
27	0	0
28	0	0
29	0	0
30	0	0
31	0	0
32	0	0
33	0	0
34	0	0
At locus 10
1	0.00522327	0.00655561
2	0.0693169	0.028921
3	0.061282	0.028058
4	0.075673	0.029837
5	0.0612695	0.0262497
6	0.0293101	0.0174426
7	0.0600293	0.0257322
8	0.0233443	0.0163681
9	0.0233718	0.0167937
10	0.056904	0.0265726
11	0.0892201	0.032433
12	0.02685	0.0181042
13	0.0901616	0.0328302
14	0.0126478	0.0116505
15	0.0472141	0.0218373
16	0.029647	0.0188561
17	0.061495	0.0268317
18	0.00242573	0.00390582
19	0.0248707	0.0155155
20	0.0209916	0.0147163
21	0.0132259	0.0120275
22	0.0034366	0.0048313
23	0.0175496	0.013657
24	0.00357773	0.00499074
25	0.00496641	0.0063106
26	0.0135244	0.0115375
27	0.00536696	0.0067093
28	0.0153938	0.0119602
29	0.014298	0.012405
30	0.0174922	0.013092
31	0.00772563	0.00843402
32	0.00731488	0.00792719
33	0.00280768	0.00425056
34	0.00207241	0.00349185

In population 2
At locus 1
1	0.0759594	0.0247425
2	0.103888	0.0304088
3	0.0366787	0.0209204
4	0.126401	0.0321679
5	0.0694304	0.0254817
6	0.0193981	0.0155293
7	0.0126341	0.0132522
8	0.0369896	0.0180555
9	0.124525	0.0313167
10	0.0285339	0.0148534
11	0.014134	0.0128767
12	0.121293	0.0329529
13	0.0259446	0.0142711
14	0.0491339	0.0219486
15	0.00728893	0.00898175
16	0.0389871	0.01726
17	0.013949	0.0132713
18	0.008128	0.0094292
19	0.00180098	0.00349344
20	0.0192109	0.0148959
21	0.00471901	0.00622498
22	0.0166749	0.0142986
23	0.00920421	0.0104469
24	0.00799427	0.00862921
25	0.0194244	0.0136074
26	0.00335409	0.00555352
27	0.00432125	0.00668592
28	0	0
29	0	0
30	0	0
31	0	0
32	0	0
33	0	0
34	0	0
At locus 2
1	0.187611	0.0379417
2	0.050217	0.0235157
3	0.0833242	0.0314697
4	0.0929394	0.0286717
5	0.0232374	0.0153099
6	0.206287	0.0393962
7	0.0218029	0.0146655
8	0.0920991	0.028629
9	0.0038107	0.00564723
10	0.00334614	0.00614521
11	0.0308675	0.0167255
12	0.00316614	0.00532309
13	0.0038959	0.00612454
14	0.00858402	0.0102075
15	0.0319299	0.0208547
16	0.0127825	0.00933448
17	0.0570047	0.0224865
18	0.0155857	0.0110621
19	0.00503633	0.00655542
20	0.0030228	0.00537657
21	0.00594229	0.00835477
22	0.00273093	0.00472157
23	0.00207062	0.00391936
24	0.00149437	0.0030423
25	0.00212114	0.00401084
26	0.00245679	0.00408005
27	0.00150797	0.00326934
28	0.00181945	0.00369569
29	0.0218792	0.0114273
30	0.0214268	0.0115312
31	0	0
32	0	0
33	0	0
34	0	0
At locus 3
1	0.358395	0.0475569
2	0.250136	0.0451095
3	0.355549	0.0489416
4	0.0281524	0.0175047
5	0.0041297	0.00600039
6	0.00152949	0.00307901
7	0.00210896	0.00367397
8	0	0
9	0	0
10	0	0
11	0	0
12	0	0
13	0	0
14	0	0
15	0	0
16	0	0
17	0	0
18	0	0
19	0	0
20	0	0
21	0	0
22	0	0
23	0	0
24	0	0
25	0	0
26	0	0
27	0	0
28	0	0
29	0	0
30	0	0
31	0	0
32	0	0
33	0	0
34	0	0
At locus 4
1	0.118104	0.031572
2	0.166426	0.0398358
3	0.568128	0.0489988
4	0.0768489	0.0254116
5	0.00504012	0.0069929
6	0.0576509	0.0242716
7	0.00780215	0.00876851
8	0	0
9	0	0
10	0	0
11	0	0
12	0	0
13	0	0
14	0	0
15	0	0
16	0	0
17	0	0
18	0	0
19	0	0
20	0	0
21	0	0
22	0	0
23	0	0
24	0	0
25	0	0
26	0	0
27	0	0
28	0	0
29	0	0
30	0	0
31	0	0
32	0	0
33	0	0
34	0	0
At locus 5
1	0.716063	0.0424948
2	0.0429621	0.0185659
3	0.0105521	0.0116547
4	0.0021018	0.00397764
5	0.145603	0.032697
6	0.00893291	0.0104618
7	0.00501028	0.00717157
8	0.0516589	0.0204443
9	0.00191111	0.00373374
10	0.00174586	0.00345685
11	0.00103462	0.00269079
12	0.0124247	0.00849867
13	0	0
14	0	0
15	0	0
16	0	0
17	0	0
18	0	0
19	0	0
20	0	0
21	0	0
22	0	0
23	0	0
24	0	0
25	0	0
26	0	0
27	0	0
28	0	0
29	0	0
30	0	0
31	0	0
32	0	0
33	0	0
34	0	0
At locus 6
1	0.300499	0.0454919
2	0.343986	0.0458392
3	0.137182	0.0324816
4	0.0517727	0.0210748
5	0.0509445	0.0194123
6	0.0244962	0.0153233
7	0.032385	0.0177096
8	0.0342165	0.0156656
9	0.00860537	0.00945511
10	0.0106666	0.0107133
11	0.0052454	0.00746144
12	0	0
13	0	0
14	0	0
15	0	0
16	0	0
17	0	0
18	0	0
19	0	0
20	0	0
21	0	0
22	0	0
23	0	0
24	0	0
25	0	0
26	0	0
27	0	0
28	0	0
29	0	0
30	0	0
31	0	0
32	0	0
33	0	0
34	0	0
At locus 7
1	0.198748	0.0380286
2	0.0508185	0.0234231
3	0.0714485	0.0266623
4	0.0917714	0.0275406
5	0.0862745	0.0295252
6	0.220242	0.0429002
7	0.0563644	0.0262848
8	0.0872938	0.0267638
9	0.00541051	0.00729234
10	0.00360358	0.00555123
11	0.113864	0.0282059
12	0.00387718	0.00644089
13	0.00182848	0.00371585
14	0.00187153	0.00382735
15	0.00658327	0.00610149
16	0	0
17	0	0
18	0	0
19	0	0
20	0	0
21	0	0
22	0	0
23	0	0
24	0	0
25	0	0
26	0	0
27	0	0
28	0	0
29	0	0
30	0	0
31	0	0
32	0	0
33	0	0
34	0	0
At locus 8
1	0.0482393	0.0235333
2	0.296329	0.0433872
3	0.0345027	0.0179853
4	0.0151782	0.0132603
5	0.0813021	0.0299575
6	0.124763	0.0345736
7	0.0300709	0.0194986
8	0.0939793	0.0258182
9	0.070325	0.0240319
10	0.0274464	0.0144839
11	0.00289487	0.00490691
12	0.0467083	0.0183223
13	0.0355067	0.0178545
14	0.0185369	0.0127112
15	0.00551946	0.00789611
16	0.0508935	0.0192818
17	0.00284846	0.00494674
18	0.00196612	0.00357716
19	0.00270541	0.00466971
20	0.0102851	0.00809351
21	0	0
22	0	0
23	0	0
24	0	0
25	0	0
26	0	0
27	0	0
28	0	0
29	0	0
30	0	0
31	0	0
32	0	0
33	0	0
34	0	0
At locus 9
1	0.215093	0.0413612
2	0.287196	0.0427277
3	0.179267	0.0372339
4	0.0789905	0.0297212
5	0.0380638	0.0185208
6	0.124875	0.0316627
7	0.0278249	0.0149185
8	0.0424672	0.0202067
9	0.00209039	0.00401149
10	0.00122293	0.00302523
11	0.00159485	0.00340356
12	0.00131428	0.00277972
13	0	0
14	0	0
15	0	0
16	0	0
17	0	0
18	0	0
19	0	0
20	0	0
21	0	0
22	0	0
23	0	0
24	0	0
25	0	0
26	0	0
27	0	0
28	0	0
29	0	0
30	0	0
31	0	0
32	0	0
33	0	0
34	0	0
At locus 10
1	0.00324066	0.00556352
2	0.140065	0.0334096
3	0.0968115	0.0286013
4	0.0964521	0.0293443
5	0.023009	0.016228
6	0.0473881	0.0195138
7	0.0841165	0.0260547
8	0.0379576	0.0175086
9	0.0463119	0.0213633
10	0.0602903	0.0237426
11	0.0171331	0.015638
12	0.0889207	0.0270241
13	0.0144073	0.0133679
14	0.0182287	0.0124876
15	0.0133204	0.0119718
16	0.0200253	0.016412
17	0.0825417	0.0276989
18	0.010911	0.00848667
19	0.0200204	0.0132793
20	0.00611065	0.00851752
21	0.00702524	0.00892867
22	0.00299007	0.00491419
23	0.0039533	0.00637331
24	0.00190203	0.0035812
25	0.00253662	0.00461377
26	0.00461385	0.00666929
27	0.00311798	0.00507002
28	0.0156755	0.0112847
29	0.00579039	0.00744115
30	0.00435483	0.00641934
31	0.00378208	0.00614787
32	0.00520383	0.00714354
33	0.0102472	0.00823535
34	0.0015456	0.00308224

In population 3
At locus 1
1	0.0495065	0.0203879
2	0.0577068	0.0225949
3	0.0705642	0.0356214
4	0.0499815	0.0211639
5	0.0481273	0.0203477
6	0.0457144	0.0195718
7	0.0246994	0.0156087
8	0.0471089	0.018925
9	0.0863157	0.0274911
10	0.0140106	0.00997215
11	0.039866	0.0181863
12	0.0736953	0.03003
13	0.0321711	0.0158751
14	0.0536921	0.0210972
15	0.0165269	0.0104425
16	0.0399361	0.0172764
17	0.0412386	0.022728
18	0.0166069	0.0108458
19	0.00678996	0.00617549
20	0.0374469	0.0175012
21	0.0155615	0.0101744
22	0.0368563	0.0175946
23	0.032459	0.0171409
24	0.0287254	0.0150941
25	0.0185529	0.011754
26	0.0104864	0.00772366
27	0.00565311	0.00581395
28	0	0
29	0	0
30	0	0
31	0	0
32	0	0
33	0	0
34	0	0
At locus 2
1	0.134441	0.0334266
2	0.0959292	0.031546
3	0.136079	0.0340125
4	0.100756	0.0311663
5	0.0240383	0.0141672
6	0.137602	0.0333185
7	0.0283363	0.0147089
8	0.0461275	0.0208684
9	0.0174705	0.0120368
10	0.0104158	0.00792146
11	0.0343073	0.0202918
12	0.00824797	0.00666427
13	0.00753986	0.00655814
14	0.0239279	0.0144479
15	0.0512579	0.0200311
16	0.0085462	0.00718585
17	0.0305684	0.0156285
18	0.0171497	0.0105037
19	0.00714585	0.00634285
20	0.0103122	0.00874196
21	0.00906402	0.00743577
22	0.00969186	0.00763743
23	0.00883942	0.00659153
24	0.00553428	0.00526338
25	0.00540297	0.00512916
26	0.00687069	0.00642756
27	0.00532701	0.00512883
28	0.00489451	0.00484708
29	0.00486036	0.00514999
30	0.00931505	0.00767501
31	0	0
32	0	0
33	0	0
34	0	0
At locus 3
1	0.258502	0.0424487
2	0.266806	0.0450591
3	0.406314	0.0491846
4	0.0363365	0.018583
5	0.0196489	0.0114889
6	0.00687525	0.00575371
7	0.00551714	0.00541629
8	0	0
9	0	0
10	0	0
11	0	0
12	0	0
13	0	0
14	0	0
15	0	0
16	0	0
17	0	0
18	0	0
19	0	0
20	0	0
21	0	0
22	0	0
23	0	0
24	0	0
25	0	0
26	0	0
27	0	0
28	0	0
29	0	0
30	0	0
31	0	0
32	0	0
33	0	0
34	0	0
At locus 4
1	0.172951	0.0373513
2	0.195391	0.0405409
3	0.45672	0.049711
4	0.0708821	0.023905
5	0.0118478	0.00871749
6	0.0685117	0.0248971
7	0.023696	0.0132115
8	0	0
9	0	0
10	0	0
11	0	0
12	0	0
13	0	0
14	0	0
15	0	0
16	0	0
17	0	0
18	0	0
19	0	0
20	0	0
21	0	0
22	0	0
23	0	0
24	0	0
25	0	0
26	0	0
27	0	0
28	0	0
29	0	0
30	0	0
31	0	0
32	0	0
33	0	0
34	0	0
At locus 5
1	0.786372	0.0442745
2	0.032076	0.0158251
3	0.0234895	0.0144701
4	0.00549234	0.0051825
5	0.0653512	0.0243017
6	0.0132993	0.00966392
7	0.0100955	0.00782346
8	0.0386745	0.0181905
9	0.00744311	0.00655371
10	0.00839458	0.00669859
11	0.00560381	0.0050404
12	0.00370805	0.00428018
13	0	0
14	0	0
15	0	0
16	0	0
17	0	0
18	0	0
19	0	0
20	0	0
21	0	0
22	0	0
23	0	0
24	0	0
25	0	0
26	0	0
27	0	0
28	0	0
29	0	0
30	0	0
31	0	0
32	0	0
33	0	0
34	0	0
At locus 6
1	0.342892	0.0487797
2	0.317478	0.0469108
3	0.0696657	0.0241606
4	0.0510836	0.0199732
5	0.0447157	0.0204232
6	0.0321724	0.0161573
7	0.0497336	0.0213417
8	0.0145801	0.0101374
9	0.0257345	0.0132274
10	0.0392546	0.0184307
11	0.0126895	0.00896291
12	0	0
13	0	0
14	0	0
15	0	0
16	0	0
17	0	0
18	0	0
19	0	0
20	0	0
21	0	0
22	0	0
23	0	0
24	0	0
25	0	0
26	0	0
27	0	0
28	0	0
29	0	0
30	0	0
31	0	0
32	0	0
33	0	0
34	0	0
At locus 7
1	0.113148	0.031845
2	0.0661508	0.0250221
3	0.0954984	0.0330598
4	0.0532349	0.0214449
5	0.154903	0.0363897
6	0.232701	0.0417871
7	0.0948885	0.0290255
8	0.0959052	0.0286008
9	0.0142186	0.0093619
10	0.0129532	0.00879947
11	0.0414403	0.0183687
12	0.00867098	0.00753258
13	0.00855365	0.00662931
14	0.005053	0.00496772
15	0.00268033	0.00363231
16	0	0
17	0	0
18	0	0
19	0	0
20	0	0
21	0	0
22	0	0
23	0	0
24	0	0
25	0	0
26	0	0
27	0	0
28	0	0
29	0	0
30	0	0
31	0	0
32	0	0
33	0	0
34	0	0
At locus 8
1	0.104096	0.0360524
2	0.206573	0.0431335
3	0.0317753	0.0169803
4	0.0412533	0.0187044
5	0.103073	0.0312346
6	0.162176	0.0368993
7	0.0832855	0.0283711
8	0.0320706	0.016576
9	0.0446672	0.0195693
10	0.0305979	0.0148936
11	0.0087005	0.00690058
12	0.0239564	0.0137389
13	0.048655	0.0190232
14	0.0158391	0.0106514
15	0.0104629	0.0083827
16	0.0144193	0.0104435
17	0.0108144	0.00783347
18	0.00729393	0.00631052
19	0.00923363	0.00698563
20	0.0110575	0.0082464
21	0	0
22	0	0
23	0	0
24	0	0
25	0	0
26	0	0
27	0	0
28	0	0
29	0	0
30	0	0
31	0	0
32	0	0
33	0	0
34	0	0
At locus 9
1	0.183197	0.0403214
2	0.260274	0.0434858
3	0.1964	0.0401219
4	0.120638	0.0427033
5	0.0332313	0.0164435
6	0.109841	0.0304236
7	0.0119767	0.00940543
8	0.0606804	0.0227085
9	0.00502746	0.00524711
10	0.0056595	0.00537399
11	0.00631677	0.00559967
12	0.00675675	0.00573794
13	0	0
14	0	0
15	0	0
16	0	0
17	0	0
18	0	0
19	0	0
20	0	0
21	0	0
22	0	0
23	0	0
24	0	0
25	0	0
26	0	0
27	0	0
28	0	0
29	0	0
30	0	0
31	0	0
32	0	0
33	0	0
34	0	0
At locus 10
1	0.00783333	0.00667502
2	0.0790619	0.02746
3	0.0668439	0.0252777
4	0.0604546	0.0248415
5	0.0298858	0.0191766
6	0.0247382	0.0144879
7	0.0645128	0.0235117
8	0.0326924	0.0159889
9	0.0319561	0.0165193
10	0.068931	0.0251056
11	0.0477079	0.0254744
12	0.0383776	0.0182739
13	0.0528147	0.0266323
14	0.0199198	0.0128003
15	0.035913	0.018504
16	0.0397356	0.0184153
17	0.0737151	0.0258123
18	0.00520958	0.00542432
19	0.0278324	0.0145659
20	0.0194274	0.0123904
21	0.0194256	0.0120577
22	0.00503361	0.00514652
23	0.0152761	0.0115628
24	0.00658038	0.00595188
25	0.00853954	0.00697771
26	0.0146282	0.0103532
27	0.00890833	0.00769882
28	0.0209504	0.0121454
29	0.0220676	0.0125145
30	0.0164999	0.0114308
31	0.0105495	0.00825709
32	0.0136906	0.00935401
33	0.00595896	0.00575529
34	0.00432825	0.00480322

In population 4
At locus 1
1	0.0753316	0.0247997
2	0.0309027	0.0184359
3	0.079058	0.0266971
4	0.0331182	0.0204923
5	0.0400561	0.0221824
6	0.0505689	0.0238351
7	0.00243587	0.00417602
8	0.0670471	0.025461
9	0.0733321	0.0317468
10	0.00216056	0.00420331
11	0.0252099	0.0164988
12	0.0190184	0.0139288
13	0.0443114	0.0206087
14	0.0281998	0.0183051
15	0.00711519	0.00784957
16	0.0949601	0.0365571
17	0.019816	0.0143304
18	0.00247881	0.00424666
19	0.00101162	0.00244695
20	0.113225	0.029181
21	0.0434669	0.0183626
22	0.0971739	0.0255824
23	0.00469492	0.00649161
24	0.0410975	0.0217451
25	0.00272491	0.00498858
26	0.00128194	0.00289158
27	0.000202829	0.00128013
28	0	0
29	0	0
30	0	0
31	0	0
32	0	0
33	0	0
34	0	0
At locus 2
1	0.22273	0.0400542
2	0.104743	0.0330155
3	0.187889	0.0410757
4	0.103137	0.0298237
5	0.0359469	0.0175186
6	0.194477	0.0405599
7	0.00321842	0.00497837
8	0.00808671	0.00863785
9	0.00325636	0.00557626
10	0.00119591	0.00288801
11	0.00437441	0.00584704
12	0.00137899	0.00322754
13	0.00107388	0.00259375
14	0.00285602	0.00486487
15	0.0303359	0.0184594
16	0.00254486	0.00473889
17	0.00402414	0.00586642
18	0.0133566	0.0127554
19	0.00127997	0.00294886
20	0.00109281	0.00266054
21	0.00156219	0.00353172
22	0.00136831	0.00308661
23	0.00114624	0.00298769
24	0.00116074	0.00287692
25	0.000872153	0.00243155
26	0.0132058	0.0111492
27	0.000688537	0.00202252
28	0.000812667	0.00237814
29	0.000939856	0.00239059
30	0.0512452	0.021951
31	0	0
32	0	0
33	0	0
34	0	0
At locus 3
1	0.165669	0.0413508
2	0.272773	0.0459868
3	0.542527	0.0526839
4	0.00424438	0.00545874
5	0.00206854	0.00385551
6	0.00123799	0.00296419
7	0.0114806	0.0101233
8	0	0
9	0	0
10	0	0
11	0	0
12	0	0
13	0	0
14	0	0
15	0	0
16	0	0
17	0	0
18	0	0
19	0	0
20	0	0
21	0	0
22	0	0
23	0	0
24	0	0
25	0	0
26	0	0
27	0	0
28	0	0
29	0	0
30	0	0
31	0	0
32	0	0
33	0	0
34	0	0
At locus 4
1	0.119768	0.0367326
2	0.190838	0.0403671
3	0.575238	0.0503837
4	0.0440698	0.0244641
5	0.0120258	0.00950098
6	0.0244923	0.0156098
7	0.0335684	0.017163
8	0	0
9	0	0
10	0	0
11	0	0
12	0	0
13	0	0
14	0	0
15	0	0
16	0	0
17	0	0
18	0	0
19	0	0
20	0	0
21	0	0
22	0	0
23	0	0
24	0	0
25	0	0
26	0	0
27	0	0
28	0	0
29	0	0
30	0	0
31	0	0
32	0	0
33	0	0
34	0	0
At locus 5
1	0.881355	0.0307808
2	0.0125719	0.0130937
3	0.00432951	0.00611304
4	0.000788002	0.00216115
5	0.0114271	0.0105064
6	0.00163674	0.00324793
7	0.00150734	0.00352331
8	0.0828313	0.024833
9	0.00103235	0.00259189
10	0.000954374	0.00245786
11	0.000695369	0.00207543
12	0.000870882	0.00231911
13	0	0
14	0	0
15	0	0
16	0	0
17	0	0
18	0	0
19	0	0
20	0	0
21	0	0
22	0	0
23	0	0
24	0	0
25	0	0
26	0	0
27	0	0
28	0	0
29	0	0
30	0	0
31	0	0
32	0	0
33	0	0
34	0	0
At locus 6
1	0.466132	0.0547063
2	0.361506	0.0520886
3	0.0478956	0.0211269
4	0.0388871	0.0194793
5	0.0119888	0.0113283
6	0.0299222	0.0193909
7	0.0220358	0.0157969
8	0.00751295	0.00834041
9	0.00523728	0.00694961
10	0.00783507	0.00928791
11	0.00104761	0.0026219
12	0	0
13	0	0
14	0	0
15	0	0
16	0	0
17	0	0
18	0	0
19	0	0
20	0	0
21	0	0
22	0	0
23	0	0
24	0	0
25	0	0
26	0	0
27	0	0
28	0	0
29	0	0
30	0	0
31	0	0
32	0	0
33	0	0
34	0	0
At locus 7
1	0.117418	0.0335837
2	0.0948127	0.0282589
3	0.0588923	0.025513
4	0.0304357	0.0189466
5	0.169652	0.0428536
6	0.307511	0.0523693
7	0.136258	0.0327587
8	0.0676637	0.026084
9	0.00204666	0.00389959
10	0.00476613	0.00607609
11	0.00675883	0.00754105
12	0.0013348	0.00292465
13	0.000861024	0.00290344
14	0.00117788	0.00289161
15	0.000411282	0.00150542
16	0	0
17	0	0
18	0	0
19	0	0
20	0	0
21	0	0
22	0	0
23	0	0
24	0	0
25	0	0
26	0	0
27	0	0
28	0	0
29	0	0
30	0	0
31	0	0
32	0	0
33	0	0
34	0	0
At locus 8
1	0.033266	0.017924
2	0.253312	0.0468505
3	0.0182754	0.0133187
4	0.13809	0.0309838
5	0.0372964	0.020255
6	0.178143	0.0413576
7	0.0600704	0.0255748
8	0.0362306	0.0205697
9	0.0216855	0.0164051
10	0.135077	0.0305215
11	0.00114265	0.00264034
12	0.00686815	0.0076668
13	0.0373003	0.0175559
14	0.00242524	0.00412251
15	0.00145006	0.00313985
16	0.00309383	0.00522414
17	0.00158246	0.00348878
18	0.00419124	0.0060511
19	0.00118618	0.00270219
20	0.0293131	0.0170038
21	0	0
22	0	0
23	0	0
24	0	0
25	0	0
26	0	0
27	0	0
28	0	0
29	0	0
30	0	0
31	0	0
32	0	0
33	0	0
34	0	0
At locus 9
1	0.130924	0.036435
2	0.260618	0.0486156
3	0.368854	0.0476978
4	0.0504896	0.0214511
5	0.0298076	0.0208063
6	0.0993584	0.0343115
7	0.0017714	0.00335632
8	0.0490988	0.0192541
9	0.0066275	0.00675225
10	0.000477887	0.00171098
11	0.000758611	0.00212168
12	0.00121395	0.00288471
13	0	0
14	0	0
15	0	0
16	0	0
17	0	0
18	0	0
19	0	0
20	0	0
21	0	0
22	0	0
23	0	0
24	0	0
25	0	0
26	0	0
27	0	0
28	0	0
29	0	0
30	0	0
31	0	0
32	0	0
33	0	0
34	0	0
At locus 10
1	0.00134634	0.0031394
2	0.110174	0.0340598
3	0.0183635	0.0128869
4	0.0667089	0.0238868
5	0.0076955	0.00815016
6	0.00595548	0.00752186
7	0.0647272	0.0299141
8	0.00364074	0.00500051
9	0.0390188	0.0277112
10	0.0790805	0.0319456
11	0.0399028	0.0191935
12	0.0162714	0.0151559
13	0.0161199	0.0134408
14	0.161186	0.0338349
15	0.0780615	0.0308544
16	0.0361156	0.0178657
17	0.0978614	0.0304688
18	0.00109682	0.00276393
19	0.0478733	0.0201896
20	0.00181456	0.00362813
21	0.0100582	0.0118619
22	0.00100072	0.00260994
23	0.00150818	0.00333635
24	0.00110447	0.00262305
25	0.00122855	0.00297467
26	0.00233607	0.00441193
27	0.0235854	0.0154173
28	0.0308446	0.0171617
29	0.00351185	0.00568344
30	0.00243098	0.0045888
31	0.00134444	0.00301557
32	0.0122798	0.0123329
33	0.00139991	0.00300905
34	0.0143516	0.0116649

In population 5
At locus 1
1	0.0124549	0.0126562
2	0.0564295	0.0219941
3	0.0402647	0.0210387
4	0.0556569	0.0214637
5	0.0286562	0.018352
6	0.0952652	0.0295265
7	0.00258457	0.00435945
8	0.0700204	0.0264866
9	0.152566	0.0371532
10	0.00205615	0.00385286
11	0.034712	0.0172495
12	0.0135763	0.011711
13	0.0347315	0.0187624
14	0.0465152	0.0229275
15	0.0030345	0.00495987
16	0.239575	0.0450752
17	0.0133217	0.0123192
18	0.0134435	0.00988236
19	0.00127312	0.00292116
20	0.0321268	0.0206515
21	0.00855205	0.0118182
22	0.0109654	0.0121955
23	0.0043558	0.00620479
24	0.0233481	0.0201177
25	0.00236198	0.00417611
26	0.00152177	0.00344033
27	0.000630082	0.00212834
28	0	0
29	0	0
30	0	0
31	0	0
32	0	0
33	0	0
34	0	0
At locus 2
1	0.23629	0.0409725
2	0.0788991	0.0304316
3	0.215757	0.0430826
4	0.0638725	0.0280434
5	0.0080893	0.0100849
6	0.169005	0.0386663
7	0.00324212	0.00495954
8	0.0357341	0.0167641
9	0.00255354	0.00478369
10	0.00114148	0.00289901
11	0.01994	0.0123276
12	0.00106255	0.00261536
13	0.001201	0.00291773
14	0.00320666	0.00534062
15	0.0173508	0.0125954
16	0.0133736	0.00976766
17	0.00427652	0.00607981
18	0.0246417	0.0159425
19	0.00142984	0.00331031
20	0.00125327	0.00298534
21	0.00136873	0.00322628
22	0.00137106	0.00320757
23	0.0010155	0.00289955
24	0.000798598	0.00233063
25	0.000893481	0.00254931
26	0.0520928	0.0200042
27	0.000728677	0.0023206
28	0.000825316	0.00237929
29	0.000996531	0.00265772
30	0.0375894	0.0202082
31	0	0
32	0	0
33	0	0
34	0	0
At locus 3
1	0.224896	0.042499
2	0.225849	0.0444435
3	0.505871	0.0529273
4	0.018732	0.0113901
5	0.00225086	0.00409619
6	0.001298	0.00307671
7	0.0211033	0.0130905
8	0	0
9	0	0
10	0	0
11	0	0
12	0	0
13	0	0
14	0	0
15	0	0
16	0	0
17	0	0
18	0	0
19	0	0
20	0	0
21	0	0
22	0	0
23	0	0
24	0	0
25	0	0
26	0	0
27	0	0
28	0	0
29	0	0
30	0	0
31	0	0
32	0	0
33	0	0
34	0	0
At locus 4
1	0.215139	0.0412083
2	0.123992	0.0354229
3	0.475358	0.0505746
4	0.122313	0.0317421
5	0.00217612	0.00421768
6	0.0528155	0.021022
7	0.00820651	0.0111226
8	0	0
9	0	0
10	0	0
11	0	0
12	0	0
13	0	0
14	0	0
15	0	0
16	0	0
17	0	0
18	0	0
19	0	0
20	0	0
21	0	0
22	0	0
23	0	0
24	0	0
25	0	0
26	0	0
27	0	0
28	0	0
29	0	0
30	0	0
31	0	0
32	0	0
33	0	0
34	0	0
At locus 5
1	0.850892	0.0347623
2	0.0503327	0.0206486
3	0.00328461	0.00511726
4	0.000899139	0.00255654
5	0.0609014	0.0217197
6	0.00206086	0.00398633
7	0.00177142	0.00385837
8	0.0258825	0.0166935
9	0.0012546	0.00300222
10	0.0010536	0.00265845
11	0.000699521	0.0021146
12	0.000967483	0.00247006
13	0	0
14	0	0
15	0	0
16	0	0
17	0	0
18	0	0
19	0	0
20	0	0
21	0	0
22	0	0
23	0	0
24	0	0
25	0	0
26	0	0
27	0	0
28	0	0
29	0	0
30	0	0
31	0	0
32	0	0
33	0	0
34	0	0
At locus 6
1	0.396739	0.0538063
2	0.351619	0.0515418
3	0.0650254	0.0243752
4	0.0354635	0.0188794
5	0.0463681	0.0193065
6	0.0214262	0.0200564
7	0.0333073	0.0171642
8	0.00763907	0.0087814
9	0.0189325	0.0123027
10	0.0218907	0.0137912
11	0.00158925	0.0034581
12	0	0
13	0	0
14	0	0
15	0	0
16	0	0
17	0	0
18	0	0
19	0	0
20	0	0
21	0	0
22	0	0
23	0	0
24	0	0
25	0	0
26	0	0
27	0	0
28	0	0
29	0	0
30	0	0
31	0	0
32	0	0
33	0	0
34	0	0
At locus 7
1	0.11007	0.0330994
2	0.020013	0.0169332
3	0.0701438	0.0270851
4	0.0288961	0.0182086
5	0.200069	0.0440525
6	0.33342	0.0512368
7	0.0281258	0.0209976
8	0.158682	0.0346391
9	0.00903864	0.00798429
10	0.00403737	0.00597967
11	0.0330424	0.015594
12	0.00140017	0.00316273
13	0.00132784	0.0032902
14	0.000970811	0.00262116
15	0.000761977	0.00225311
16	0	0
17	0	0
18	0	0
19	0	0
20	0	0
21	0	0
22	0	0
23	0	0
24	0	0
25	0	0
26	0	0
27	0	0
28	0	0
29	0	0
30	0	0
31	0	0
32	0	0
33	0	0
34	0	0
At locus 8
1	0.055548	0.0212677
2	0.215933	0.0433906
3	0.00889044	0.0100699
4	0.0124568	0.0144572
5	0.12591	0.030261
6	0.242094	0.0439958
7	0.108861	0.0302809
8	0.0964518	0.0283619
9	0.0402739	0.019356
10	0.0354956	0.0194217
11	0.00123739	0.00287929
12	0.00599857	0.00725401
13	0.0109748	0.0110351
14	0.00905387	0.00788763
15	0.00211843	0.00420019
16	0.00331875	0.00538823
17	0.00139644	0.00316612
18	0.00288484	0.00521598
19	0.00164269	0.00347595
20	0.0194594	0.0150852
21	0	0
22	0	0
23	0	0
24	0	0
25	0	0
26	0	0
27	0	0
28	0	0
29	0	0
30	0	0
31	0	0
32	0	0
33	0	0
34	0	0
At locus 9
1	0.132033	0.0366192
2	0.473052	0.0548354
3	0.181474	0.044426
4	0.0217488	0.0159375
5	0.0369406	0.0223157
6	0.135584	0.0357314
7	0.00224088	0.00415334
8	0.0134618	0.0128381
9	0.000599001	0.00235196
10	0.000777165	0.00223472
11	0.000936385	0.00248633
12	0.001152	0.00292414
13	0	0
14	0	0
15	0	0
16	0	0
17	0	0
18	0	0
19	0	0
20	0	0
21	0	0
22	0	0
23	0	0
24	0	0
25	0	0
26	0	0
27	0	0
28	0	0
29	0	0
30	0	0
31	0	0
32	0	0
33	0	0
34	0	0
At locus 10
1	0.00129744	0.00303408
2	0.118718	0.0351376
3	0.0471284	0.0198384
4	0.0133583	0.0128781
5	0.0133207	0.010218
6	0.00471068	0.00653824
7	0.122412	0.0341619
8	0.0291489	0.0149472
9	0.0338146	0.0272874
10	0.125723	0.0355309
11	0.00970874	0.0112489
12	0.0946315	0.0278448
13	0.0252687	0.0146055
14	0.0109834	0.0141824
15	0.164536	0.0380555
16	0.0104947	0.0123619
17	0.063054	0.0265881
18	0.00143352	0.00338419
19	0.0226952	0.0165636
20	0.00228079	0.00422532
21	0.00956809	0.0113784
22	0.00101008	0.00263618
23	0.00176136	0.00382051
24	0.00836926	0.00762913
25	0.00122748	0.00297795
26	0.00198052	0.00391824
27	0.0064321	0.0104451
28	0.0227656	0.0161671
29	0.0124231	0.0100795
30	0.00235266	0.00437306
31	0.00146369	0.00322667
32	0.00900582	0.0111799
33	0.00149453	0.00324604
34	0.00542713	0.00922894


