Chain #2
Seed for random number generator: 2 51 52 8 11

Acceptance rates for chain #2 (%)
ptild: 27.8169
theta: 30.8688
p: 32.84
F: 38.5445
Mt: 12.9127
nm: 28.0043
m: 51.8858

Migration rates
Into/From	1	2	3	4	5
1	0.385294	0.205012	0.320066	0.0549693	0.0346582
2	2.41842e-008	1	2.39416e-008	2.42462e-008	2.44263e-008
3	0.0547881	0.11178	0.0800322	0.534515	0.218885
4	0.0308167	0.0196494	0.0477141	0.593174	0.308645
5	1.87849e-008	1.86654e-008	1.85903e-008	1.84452e-008	1
Standard deviation
1	0.0544907	0.0476054	0.0566312	0.0308611	0.0244095
2	3.57257e-008	-1.#IND	3.53272e-008	3.52049e-008	3.62634e-008
3	0.0502089	0.0722161	0.0718498	0.0970403	0.0970935
4	0.0277808	0.0179896	0.0331769	0.0642928	0.0630767
5	1.48774e-008	1.49265e-008	1.47941e-008	1.467e-008	9.51752e-007

Inbreeding coefficients
Population	Mean	Sd
1	0.0859857	0.0797127
2	0.0719496	0.02484
3	0.187198	0.131333
4	0.0909183	0.0366413
5	0.0488158	0.0262591

Allele frequencies	Mean	Sd
In population 1
At locus 1
1	0.0460261	0.0214727
2	0.0528891	0.0236807
3	0.123196	0.0478752
4	0.0430736	0.0214584
5	0.0401732	0.0210453
6	0.0414888	0.0204005
7	0.0265425	0.017257
8	0.0402924	0.0193196
9	0.0738741	0.0284524
10	0.00909078	0.00940192
11	0.0358667	0.0198337
12	0.0972626	0.0361812
13	0.0315417	0.01667
14	0.0410626	0.0219401
15	0.0119758	0.0105721
16	0.0348941	0.0172022
17	0.0624236	0.0271607
18	0.0177008	0.0118194
19	0.00787988	0.0070065
20	0.0318214	0.0178323
21	0.0115466	0.00993051
22	0.0356126	0.0187195
23	0.0307412	0.0185233
24	0.0267985	0.0158321
25	0.0133259	0.0116609
26	0.00792655	0.00784272
27	0.00497321	0.00594529
28	0	0
29	0	0
30	0	0
31	0	0
32	0	0
33	0	0
34	0	0
At locus 2
1	0.138516	0.0346958
2	0.108791	0.0351761
3	0.148905	0.0361909
4	0.107088	0.0325003
5	0.0295185	0.0166721
6	0.127243	0.0340888
7	0.0257318	0.0158175
8	0.0446669	0.0220022
9	0.0191931	0.0134404
10	0.00595549	0.00705795
11	0.0565209	0.0264361
12	0.00485277	0.00602185
13	0.00494565	0.00609918
14	0.029048	0.0171038
15	0.0420237	0.0208729
16	0.00581756	0.0064465
17	0.0259903	0.0167965
18	0.0125626	0.0101395
19	0.005167	0.00600299
20	0.0119914	0.00976224
21	0.00594354	0.00703433
22	0.0088272	0.00820415
23	0.00424568	0.00561532
24	0.00291968	0.00441443
25	0.00321545	0.00453902
26	0.00394863	0.00518635
27	0.00462653	0.00528019
28	0.00349741	0.00469048
29	0.00315803	0.00442239
30	0.00508921	0.0058631
31	0	0
32	0	0
33	0	0
34	0	0
At locus 3
1	0.258961	0.0439856
2	0.284139	0.0475011
3	0.392307	0.0510828
4	0.0441391	0.0214714
5	0.0146696	0.0116554
6	0.00274653	0.0042291
7	0.00303734	0.00417852
8	0	0
9	0	0
10	0	0
11	0	0
12	0	0
13	0	0
14	0	0
15	0	0
16	0	0
17	0	0
18	0	0
19	0	0
20	0	0
21	0	0
22	0	0
23	0	0
24	0	0
25	0	0
26	0	0
27	0	0
28	0	0
29	0	0
30	0	0
31	0	0
32	0	0
33	0	0
34	0	0
At locus 4
1	0.180856	0.0392979
2	0.211096	0.0434004
3	0.438204	0.0524604
4	0.0642014	0.02506
5	0.00968362	0.00877552
6	0.0779494	0.0273607
7	0.018009	0.0130282
8	0	0
9	0	0
10	0	0
11	0	0
12	0	0
13	0	0
14	0	0
15	0	0
16	0	0
17	0	0
18	0	0
19	0	0
20	0	0
21	0	0
22	0	0
23	0	0
24	0	0
25	0	0
26	0	0
27	0	0
28	0	0
29	0	0
30	0	0
31	0	0
32	0	0
33	0	0
34	0	0
At locus 5
1	0.834787	0.0497977
2	0.0252937	0.0157328
3	0.0242999	0.0159079
4	0.00290267	0.00437595
5	0.0494371	0.0252466
6	0.0116308	0.010313
7	0.00686033	0.00738553
8	0.0270232	0.016907
9	0.00652265	0.00670501
10	0.00606257	0.00656021
11	0.00312929	0.00453818
12	0.00205113	0.00329746
13	0	0
14	0	0
15	0	0
16	0	0
17	0	0
18	0	0
19	0	0
20	0	0
21	0	0
22	0	0
23	0	0
24	0	0
25	0	0
26	0	0
27	0	0
28	0	0
29	0	0
30	0	0
31	0	0
32	0	0
33	0	0
34	0	0
At locus 6
1	0.355244	0.0513217
2	0.325484	0.0494726
3	0.0620566	0.0246745
4	0.0469865	0.0207175
5	0.0544405	0.0233149
6	0.0244471	0.0158499
7	0.057595	0.0230856
8	0.00982946	0.00926007
9	0.0155302	0.0129027
10	0.0391483	0.0196829
11	0.00923812	0.00895054
12	0	0
13	0	0
14	0	0
15	0	0
16	0	0
17	0	0
18	0	0
19	0	0
20	0	0
21	0	0
22	0	0
23	0	0
24	0	0
25	0	0
26	0	0
27	0	0
28	0	0
29	0	0
30	0	0
31	0	0
32	0	0
33	0	0
34	0	0
At locus 7
1	0.125592	0.03536
2	0.0604242	0.0257126
3	0.12843	0.0400489
4	0.0376292	0.0211545
5	0.177518	0.0403732
6	0.224874	0.0435844
7	0.0832918	0.0302192
8	0.0909044	0.0301686
9	0.0107057	0.00937547
10	0.00855729	0.008363
11	0.0329365	0.0185629
12	0.00934009	0.00852356
13	0.00463052	0.00590106
14	0.00325964	0.00449703
15	0.00190617	0.00314839
16	0	0
17	0	0
18	0	0
19	0	0
20	0	0
21	0	0
22	0	0
23	0	0
24	0	0
25	0	0
26	0	0
27	0	0
28	0	0
29	0	0
30	0	0
31	0	0
32	0	0
33	0	0
34	0	0
At locus 8
1	0.14354	0.0429819
2	0.224789	0.0451047
3	0.0417966	0.0207885
4	0.0285242	0.0184806
5	0.119	0.0345952
6	0.160486	0.0381487
7	0.0654712	0.0296687
8	0.0210907	0.0150224
9	0.0389876	0.0199302
10	0.0219463	0.0144305
11	0.00539781	0.00615643
12	0.0247429	0.015076
13	0.0452667	0.0203692
14	0.014095	0.011187
15	0.011093	0.00983733
16	0.00918709	0.00948712
17	0.00789177	0.00787488
18	0.00419928	0.00534173
19	0.006097	0.00666672
20	0.00639705	0.00683008
21	0	0
22	0	0
23	0	0
24	0	0
25	0	0
26	0	0
27	0	0
28	0	0
29	0	0
30	0	0
31	0	0
32	0	0
33	0	0
34	0	0
At locus 9
1	0.191382	0.0446198
2	0.238229	0.0457173
3	0.191029	0.0411709
4	0.172863	0.0524236
5	0.02856	0.0167355
6	0.0979801	0.0315282
7	0.00940943	0.00938276
8	0.0571517	0.024604
9	0.00406457	0.00518824
10	0.00317395	0.00460284
11	0.00313299	0.00447532
12	0.00302465	0.00454665
13	0	0
14	0	0
15	0	0
16	0	0
17	0	0
18	0	0
19	0	0
20	0	0
21	0	0
22	0	0
23	0	0
24	0	0
25	0	0
26	0	0
27	0	0
28	0	0
29	0	0
30	0	0
31	0	0
32	0	0
33	0	0
34	0	0
At locus 10
1	0.00611596	0.00666592
2	0.0712921	0.028152
3	0.0629965	0.0267659
4	0.0713043	0.0279045
5	0.0523507	0.0265047
6	0.0276144	0.0164379
7	0.0602467	0.0248112
8	0.0258586	0.016772
9	0.0252707	0.0167522
10	0.0609656	0.0259791
11	0.0785962	0.0339716
12	0.0310678	0.0188305
13	0.0835512	0.0329227
14	0.01392	0.0117781
15	0.0440574	0.0208261
16	0.0323341	0.0188136
17	0.0653371	0.0266903
18	0.00291476	0.0042952
19	0.0257182	0.0150513
20	0.0216164	0.013983
21	0.0144324	0.0118915
22	0.00339077	0.00463778
23	0.0167714	0.0125077
24	0.00409762	0.00520798
25	0.00604793	0.00659929
26	0.0138077	0.0115745
27	0.00595729	0.00689634
28	0.0167228	0.0119285
29	0.0165135	0.0126128
30	0.0175163	0.0125446
31	0.007799	0.00834624
32	0.00872607	0.00860825
33	0.00289573	0.00444557
34	0.00219303	0.00360453

In population 2
At locus 1
1	0.0757019	0.0243583
2	0.102027	0.029819
3	0.0386752	0.0207252
4	0.124884	0.0308976
5	0.0679802	0.0251857
6	0.0202421	0.0155329
7	0.0125272	0.0128936
8	0.0368766	0.0175291
9	0.123586	0.0313126
10	0.0289513	0.0146978
11	0.0144685	0.012693
12	0.119521	0.0317659
13	0.0263761	0.0142174
14	0.0492561	0.0218519
15	0.00714655	0.00886858
16	0.0392463	0.0170311
17	0.0150694	0.013666
18	0.00821082	0.00934136
19	0.001954	0.00358989
20	0.0195713	0.0150397
21	0.00452689	0.00613419
22	0.0177146	0.0144049
23	0.00975415	0.0104931
24	0.00825966	0.0085437
25	0.0193722	0.0133243
26	0.00365473	0.00567402
27	0.00444492	0.00644678
28	0	0
29	0	0
30	0	0
31	0	0
32	0	0
33	0	0
34	0	0
At locus 2
1	0.186231	0.0371326
2	0.0508244	0.0234263
3	0.0846621	0.0308024
4	0.0931456	0.0286946
5	0.0237372	0.015026
6	0.203145	0.0381554
7	0.022161	0.0145713
8	0.0919444	0.0279666
9	0.0039404	0.00570337
10	0.00445809	0.00668751
11	0.0307442	0.0167132
12	0.00354792	0.00562259
13	0.00421723	0.00609407
14	0.0086073	0.0102617
15	0.0314679	0.0195683
16	0.0126136	0.00921714
17	0.0552706	0.0212951
18	0.015735	0.0109119
19	0.00515472	0.00651172
20	0.00327459	0.00536728
21	0.00703575	0.00859554
22	0.00294965	0.00486351
23	0.00237498	0.0041569
24	0.00122739	0.00276778
25	0.00210149	0.00398534
26	0.00259117	0.00417976
27	0.00186021	0.00359689
28	0.00209245	0.00393819
29	0.0215686	0.0112675
30	0.0213164	0.0114039
31	0	0
32	0	0
33	0	0
34	0	0
At locus 3
1	0.356374	0.0465028
2	0.250474	0.0441457
3	0.356469	0.0479644
4	0.0285917	0.0172794
5	0.00458377	0.00628543
6	0.0013759	0.00289501
7	0.00213209	0.00361636
8	0	0
9	0	0
10	0	0
11	0	0
12	0	0
13	0	0
14	0	0
15	0	0
16	0	0
17	0	0
18	0	0
19	0	0
20	0	0
21	0	0
22	0	0
23	0	0
24	0	0
25	0	0
26	0	0
27	0	0
28	0	0
29	0	0
30	0	0
31	0	0
32	0	0
33	0	0
34	0	0
At locus 4
1	0.119416	0.0314607
2	0.166721	0.03919
3	0.564749	0.0492446
4	0.0769253	0.0249188
5	0.0055326	0.00713383
6	0.058473	0.0240217
7	0.00818264	0.00886348
8	0	0
9	0	0
10	0	0
11	0	0
12	0	0
13	0	0
14	0	0
15	0	0
16	0	0
17	0	0
18	0	0
19	0	0
20	0	0
21	0	0
22	0	0
23	0	0
24	0	0
25	0	0
26	0	0
27	0	0
28	0	0
29	0	0
30	0	0
31	0	0
32	0	0
33	0	0
34	0	0
At locus 5
1	0.719166	0.0422055
2	0.0423108	0.0183415
3	0.010744	0.0115214
4	0.00240091	0.00422903
5	0.142554	0.0320627
6	0.00865171	0.0102865
7	0.00526719	0.0071099
8	0.0509352	0.02019
9	0.002043	0.00370734
10	0.00199578	0.00369585
11	0.00176278	0.00331682
12	0.0121685	0.00831668
13	0	0
14	0	0
15	0	0
16	0	0
17	0	0
18	0	0
19	0	0
20	0	0
21	0	0
22	0	0
23	0	0
24	0	0
25	0	0
26	0	0
27	0	0
28	0	0
29	0	0
30	0	0
31	0	0
32	0	0
33	0	0
34	0	0
At locus 6
1	0.303164	0.0447335
2	0.342339	0.0454406
3	0.135226	0.0318183
4	0.0514175	0.0208303
5	0.0507728	0.0190319
6	0.0245311	0.0151276
7	0.0327169	0.0178119
8	0.0336968	0.0152568
9	0.00907795	0.00965988
10	0.0112425	0.0108189
11	0.00581547	0.00751196
12	0	0
13	0	0
14	0	0
15	0	0
16	0	0
17	0	0
18	0	0
19	0	0
20	0	0
21	0	0
22	0	0
23	0	0
24	0	0
25	0	0
26	0	0
27	0	0
28	0	0
29	0	0
30	0	0
31	0	0
32	0	0
33	0	0
34	0	0
At locus 7
1	0.195516	0.037128
2	0.0515541	0.0230709
3	0.0723218	0.0263239
4	0.0911918	0.0271334
5	0.0885776	0.0298561
6	0.220443	0.0421079
7	0.0563568	0.0256248
8	0.0864835	0.0262535
9	0.00572966	0.00740971
10	0.00395654	0.00577871
11	0.112459	0.0275983
12	0.00445458	0.00653318
13	0.00228158	0.00399871
14	0.00186828	0.00375912
15	0.00680657	0.00613439
16	0	0
17	0	0
18	0	0
19	0	0
20	0	0
21	0	0
22	0	0
23	0	0
24	0	0
25	0	0
26	0	0
27	0	0
28	0	0
29	0	0
30	0	0
31	0	0
32	0	0
33	0	0
34	0	0
At locus 8
1	0.0503076	0.0238665
2	0.293269	0.0435117
3	0.0343417	0.0173948
4	0.0160533	0.013628
5	0.0818794	0.0292721
6	0.124934	0.0341349
7	0.0310181	0.01939
8	0.0925128	0.0255767
9	0.070203	0.0234306
10	0.027714	0.0144856
11	0.00293194	0.00492623
12	0.0456603	0.0178292
13	0.0363277	0.0179519
14	0.0186843	0.0126764
15	0.00530261	0.00802871
16	0.0500512	0.0185727
17	0.0033702	0.00521672
18	0.00203773	0.00357434
19	0.00301358	0.00483412
20	0.0103875	0.00805055
21	0	0
22	0	0
23	0	0
24	0	0
25	0	0
26	0	0
27	0	0
28	0	0
29	0	0
30	0	0
31	0	0
32	0	0
33	0	0
34	0	0
At locus 9
1	0.214477	0.0407346
2	0.2863	0.0422627
3	0.179207	0.0369703
4	0.0797586	0.0295539
5	0.0379154	0.0180426
6	0.124215	0.0314246
7	0.0271527	0.0143764
8	0.0425343	0.0200547
9	0.0028534	0.00459809
10	0.0019474	0.00372655
11	0.00209801	0.00383155
12	0.00154157	0.00302482
13	0	0
14	0	0
15	0	0
16	0	0
17	0	0
18	0	0
19	0	0
20	0	0
21	0	0
22	0	0
23	0	0
24	0	0
25	0	0
26	0	0
27	0	0
28	0	0
29	0	0
30	0	0
31	0	0
32	0	0
33	0	0
34	0	0
At locus 10
1	0.00358383	0.00555786
2	0.138022	0.0329283
3	0.0958655	0.0279879
4	0.09509	0.0288029
5	0.0233702	0.0157322
6	0.0470419	0.0189962
7	0.084766	0.0260034
8	0.0378535	0.0171828
9	0.0460627	0.0210823
10	0.0613102	0.0239916
11	0.018176	0.0158448
12	0.0861662	0.0256343
13	0.015025	0.0130066
14	0.0183487	0.0125383
15	0.0143805	0.0122163
16	0.0208463	0.0164883
17	0.0822295	0.0276514
18	0.0108164	0.00838412
19	0.0202838	0.013072
20	0.0061808	0.0083813
21	0.00754113	0.00886593
22	0.00263014	0.00465469
23	0.00489078	0.00704074
24	0.00211377	0.00376019
25	0.00281919	0.00478552
26	0.00381855	0.00644258
27	0.00347523	0.00536303
28	0.0159681	0.0111806
29	0.00601867	0.00733553
30	0.00428411	0.00614971
31	0.00401766	0.00629837
32	0.00531718	0.00715262
33	0.0101703	0.00813147
34	0.0015166	0.00318971

In population 3
At locus 1
1	0.0495093	0.021638
2	0.0561985	0.0238449
3	0.0868631	0.0476916
4	0.048672	0.0224313
5	0.0469128	0.0215065
6	0.0450901	0.0211313
7	0.0253125	0.0167451
8	0.0452762	0.0199998
9	0.0821522	0.0290586
10	0.0117658	0.0102047
11	0.0373743	0.0195676
12	0.0813523	0.0357382
13	0.0325119	0.0169416
14	0.0507688	0.0230491
15	0.0143018	0.0109739
16	0.0388211	0.0179039
17	0.0456221	0.0259386
18	0.0169611	0.0116315
19	0.00696342	0.00666453
20	0.0356749	0.0181819
21	0.0132383	0.0103135
22	0.0377447	0.0189754
23	0.0317036	0.0183869
24	0.0269798	0.0157935
25	0.0170034	0.0125824
26	0.00935039	0.0080109
27	0.0058756	0.00631834
28	0	0
29	0	0
30	0	0
31	0	0
32	0	0
33	0	0
34	0	0
At locus 2
1	0.136713	0.0348341
2	0.0990875	0.0348662
3	0.142799	0.0375654
4	0.102031	0.0329445
5	0.0254305	0.015726
6	0.135818	0.0356958
7	0.0268909	0.0151626
8	0.0442314	0.021938
9	0.0177865	0.0129197
10	0.00939455	0.00827771
11	0.0400983	0.0257587
12	0.00740607	0.00682712
13	0.00669938	0.00657923
14	0.0234994	0.0155735
15	0.047815	0.0215244
16	0.00784039	0.00719722
17	0.0291926	0.0170372
18	0.0156687	0.0108662
19	0.00640512	0.00637913
20	0.0111316	0.00952644
21	0.00844725	0.00782435
22	0.00950461	0.00808999
23	0.00813414	0.00704153
24	0.00462923	0.00505352
25	0.00473008	0.00504074
26	0.00577662	0.00628583
27	0.00512144	0.0055117
28	0.00483639	0.00515717
29	0.00462832	0.00527259
30	0.00825236	0.00759791
31	0	0
32	0	0
33	0	0
34	0	0
At locus 3
1	0.261527	0.0445075
2	0.270097	0.0479681
3	0.401303	0.0514721
4	0.0383881	0.0205486
5	0.0183703	0.0122237
6	0.00559813	0.00575753
7	0.00471598	0.00521119
8	0	0
9	0	0
10	0	0
11	0	0
12	0	0
13	0	0
14	0	0
15	0	0
16	0	0
17	0	0
18	0	0
19	0	0
20	0	0
21	0	0
22	0	0
23	0	0
24	0	0
25	0	0
26	0	0
27	0	0
28	0	0
29	0	0
30	0	0
31	0	0
32	0	0
33	0	0
34	0	0
At locus 4
1	0.175366	0.0400187
2	0.199071	0.043381
3	0.451382	0.0531239
4	0.0692529	0.0253425
5	0.0115087	0.00918985
6	0.0713211	0.0268318
7	0.022098	0.0137765
8	0	0
9	0	0
10	0	0
11	0	0
12	0	0
13	0	0
14	0	0
15	0	0
16	0	0
17	0	0
18	0	0
19	0	0
20	0	0
21	0	0
22	0	0
23	0	0
24	0	0
25	0	0
26	0	0
27	0	0
28	0	0
29	0	0
30	0	0
31	0	0
32	0	0
33	0	0
34	0	0
At locus 5
1	0.798713	0.052144
2	0.0306794	0.0168302
3	0.0235203	0.0154787
4	0.00472847	0.00509082
5	0.0603973	0.0264789
6	0.0127571	0.0102286
7	0.0093824	0.00812173
8	0.0355704	0.018897
9	0.00753913	0.00685612
10	0.0076639	0.00699965
11	0.00571287	0.00562258
12	0.00333579	0.00429779
13	0	0
14	0	0
15	0	0
16	0	0
17	0	0
18	0	0
19	0	0
20	0	0
21	0	0
22	0	0
23	0	0
24	0	0
25	0	0
26	0	0
27	0	0
28	0	0
29	0	0
30	0	0
31	0	0
32	0	0
33	0	0
34	0	0
At locus 6
1	0.343181	0.0514243
2	0.322402	0.0494048
3	0.0679524	0.025943
4	0.0490707	0.0207989
5	0.0492081	0.0233807
6	0.0301739	0.0169028
7	0.0518834	0.022879
8	0.0131208	0.0103021
9	0.0224766	0.0142527
10	0.0380816	0.0195679
11	0.0124499	0.00963328
12	0	0
13	0	0
14	0	0
15	0	0
16	0	0
17	0	0
18	0	0
19	0	0
20	0	0
21	0	0
22	0	0
23	0	0
24	0	0
25	0	0
26	0	0
27	0	0
28	0	0
29	0	0
30	0	0
31	0	0
32	0	0
33	0	0
34	0	0
At locus 7
1	0.115413	0.0345259
2	0.0643668	0.0266724
3	0.107134	0.0399481
4	0.0493803	0.0231168
5	0.162	0.0406884
6	0.23068	0.0437832
7	0.0914507	0.0310156
8	0.0923078	0.030037
9	0.0130737	0.00989194
10	0.011796	0.00910601
11	0.0379142	0.0194926
12	0.00873761	0.00801595
13	0.00847194	0.00739585
14	0.00405676	0.00481132
15	0.00321702	0.00422513
16	0	0
17	0	0
18	0	0
19	0	0
20	0	0
21	0	0
22	0	0
23	0	0
24	0	0
25	0	0
26	0	0
27	0	0
28	0	0
29	0	0
30	0	0
31	0	0
32	0	0
33	0	0
34	0	0
At locus 8
1	0.113659	0.0428919
2	0.21516	0.0461089
3	0.0357491	0.0199825
4	0.0373856	0.0202812
5	0.107972	0.0343361
6	0.160587	0.038325
7	0.0786973	0.0310382
8	0.0296066	0.017665
9	0.0433175	0.0206464
10	0.0279269	0.0155706
11	0.00719126	0.00694026
12	0.0238042	0.0145219
13	0.0465561	0.0202636
14	0.0153061	0.011233
15	0.00912046	0.00907982
16	0.0131622	0.0110453
17	0.010121	0.00838935
18	0.00670869	0.00641457
19	0.00819036	0.00721132
20	0.00977869	0.00825376
21	0	0
22	0	0
23	0	0
24	0	0
25	0	0
26	0	0
27	0	0
28	0	0
29	0	0
30	0	0
31	0	0
32	0	0
33	0	0
34	0	0
At locus 9
1	0.190478	0.044407
2	0.250991	0.0470187
3	0.19405	0.0417396
4	0.134818	0.0527076
5	0.0316931	0.0169584
6	0.106004	0.0327302
7	0.0109881	0.00969096
8	0.0578364	0.0242452
9	0.00598242	0.00603294
10	0.00544041	0.00548739
11	0.00575456	0.00582756
12	0.00596349	0.00590667
13	0	0
14	0	0
15	0	0
16	0	0
17	0	0
18	0	0
19	0	0
20	0	0
21	0	0
22	0	0
23	0	0
24	0	0
25	0	0
26	0	0
27	0	0
28	0	0
29	0	0
30	0	0
31	0	0
32	0	0
33	0	0
34	0	0
At locus 10
1	0.00737525	0.00690827
2	0.0779457	0.0287863
3	0.0663596	0.0273213
4	0.0655412	0.0279001
5	0.0370793	0.0254192
6	0.0263094	0.0157184
7	0.0646001	0.0253116
8	0.0308627	0.0173691
9	0.0305399	0.0175864
10	0.0655749	0.0268752
11	0.0558621	0.0333315
12	0.0355657	0.0191354
13	0.0584171	0.0315545
14	0.0179099	0.0131756
15	0.0389054	0.0206965
16	0.0370883	0.0196153
17	0.0715108	0.0275049
18	0.00438102	0.00516081
19	0.0283018	0.0154528
20	0.0193297	0.0135707
21	0.0182688	0.0125686
22	0.00459498	0.00510161
23	0.0164873	0.0122267
24	0.00582858	0.00591584
25	0.00742375	0.00692394
26	0.0138215	0.0113033
27	0.008107	0.00771701
28	0.0195579	0.0125122
29	0.0202841	0.0134789
30	0.0160719	0.0124839
31	0.00990329	0.00852622
32	0.0123327	0.0097673
33	0.00439805	0.0052408
34	0.00346012	0.00444839

In population 4
At locus 1
1	0.0754665	0.0251385
2	0.0312635	0.0187646
3	0.0793803	0.0268332
4	0.033336	0.0204453
5	0.0395826	0.0220424
6	0.050045	0.0241754
7	0.0024496	0.00403511
8	0.0679331	0.0260928
9	0.0708268	0.031997
10	0.00183107	0.00399912
11	0.025488	0.0167302
12	0.0189081	0.0138421
13	0.0448393	0.0211761
14	0.0283527	0.0187914
15	0.00712899	0.00793116
16	0.0957871	0.0376904
17	0.0203802	0.0144928
18	0.00246876	0.00432174
19	0.000978335	0.00247221
20	0.111177	0.0295245
21	0.0441617	0.0184771
22	0.0981288	0.0266435
23	0.00485994	0.00674925
24	0.040964	0.0219914
25	0.00241934	0.0045747
26	0.00108294	0.00268722
27	0.000760083	0.00216993
28	0	0
29	0	0
30	0	0
31	0	0
32	0	0
33	0	0
34	0	0
At locus 2
1	0.223506	0.0408164
2	0.10521	0.0332099
3	0.18799	0.0409097
4	0.102695	0.030183
5	0.0367099	0.0183473
6	0.195336	0.0413249
7	0.00332763	0.00510594
8	0.00817721	0.00866293
9	0.00322459	0.00556167
10	0.000979636	0.00253449
11	0.00434323	0.00582357
12	0.0012306	0.00297399
13	0.000962145	0.00256233
14	0.00277433	0.00492696
15	0.0302634	0.0185705
16	0.00253146	0.00468515
17	0.00411858	0.00601636
18	0.0129981	0.0125438
19	0.00119599	0.002883
20	0.00118721	0.00280672
21	0.00142645	0.0033395
22	0.00135683	0.00324559
23	0.00156714	0.00372809
24	0.000930028	0.00266428
25	0.000767054	0.0022408
26	0.0115205	0.011357
27	0.000835159	0.00240077
28	0.000868845	0.00244222
29	0.00110797	0.00263067
30	0.050859	0.0221523
31	0	0
32	0	0
33	0	0
34	0	0
At locus 3
1	0.16536	0.0418059
2	0.274709	0.046652
3	0.540928	0.0539677
4	0.00427357	0.00546551
5	0.00197819	0.0037612
6	0.0013788	0.00334552
7	0.0113727	0.0102074
8	0	0
9	0	0
10	0	0
11	0	0
12	0	0
13	0	0
14	0	0
15	0	0
16	0	0
17	0	0
18	0	0
19	0	0
20	0	0
21	0	0
22	0	0
23	0	0
24	0	0
25	0	0
26	0	0
27	0	0
28	0	0
29	0	0
30	0	0
31	0	0
32	0	0
33	0	0
34	0	0
At locus 4
1	0.120129	0.0373675
2	0.192419	0.041815
3	0.574077	0.0519067
4	0.0431034	0.0243302
5	0.0122959	0.00966795
6	0.0241525	0.0156936
7	0.0338226	0.0177313
8	0	0
9	0	0
10	0	0
11	0	0
12	0	0
13	0	0
14	0	0
15	0	0
16	0	0
17	0	0
18	0	0
19	0	0
20	0	0
21	0	0
22	0	0
23	0	0
24	0	0
25	0	0
26	0	0
27	0	0
28	0	0
29	0	0
30	0	0
31	0	0
32	0	0
33	0	0
34	0	0
At locus 5
1	0.879842	0.0319472
2	0.012758	0.0131809
3	0.00431742	0.00613184
4	0.0007019	0.00213488
5	0.0115388	0.0105804
6	0.00165165	0.00342169
7	0.0015873	0.00341235
8	0.0836964	0.0260691
9	0.00105563	0.00256795
10	0.00101763	0.00250538
11	0.000945436	0.00235729
12	0.000887759	0.00222735
13	0	0
14	0	0
15	0	0
16	0	0
17	0	0
18	0	0
19	0	0
20	0	0
21	0	0
22	0	0
23	0	0
24	0	0
25	0	0
26	0	0
27	0	0
28	0	0
29	0	0
30	0	0
31	0	0
32	0	0
33	0	0
34	0	0
At locus 6
1	0.466253	0.0540006
2	0.360628	0.0517795
3	0.0477012	0.0213711
4	0.0389398	0.019912
5	0.0121446	0.0116161
6	0.0301734	0.019608
7	0.0221928	0.0157747
8	0.00749898	0.00830655
9	0.00525939	0.00717128
10	0.00771679	0.0092316
11	0.00149243	0.0030492
12	0	0
13	0	0
14	0	0
15	0	0
16	0	0
17	0	0
18	0	0
19	0	0
20	0	0
21	0	0
22	0	0
23	0	0
24	0	0
25	0	0
26	0	0
27	0	0
28	0	0
29	0	0
30	0	0
31	0	0
32	0	0
33	0	0
34	0	0
At locus 7
1	0.118585	0.0341422
2	0.0929227	0.0287558
3	0.0595822	0.0258552
4	0.0298762	0.0192293
5	0.169476	0.0434629
6	0.306794	0.0533515
7	0.137475	0.033127
8	0.0667539	0.0261558
9	0.00204057	0.00385652
10	0.00476812	0.00615972
11	0.00677587	0.0076232
12	0.00137771	0.00296719
13	0.0018112	0.00381425
14	0.000935817	0.00256471
15	0.000825274	0.00223329
16	0	0
17	0	0
18	0	0
19	0	0
20	0	0
21	0	0
22	0	0
23	0	0
24	0	0
25	0	0
26	0	0
27	0	0
28	0	0
29	0	0
30	0	0
31	0	0
32	0	0
33	0	0
34	0	0
At locus 8
1	0.0332164	0.0184218
2	0.251994	0.0470335
3	0.0186261	0.0137737
4	0.138001	0.0316037
5	0.037372	0.0206163
6	0.179792	0.0412119
7	0.058688	0.0256762
8	0.0364442	0.0209644
9	0.0218021	0.0164849
10	0.136599	0.0315864
11	0.00097784	0.00248833
12	0.00705752	0.00785919
13	0.0374049	0.017713
14	0.00228037	0.00400775
15	0.000839882	0.0023847
16	0.00291725	0.00515531
17	0.00164792	0.00362534
18	0.00417661	0.00615713
19	0.00114163	0.00270206
20	0.0290204	0.0174097
21	0	0
22	0	0
23	0	0
24	0	0
25	0	0
26	0	0
27	0	0
28	0	0
29	0	0
30	0	0
31	0	0
32	0	0
33	0	0
34	0	0
At locus 9
1	0.129306	0.0368146
2	0.260942	0.0487287
3	0.368955	0.0477666
4	0.0512163	0.0219207
5	0.0292969	0.0209092
6	0.100046	0.0344488
7	0.00166298	0.00324038
8	0.0490758	0.0193699
9	0.00620699	0.00669655
10	0.000829157	0.00225721
11	0.00092067	0.00233319
12	0.00154187	0.00347485
13	0	0
14	0	0
15	0	0
16	0	0
17	0	0
18	0	0
19	0	0
20	0	0
21	0	0
22	0	0
23	0	0
24	0	0
25	0	0
26	0	0
27	0	0
28	0	0
29	0	0
30	0	0
31	0	0
32	0	0
33	0	0
34	0	0
At locus 10
1	0.00112774	0.00274572
2	0.110249	0.0349256
3	0.0184861	0.0129804
4	0.0682998	0.0239695
5	0.00766524	0.00819964
6	0.00609018	0.0075998
7	0.063159	0.0304733
8	0.00368083	0.00514219
9	0.0380229	0.0278425
10	0.0785154	0.0334521
11	0.0406676	0.0194234
12	0.0167325	0.0155908
13	0.0159782	0.0136052
14	0.163288	0.0346414
15	0.0805852	0.0317941
16	0.0365205	0.0184094
17	0.0962604	0.0311108
18	0.00100597	0.00260816
19	0.0464405	0.0208328
20	0.00190597	0.00363033
21	0.00950062	0.0116339
22	0.000870629	0.00240366
23	0.00167642	0.00335719
24	0.00119042	0.00276816
25	0.00108649	0.0026318
26	0.00181316	0.00387664
27	0.0235407	0.0153641
28	0.0305727	0.0177223
29	0.00378707	0.00597353
30	0.00213974	0.00436913
31	0.00136241	0.00302051
32	0.0127213	0.0123163
33	0.000970584	0.00257161
34	0.0140861	0.0117091

In population 5
At locus 1
1	0.0129243	0.0130636
2	0.0557339	0.021536
3	0.0409517	0.0213654
4	0.0548096	0.0211871
5	0.0290446	0.0182938
6	0.0950065	0.0296513
7	0.00269691	0.00445919
8	0.0692211	0.0263734
9	0.154003	0.0368981
10	0.00188844	0.00374157
11	0.0340733	0.0170477
12	0.0139133	0.0119057
13	0.0351158	0.0190565
14	0.0464954	0.0225754
15	0.00275514	0.00475181
16	0.237249	0.0443461
17	0.0132482	0.0122281
18	0.0133705	0.00979764
19	0.00136424	0.00296829
20	0.034631	0.0221675
21	0.00769793	0.0118782
22	0.0111333	0.0123942
23	0.00430125	0.00615508
24	0.0234765	0.0200625
25	0.00236963	0.00404217
26	0.00159018	0.00349858
27	0.000935147	0.0024185
28	0	0
29	0	0
30	0	0
31	0	0
32	0	0
33	0	0
34	0	0
At locus 2
1	0.235709	0.0409656
2	0.0779348	0.0298727
3	0.212791	0.0422202
4	0.0653801	0.0277546
5	0.00822026	0.0102359
6	0.169418	0.0387362
7	0.00320822	0.00499844
8	0.0352182	0.0163442
9	0.00280028	0.00504564
10	0.0010049	0.00255667
11	0.0196175	0.0119735
12	0.00122478	0.00287227
13	0.00132478	0.00327511
14	0.00292247	0.0049993
15	0.0177431	0.0126633
16	0.0132769	0.00951636
17	0.00429406	0.006016
18	0.0247629	0.0160549
19	0.00133792	0.00313411
20	0.00139276	0.00309638
21	0.00147755	0.00340226
22	0.0014558	0.00329109
23	0.00147042	0.00328473
24	0.000602108	0.00205186
25	0.000985284	0.00249009
26	0.0527823	0.0202828
27	0.000821323	0.00235185
28	0.00118738	0.00285218
29	0.00120827	0.00288659
30	0.0384274	0.020384
31	0	0
32	0	0
33	0	0
34	0	0
At locus 3
1	0.224272	0.0427738
2	0.224558	0.0442924
3	0.508135	0.0529618
4	0.018624	0.011334
5	0.00223344	0.00404723
6	0.0012088	0.00311408
7	0.0209687	0.0128231
8	0	0
9	0	0
10	0	0
11	0	0
12	0	0
13	0	0
14	0	0
15	0	0
16	0	0
17	0	0
18	0	0
19	0	0
20	0	0
21	0	0
22	0	0
23	0	0
24	0	0
25	0	0
26	0	0
27	0	0
28	0	0
29	0	0
30	0	0
31	0	0
32	0	0
33	0	0
34	0	0
At locus 4
1	0.214052	0.0414705
2	0.123318	0.0354495
3	0.477933	0.0507819
4	0.121868	0.03154
5	0.00232102	0.00430367
6	0.0522575	0.020644
7	0.00825059	0.0112104
8	0	0
9	0	0
10	0	0
11	0	0
12	0	0
13	0	0
14	0	0
15	0	0
16	0	0
17	0	0
18	0	0
19	0	0
20	0	0
21	0	0
22	0	0
23	0	0
24	0	0
25	0	0
26	0	0
27	0	0
28	0	0
29	0	0
30	0	0
31	0	0
32	0	0
33	0	0
34	0	0
At locus 5
1	0.850732	0.0344276
2	0.049996	0.0204368
3	0.00331413	0.00537544
4	0.000988713	0.00268551
5	0.060211	0.0213584
6	0.0020189	0.00402889
7	0.00180779	0.00384286
8	0.0263913	0.016861
9	0.00128573	0.00302599
10	0.00122252	0.00288803
11	0.00103582	0.00259871
12	0.000995956	0.00251262
13	0	0
14	0	0
15	0	0
16	0	0
17	0	0
18	0	0
19	0	0
20	0	0
21	0	0
22	0	0
23	0	0
24	0	0
25	0	0
26	0	0
27	0	0
28	0	0
29	0	0
30	0	0
31	0	0
32	0	0
33	0	0
34	0	0
At locus 6
1	0.395934	0.0537182
2	0.352906	0.0515839
3	0.0649997	0.0241576
4	0.0357191	0.0188953
5	0.0461097	0.0191154
6	0.0213254	0.0200244
7	0.0332918	0.0171988
8	0.00752184	0.0087499
9	0.0188231	0.0123019
10	0.0214936	0.013579
11	0.0018762	0.00363135
12	0	0
13	0	0
14	0	0
15	0	0
16	0	0
17	0	0
18	0	0
19	0	0
20	0	0
21	0	0
22	0	0
23	0	0
24	0	0
25	0	0
26	0	0
27	0	0
28	0	0
29	0	0
30	0	0
31	0	0
32	0	0
33	0	0
34	0	0
At locus 7
1	0.109709	0.0327942
2	0.0219722	0.0181069
3	0.0697985	0.0267533
4	0.0296281	0.0183445
5	0.199685	0.04369
6	0.332318	0.0518769
7	0.0280847	0.0211338
8	0.158787	0.0344995
9	0.00899675	0.00793079
10	0.00392002	0.00592679
11	0.0325634	0.0156115
12	0.00138076	0.00315477
13	0.00158863	0.0037543
14	0.000528947	0.00213435
15	0.00103933	0.00257505
16	0	0
17	0	0
18	0	0
19	0	0
20	0	0
21	0	0
22	0	0
23	0	0
24	0	0
25	0	0
26	0	0
27	0	0
28	0	0
29	0	0
30	0	0
31	0	0
32	0	0
33	0	0
34	0	0
At locus 8
1	0.0555245	0.0212646
2	0.217379	0.0432612
3	0.00875279	0.00979005
4	0.0143676	0.0160432
5	0.124656	0.0306197
6	0.240425	0.0438615
7	0.109511	0.0310957
8	0.0954036	0.0277926
9	0.0402408	0.0192812
10	0.0356698	0.0199368
11	0.00106529	0.00261676
12	0.00583552	0.00705054
13	0.0111914	0.0112542
14	0.0090625	0.00782011
15	0.0016299	0.00393947
16	0.00318276	0.00539041
17	0.00152065	0.00331439
18	0.00276514	0.00502932
19	0.0014778	0.0032693
20	0.0203391	0.0154818
21	0	0
22	0	0
23	0	0
24	0	0
25	0	0
26	0	0
27	0	0
28	0	0
29	0	0
30	0	0
31	0	0
32	0	0
33	0	0
34	0	0
At locus 9
1	0.133647	0.0369479
2	0.469686	0.0544617
3	0.18377	0.0445649
4	0.0216688	0.0157222
5	0.036884	0.0218641
6	0.133592	0.0352535
7	0.00209119	0.00401862
8	0.0135028	0.0126718
9	0.00195885	0.0041855
10	0.000893293	0.00235842
11	0.000995821	0.00257725
12	0.00131106	0.00315867
13	0	0
14	0	0
15	0	0
16	0	0
17	0	0
18	0	0
19	0	0
20	0	0
21	0	0
22	0	0
23	0	0
24	0	0
25	0	0
26	0	0
27	0	0
28	0	0
29	0	0
30	0	0
31	0	0
32	0	0
33	0	0
34	0	0
At locus 10
1	0.00125048	0.00304279
2	0.120044	0.0350373
3	0.0469582	0.019817
4	0.0143456	0.0132391
5	0.0132471	0.0100489
6	0.00468743	0.00651782
7	0.122655	0.0345293
8	0.0287692	0.0147598
9	0.0349099	0.0270676
10	0.124811	0.0363269
11	0.00958211	0.0109529
12	0.0927058	0.0269875
13	0.0256509	0.0148951
14	0.011765	0.0150758
15	0.160823	0.0374483
16	0.010261	0.0119048
17	0.0647147	0.0275588
18	0.00132941	0.00328345
19	0.0245587	0.017577
20	0.00238444	0.00432233
21	0.00996234	0.0113915
22	0.000995454	0.00269568
23	0.00196983	0.00389711
24	0.00821313	0.00756293
25	0.00127977	0.00297885
26	0.00168371	0.00367734
27	0.00614734	0.0102695
28	0.0233031	0.0164416
29	0.0123527	0.0101914
30	0.00189797	0.00379218
31	0.001345	0.00319918
32	0.00863178	0.0110374
33	0.00113585	0.0028316
34	0.00562819	0.00960341


