Chain #7
Seed for random number generator: 7 51 52 8 11

Acceptance rates for chain #7 (%)
ptild: 28.2878
theta: 25.7565
p: 32.7043
F: 41.2075
Mt: 12.888
nm: 30.5517
m: 51.1409

Migration rates
Into/From	1	2	3	4	5
1	0.370705	0.173357	0.104611	0.0191511	0.332175
2	3.20325e-008	1	3.19633e-008	3.17021e-008	3.1725e-008
3	1.38329e-008	1.38139e-008	1	1.37941e-008	1.36529e-008
4	0.0357355	0.0253795	0.521725	0.383062	0.0340982
5	0.0468486	0.297819	0.0687831	0.521189	0.0653605
Standard deviation
1	0.060575	0.0472126	0.0424769	0.0150325	0.0613025
2	2.50482e-008	3.74461e-007	2.50909e-008	2.47514e-008	2.49284e-008
3	1.16697e-008	1.17048e-008	-1.#IND	1.17714e-008	1.15692e-008
4	0.0297093	0.0215726	0.0688865	0.0679038	0.0296487
5	0.0439408	0.100114	0.0629857	0.0919816	0.065341

Inbreeding coefficients
Population	Mean	Sd
1	0.119633	0.0997218
2	0.0805924	0.0258126
3	0.0534044	0.0221477
4	0.184588	0.120783
5	0.131678	0.132448

Allele frequencies	Mean	Sd
In population 1
At locus 1
1	0.0448309	0.0197589
2	0.0551542	0.0234284
3	0.0919646	0.0432032
4	0.043289	0.0203243
5	0.0429823	0.0198237
6	0.0441397	0.0205519
7	0.0291283	0.0178
8	0.0436966	0.0194716
9	0.0806471	0.0278589
10	0.0132583	0.0104499
11	0.0364179	0.0188742
12	0.0897881	0.0336565
13	0.0302048	0.0160535
14	0.047014	0.0213626
15	0.0152221	0.0109978
16	0.0364132	0.0171855
17	0.0497702	0.0250902
18	0.0182451	0.012069
19	0.00672108	0.00654068
20	0.0361845	0.0183148
21	0.0133645	0.0101733
22	0.0356602	0.0184839
23	0.034005	0.0189957
24	0.0281948	0.0157896
25	0.0188539	0.012739
26	0.00911156	0.00794412
27	0.00573785	0.00628044
28	0	0
29	0	0
30	0	0
31	0	0
32	0	0
33	0	0
34	0	0
At locus 2
1	0.134031	0.0341358
2	0.0922266	0.0320487
3	0.142585	0.0352206
4	0.109143	0.0331768
5	0.0252545	0.0147881
6	0.131176	0.0344178
7	0.0291465	0.0158386
8	0.0483042	0.0220218
9	0.0184276	0.0131312
10	0.00888417	0.00806387
11	0.0427729	0.0244951
12	0.0071401	0.00661798
13	0.00700859	0.00657769
14	0.0268391	0.0157353
15	0.0444305	0.020171
16	0.00692846	0.00675621
17	0.0318671	0.0173004
18	0.0144189	0.0100723
19	0.00613082	0.00617262
20	0.0113927	0.00951208
21	0.00822094	0.00778079
22	0.00926242	0.00791702
23	0.00662499	0.00651183
24	0.00484737	0.00519602
25	0.00472696	0.00505322
26	0.00759049	0.00727334
27	0.0059194	0.0056123
28	0.00464608	0.00501656
29	0.00310551	0.00447343
30	0.00694808	0.00662853
31	0	0
32	0	0
33	0	0
34	0	0
At locus 3
1	0.262732	0.0430198
2	0.270586	0.0464196
3	0.398482	0.0502959
4	0.0425863	0.0214661
5	0.0178773	0.0119478
6	0.00417431	0.0050481
7	0.00356236	0.00447393
8	0	0
9	0	0
10	0	0
11	0	0
12	0	0
13	0	0
14	0	0
15	0	0
16	0	0
17	0	0
18	0	0
19	0	0
20	0	0
21	0	0
22	0	0
23	0	0
24	0	0
25	0	0
26	0	0
27	0	0
28	0	0
29	0	0
30	0	0
31	0	0
32	0	0
33	0	0
34	0	0
At locus 4
1	0.172646	0.0385896
2	0.201137	0.0428528
3	0.4507	0.0516848
4	0.0695709	0.025053
5	0.0099417	0.00810247
6	0.0736999	0.0262971
7	0.022305	0.0137766
8	0	0
9	0	0
10	0	0
11	0	0
12	0	0
13	0	0
14	0	0
15	0	0
16	0	0
17	0	0
18	0	0
19	0	0
20	0	0
21	0	0
22	0	0
23	0	0
24	0	0
25	0	0
26	0	0
27	0	0
28	0	0
29	0	0
30	0	0
31	0	0
32	0	0
33	0	0
34	0	0
At locus 5
1	0.800241	0.0492354
2	0.0272915	0.0154266
3	0.0253105	0.015095
4	0.00450385	0.00496147
5	0.0645717	0.0268852
6	0.013047	0.010762
7	0.00956407	0.0080082
8	0.032221	0.0175718
9	0.00738575	0.00685173
10	0.00775646	0.00696913
11	0.00503465	0.00537092
12	0.00307253	0.00405488
13	0	0
14	0	0
15	0	0
16	0	0
17	0	0
18	0	0
19	0	0
20	0	0
21	0	0
22	0	0
23	0	0
24	0	0
25	0	0
26	0	0
27	0	0
28	0	0
29	0	0
30	0	0
31	0	0
32	0	0
33	0	0
34	0	0
At locus 6
1	0.337954	0.0492416
2	0.325953	0.0483775
3	0.0623977	0.0243532
4	0.0507504	0.0203125
5	0.0499165	0.0227427
6	0.0302105	0.0164249
7	0.0533271	0.0220989
8	0.0144827	0.0107024
9	0.0217501	0.0142121
10	0.0414236	0.0199618
11	0.0118337	0.00926214
12	0	0
13	0	0
14	0	0
15	0	0
16	0	0
17	0	0
18	0	0
19	0	0
20	0	0
21	0	0
22	0	0
23	0	0
24	0	0
25	0	0
26	0	0
27	0	0
28	0	0
29	0	0
30	0	0
31	0	0
32	0	0
33	0	0
34	0	0
At locus 7
1	0.116693	0.0339422
2	0.060815	0.0246635
3	0.112217	0.0397916
4	0.0478905	0.0219364
5	0.16304	0.0380046
6	0.227588	0.042624
7	0.0897012	0.0298216
8	0.0940432	0.0300723
9	0.0133779	0.0101616
10	0.0113738	0.00889772
11	0.0396256	0.0200527
12	0.00944984	0.00806609
13	0.00668855	0.0067865
14	0.00444629	0.00501001
15	0.00305013	0.00392369
16	0	0
17	0	0
18	0	0
19	0	0
20	0	0
21	0	0
22	0	0
23	0	0
24	0	0
25	0	0
26	0	0
27	0	0
28	0	0
29	0	0
30	0	0
31	0	0
32	0	0
33	0	0
34	0	0
At locus 8
1	0.123584	0.042562
2	0.206432	0.043368
3	0.0363664	0.0193366
4	0.0311053	0.0182434
5	0.109695	0.0322893
6	0.164686	0.0388093
7	0.078544	0.0296254
8	0.028073	0.0167059
9	0.0431267	0.0208295
10	0.0259511	0.014543
11	0.00736665	0.00674357
12	0.0258523	0.0145998
13	0.0473831	0.0195441
14	0.0142396	0.0107599
15	0.0105863	0.0089497
16	0.0147462	0.0111199
17	0.00966057	0.00804392
18	0.00571432	0.00592454
19	0.00777255	0.00704011
20	0.00911415	0.00808989
21	0	0
22	0	0
23	0	0
24	0	0
25	0	0
26	0	0
27	0	0
28	0	0
29	0	0
30	0	0
31	0	0
32	0	0
33	0	0
34	0	0
At locus 9
1	0.188709	0.0420022
2	0.253449	0.0452969
3	0.182198	0.0400256
4	0.147719	0.0487506
5	0.0318993	0.0165043
6	0.103532	0.0307428
7	0.0110661	0.00969725
8	0.0606849	0.0234581
9	0.00570168	0.00587233
10	0.00535605	0.00559474
11	0.00518401	0.00543555
12	0.00450026	0.0052996
13	0	0
14	0	0
15	0	0
16	0	0
17	0	0
18	0	0
19	0	0
20	0	0
21	0	0
22	0	0
23	0	0
24	0	0
25	0	0
26	0	0
27	0	0
28	0	0
29	0	0
30	0	0
31	0	0
32	0	0
33	0	0
34	0	0
At locus 10
1	0.00756878	0.00684019
2	0.0737914	0.0274502
3	0.0678997	0.0264648
4	0.0649492	0.0255168
5	0.0391885	0.0243415
6	0.0284933	0.0164165
7	0.062573	0.0242491
8	0.0309866	0.017473
9	0.0244696	0.0153768
10	0.0648312	0.0252095
11	0.0616601	0.0321964
12	0.0344286	0.0186298
13	0.0667356	0.0297564
14	0.0156108	0.0115292
15	0.0381852	0.0193134
16	0.0365718	0.0186116
17	0.071479	0.0262854
18	0.00302187	0.00424794
19	0.0278389	0.0150207
20	0.0207343	0.0134596
21	0.0166475	0.0116036
22	0.00452568	0.00498609
23	0.0175961	0.012595
24	0.00576794	0.00596994
25	0.00780408	0.00699577
26	0.0149006	0.0111183
27	0.00655071	0.00671394
28	0.0191336	0.0122707
29	0.0207825	0.0140087
30	0.0175002	0.0122153
31	0.0100254	0.00865677
32	0.00976512	0.00854501
33	0.0048962	0.00526924
34	0.00308699	0.0041366

In population 2
At locus 1
1	0.0641072	0.0220972
2	0.108533	0.0308061
3	0.0371278	0.0202364
4	0.124495	0.0304272
5	0.0590009	0.0233061
6	0.0186169	0.0151743
7	0.00982469	0.0113351
8	0.039615	0.0188658
9	0.143751	0.0351316
10	0.0266421	0.014552
11	0.0232613	0.0170964
12	0.104432	0.029891
13	0.0344905	0.0167265
14	0.053438	0.0230024
15	0.00567677	0.00752276
16	0.051366	0.0213242
17	0.0131266	0.0123471
18	0.0103082	0.011373
19	0.00139944	0.00312908
20	0.0169425	0.0139206
21	0.00398987	0.00552695
22	0.0138668	0.0126344
23	0.0072123	0.00908021
24	0.00689733	0.0077436
25	0.0153502	0.0116059
26	0.00242539	0.00497739
27	0.00410321	0.00624833
28	0	0
29	0	0
30	0	0
31	0	0
32	0	0
33	0	0
34	0	0
At locus 2
1	0.197261	0.0388445
2	0.0402698	0.0208256
3	0.0991777	0.0342612
4	0.0864146	0.0277419
5	0.0207425	0.0139804
6	0.186405	0.0370039
7	0.0185725	0.0133607
8	0.0966224	0.0286703
9	0.00304082	0.00482621
10	0.00326468	0.00574271
11	0.0364635	0.0185107
12	0.00272763	0.0048578
13	0.00326086	0.00542299
14	0.00750891	0.00936841
15	0.0241177	0.0171966
16	0.0186515	0.0114943
17	0.0507587	0.0207637
18	0.0169483	0.0116667
19	0.00413886	0.00612454
20	0.00254935	0.0045955
21	0.00674803	0.00842164
22	0.00243367	0.00437528
23	0.00247893	0.0043386
24	0.00128312	0.00282003
25	0.00197051	0.00375401
26	0.0146615	0.0132515
27	0.00189175	0.00354738
28	0.00191355	0.0037833
29	0.0214672	0.0114858
30	0.0262547	0.013061
31	0	0
32	0	0
33	0	0
34	0	0
At locus 3
1	0.357464	0.0469491
2	0.251585	0.0438366
3	0.352504	0.0480728
4	0.0313709	0.0186549
5	0.00365667	0.00553625
6	0.00139353	0.00290477
7	0.00202558	0.00382255
8	0	0
9	0	0
10	0	0
11	0	0
12	0	0
13	0	0
14	0	0
15	0	0
16	0	0
17	0	0
18	0	0
19	0	0
20	0	0
21	0	0
22	0	0
23	0	0
24	0	0
25	0	0
26	0	0
27	0	0
28	0	0
29	0	0
30	0	0
31	0	0
32	0	0
33	0	0
34	0	0
At locus 4
1	0.13968	0.0354656
2	0.145954	0.037195
3	0.559046	0.0511092
4	0.0821676	0.0268121
5	0.00348173	0.00534759
6	0.0625805	0.025397
7	0.00709005	0.00821991
8	0	0
9	0	0
10	0	0
11	0	0
12	0	0
13	0	0
14	0	0
15	0	0
16	0	0
17	0	0
18	0	0
19	0	0
20	0	0
21	0	0
22	0	0
23	0	0
24	0	0
25	0	0
26	0	0
27	0	0
28	0	0
29	0	0
30	0	0
31	0	0
32	0	0
33	0	0
34	0	0
At locus 5
1	0.713833	0.0425386
2	0.0524942	0.0207245
3	0.00737986	0.00887381
4	0.00205488	0.00398923
5	0.152146	0.0334926
6	0.00452538	0.00824928
7	0.00456603	0.00659605
8	0.0453622	0.01857
9	0.00187221	0.00357543
10	0.00178689	0.00351866
11	0.00157568	0.00324036
12	0.012403	0.0085622
13	0	0
14	0	0
15	0	0
16	0	0
17	0	0
18	0	0
19	0	0
20	0	0
21	0	0
22	0	0
23	0	0
24	0	0
25	0	0
26	0	0
27	0	0
28	0	0
29	0	0
30	0	0
31	0	0
32	0	0
33	0	0
34	0	0
At locus 6
1	0.284532	0.0434324
2	0.353	0.0454196
3	0.137872	0.0318667
4	0.0489334	0.0199794
5	0.0623366	0.0219769
6	0.0223107	0.0145436
7	0.03435	0.0184119
8	0.0320896	0.0149938
9	0.00918279	0.0101989
10	0.0112963	0.0109291
11	0.00409668	0.00620199
12	0	0
13	0	0
14	0	0
15	0	0
16	0	0
17	0	0
18	0	0
19	0	0
20	0	0
21	0	0
22	0	0
23	0	0
24	0	0
25	0	0
26	0	0
27	0	0
28	0	0
29	0	0
30	0	0
31	0	0
32	0	0
33	0	0
34	0	0
At locus 7
1	0.206671	0.0381452
2	0.0398829	0.0195552
3	0.0694058	0.0256932
4	0.080441	0.0252085
5	0.0909253	0.0303363
6	0.220755	0.0428953
7	0.0393526	0.0204205
8	0.101199	0.0298109
9	0.00728803	0.00892638
10	0.00318734	0.00520331
11	0.125762	0.0289038
12	0.00400078	0.00615735
13	0.00233786	0.00418552
14	0.00190718	0.00367461
15	0.00688373	0.00632411
16	0	0
17	0	0
18	0	0
19	0	0
20	0	0
21	0	0
22	0	0
23	0	0
24	0	0
25	0	0
26	0	0
27	0	0
28	0	0
29	0	0
30	0	0
31	0	0
32	0	0
33	0	0
34	0	0
At locus 8
1	0.0471235	0.0230371
2	0.290961	0.0440912
3	0.0303202	0.0160796
4	0.0111221	0.0111239
5	0.0938422	0.0311648
6	0.123394	0.034396
7	0.0340953	0.0217692
8	0.105194	0.0280665
9	0.0749847	0.0241967
10	0.0249878	0.0135163
11	0.00253529	0.00449609
12	0.0434699	0.0174916
13	0.0299922	0.0155928
14	0.0235185	0.0139665
15	0.00564073	0.00795307
16	0.0411385	0.0169845
17	0.00272397	0.00467893
18	0.00159689	0.00320544
19	0.0027771	0.00468908
20	0.0105811	0.00841627
21	0	0
22	0	0
23	0	0
24	0	0
25	0	0
26	0	0
27	0	0
28	0	0
29	0	0
30	0	0
31	0	0
32	0	0
33	0	0
34	0	0
At locus 9
1	0.205107	0.0400835
2	0.341005	0.0459818
3	0.166807	0.0357096
4	0.071897	0.027514
5	0.0332175	0.0168351
6	0.109124	0.0295005
7	0.0273451	0.0146528
8	0.0377021	0.0184722
9	0.00254745	0.00438603
10	0.00194312	0.00358435
11	0.00185893	0.00349034
12	0.00144471	0.00299116
13	0	0
14	0	0
15	0	0
16	0	0
17	0	0
18	0	0
19	0	0
20	0	0
21	0	0
22	0	0
23	0	0
24	0	0
25	0	0
26	0	0
27	0	0
28	0	0
29	0	0
30	0	0
31	0	0
32	0	0
33	0	0
34	0	0
At locus 10
1	0.00327538	0.00525626
2	0.141844	0.0345993
3	0.109015	0.0302318
4	0.0809732	0.0267499
5	0.0268924	0.0162597
6	0.0425308	0.0181317
7	0.0866524	0.0267331
8	0.0506441	0.0203028
9	0.0337163	0.0169592
10	0.0608506	0.0241367
11	0.0136148	0.0128466
12	0.10495	0.0296851
13	0.0159086	0.0133282
14	0.0143485	0.0103964
15	0.0149665	0.0129391
16	0.0127678	0.0123431
17	0.0841252	0.0274035
18	0.0105948	0.00826374
19	0.0175927	0.0120937
20	0.00515874	0.00753743
21	0.00572315	0.00745193
22	0.00309265	0.00492809
23	0.00324126	0.00529016
24	0.00657651	0.00691294
25	0.00239689	0.00430601
26	0.00329109	0.00516854
27	0.00239564	0.00410058
28	0.015604	0.0114143
29	0.00651527	0.00845134
30	0.00326524	0.00532368
31	0.00316219	0.00549362
32	0.00292596	0.00484477
33	0.00983005	0.008075
34	0.00155904	0.00317218

In population 3
At locus 1
1	0.0786746	0.0219515
2	0.04064	0.0177311
3	0.0758617	0.0229067
4	0.0602779	0.0192608
5	0.055254	0.0183911
6	0.0533031	0.0211397
7	0.00237172	0.00400052
8	0.0482369	0.0220966
9	0.0966688	0.028323
10	0.00278305	0.00458717
11	0.033254	0.0150692
12	0.0248254	0.014141
13	0.0460162	0.0173908
14	0.0333171	0.0151841
15	0.00590696	0.00686736
16	0.107936	0.0294497
17	0.0210042	0.0129397
18	0.0025082	0.0041223
19	0.000832359	0.00201369
20	0.0518568	0.0288682
21	0.0333013	0.015544
22	0.0814456	0.0228481
23	0.00419387	0.00588203
24	0.0342461	0.0177238
25	0.0034785	0.00556672
26	0.00101613	0.00242827
27	0.000789862	0.00197413
28	0	0
29	0	0
30	0	0
31	0	0
32	0	0
33	0	0
34	0	0
At locus 2
1	0.202979	0.0351944
2	0.104725	0.0304871
3	0.198923	0.0364459
4	0.0757225	0.0263647
5	0.0329301	0.0169802
6	0.199981	0.0340491
7	0.00432072	0.00614307
8	0.0162095	0.0106559
9	0.0030754	0.00512921
10	0.00127539	0.00314613
11	0.00499763	0.00606615
12	0.00138239	0.00308213
13	0.00108693	0.00246528
14	0.0030773	0.00487836
15	0.0432129	0.0175785
16	0.00349435	0.00530295
17	0.00492694	0.00675234
18	0.0219629	0.0119114
19	0.000999713	0.00246002
20	0.000994822	0.0023819
21	0.00156878	0.00329721
22	0.00145472	0.00308952
23	0.00109481	0.00246937
24	0.00103972	0.00242534
25	0.000949053	0.00223096
26	0.0215319	0.0124469
27	0.000941919	0.0022865
28	0.000985976	0.00237962
29	0.000401001	0.00145907
30	0.0437551	0.0177876
31	0	0
32	0	0
33	0	0
34	0	0
At locus 3
1	0.191219	0.0366778
2	0.29703	0.0410406
3	0.501438	0.046986
4	0.00444786	0.00547512
5	0.00215565	0.0038218
6	0.000899221	0.00211897
7	0.00280999	0.00530795
8	0	0
9	0	0
10	0	0
11	0	0
12	0	0
13	0	0
14	0	0
15	0	0
16	0	0
17	0	0
18	0	0
19	0	0
20	0	0
21	0	0
22	0	0
23	0	0
24	0	0
25	0	0
26	0	0
27	0	0
28	0	0
29	0	0
30	0	0
31	0	0
32	0	0
33	0	0
34	0	0
At locus 4
1	0.147261	0.034184
2	0.201854	0.0365187
3	0.537943	0.046488
4	0.0445147	0.0200297
5	0.0135734	0.00856073
6	0.0367709	0.015467
7	0.0180828	0.0157287
8	0	0
9	0	0
10	0	0
11	0	0
12	0	0
13	0	0
14	0	0
15	0	0
16	0	0
17	0	0
18	0	0
19	0	0
20	0	0
21	0	0
22	0	0
23	0	0
24	0	0
25	0	0
26	0	0
27	0	0
28	0	0
29	0	0
30	0	0
31	0	0
32	0	0
33	0	0
34	0	0
At locus 5
1	0.848157	0.0303477
2	0.0321566	0.0152305
3	0.00822928	0.00683751
4	0.00075879	0.00199737
5	0.0263844	0.0133366
6	0.00119632	0.00258532
7	0.00180886	0.00344497
8	0.0774271	0.0221491
9	0.00101544	0.00228993
10	0.00111997	0.00252443
11	0.000888517	0.0020911
12	0.000857329	0.00207402
13	0	0
14	0	0
15	0	0
16	0	0
17	0	0
18	0	0
19	0	0
20	0	0
21	0	0
22	0	0
23	0	0
24	0	0
25	0	0
26	0	0
27	0	0
28	0	0
29	0	0
30	0	0
31	0	0
32	0	0
33	0	0
34	0	0
At locus 6
1	0.477203	0.0470959
2	0.325178	0.0456711
3	0.0754451	0.0211666
4	0.0399126	0.0175772
5	0.0155561	0.0125802
6	0.0191468	0.0166649
7	0.0254199	0.0140066
8	0.0057166	0.00643214
9	0.00603939	0.00741828
10	0.00924774	0.00959997
11	0.00113469	0.00267545
12	0	0
13	0	0
14	0	0
15	0	0
16	0	0
17	0	0
18	0	0
19	0	0
20	0	0
21	0	0
22	0	0
23	0	0
24	0	0
25	0	0
26	0	0
27	0	0
28	0	0
29	0	0
30	0	0
31	0	0
32	0	0
33	0	0
34	0	0
At locus 7
1	0.125631	0.0298119
2	0.0943233	0.0247731
3	0.0707955	0.0242806
4	0.0432702	0.0163815
5	0.159787	0.0350691
6	0.323108	0.0417424
7	0.119781	0.0304217
8	0.0466146	0.0199378
9	0.00212497	0.00366795
10	0.0042573	0.00518494
11	0.00617373	0.00662105
12	0.00131885	0.00269742
13	0.00107299	0.00237783
14	0.00091593	0.00213641
15	0.000825676	0.00198333
16	0	0
17	0	0
18	0	0
19	0	0
20	0	0
21	0	0
22	0	0
23	0	0
24	0	0
25	0	0
26	0	0
27	0	0
28	0	0
29	0	0
30	0	0
31	0	0
32	0	0
33	0	0
34	0	0
At locus 8
1	0.0286409	0.0163108
2	0.288756	0.0428204
3	0.0213992	0.0128088
4	0.122425	0.0265721
5	0.077391	0.022001
6	0.178805	0.0348611
7	0.0537897	0.0219934
8	0.0335279	0.0185365
9	0.0178012	0.0143796
10	0.0862047	0.0259794
11	0.00113935	0.00251574
12	0.00606082	0.00683862
13	0.0377792	0.014568
14	0.00222315	0.00372738
15	0.00140358	0.00287392
16	0.00949847	0.00764914
17	0.0017234	0.00351517
18	0.00307092	0.00484298
19	0.00106625	0.00239283
20	0.0272942	0.0134551
21	0	0
22	0	0
23	0	0
24	0	0
25	0	0
26	0	0
27	0	0
28	0	0
29	0	0
30	0	0
31	0	0
32	0	0
33	0	0
34	0	0
At locus 9
1	0.154995	0.0320934
2	0.237717	0.0409288
3	0.345134	0.0424988
4	0.0496963	0.0188979
5	0.0269445	0.0166344
6	0.135085	0.0318058
7	0.00169252	0.0029896
8	0.0429582	0.0181648
9	0.00305805	0.00486254
10	0.000956765	0.00215486
11	0.000799154	0.00191171
12	0.000964296	0.00216648
13	0	0
14	0	0
15	0	0
16	0	0
17	0	0
18	0	0
19	0	0
20	0	0
21	0	0
22	0	0
23	0	0
24	0	0
25	0	0
26	0	0
27	0	0
28	0	0
29	0	0
30	0	0
31	0	0
32	0	0
33	0	0
34	0	0
At locus 10
1	0.00146191	0.00307361
2	0.133697	0.0310177
3	0.0211297	0.0140879
4	0.0712706	0.0220977
5	0.010639	0.00841399
6	0.00565571	0.0068606
7	0.0929648	0.0268263
8	0.00408009	0.00548955
9	0.0652383	0.022141
10	0.0733438	0.0272233
11	0.0387754	0.0174807
12	0.0180257	0.0151247
13	0.0230407	0.0139885
14	0.12712	0.0296758
15	0.0683506	0.0239615
16	0.0398074	0.0152281
17	0.0835617	0.0264387
18	0.000891718	0.00234501
19	0.0236874	0.0179172
20	0.00190781	0.00339374
21	0.0151445	0.0108728
22	0.000989752	0.00236358
23	0.00171883	0.00349379
24	0.00107212	0.00245129
25	0.00109395	0.00261327
26	0.00242698	0.00434417
27	0.0240177	0.0117095
28	0.0155554	0.0137259
29	0.00374899	0.00563626
30	0.00231249	0.00443359
31	0.00118505	0.00266958
32	0.0180213	0.0104334
33	0.00117179	0.00250975
34	0.00689207	0.00879097

In population 4
At locus 1
1	0.011537	0.0140646
2	0.0361965	0.0267586
3	0.0435935	0.0284564
4	0.020938	0.0204526
5	0.0141025	0.015246
6	0.105535	0.0390591
7	0.00235268	0.00473054
8	0.100983	0.0390363
9	0.107793	0.0481045
10	0.00182064	0.00410434
11	0.0125345	0.0162828
12	0.0160411	0.0146352
13	0.0188441	0.0199724
14	0.0413371	0.0278296
15	0.00345781	0.00669283
16	0.252698	0.054658
17	0.0132659	0.0141268
18	0.00705998	0.0101395
19	0.00111223	0.00320754
20	0.114619	0.049923
21	0.0176037	0.019951
22	0.017943	0.0222892
23	0.0029868	0.00598266
24	0.0318704	0.0265252
25	0.00227872	0.00468922
26	0.00100471	0.00338084
27	0.000491201	0.00216227
28	0	0
29	0	0
30	0	0
31	0	0
32	0	0
33	0	0
34	0	0
At locus 2
1	0.257261	0.053821
2	0.105128	0.0432131
3	0.184973	0.0522115
4	0.104913	0.040849
5	0.0142169	0.0170369
6	0.170601	0.0466843
7	0.00281518	0.00533875
8	0.021196	0.0166004
9	0.00251305	0.00560879
10	0.000667596	0.00244466
11	0.0123368	0.0136888
12	0.00107079	0.00314981
13	0.001131	0.00313967
14	0.00293647	0.00578835
15	0.00732527	0.009927
16	0.0053388	0.00842896
17	0.00361392	0.00603989
18	0.0119867	0.0150527
19	0.00100672	0.00312717
20	0.000985521	0.00312669
21	0.001287	0.00346335
22	0.00101218	0.00304725
23	0.00478284	0.00812084
24	0.000976644	0.00296488
25	0.000965216	0.00295253
26	0.0308005	0.0266701
27	0.00105523	0.00304434
28	0.0011478	0.00319525
29	0.000873622	0.00279211
30	0.0450819	0.0269246
31	0	0
32	0	0
33	0	0
34	0	0
At locus 3
1	0.194979	0.0539098
2	0.175711	0.0567252
3	0.576666	0.0709384
4	0.00784514	0.0103546
5	0.00159078	0.00405315
6	0.00437909	0.00776697
7	0.0388294	0.0197244
8	0	0
9	0	0
10	0	0
11	0	0
12	0	0
13	0	0
14	0	0
15	0	0
16	0	0
17	0	0
18	0	0
19	0	0
20	0	0
21	0	0
22	0	0
23	0	0
24	0	0
25	0	0
26	0	0
27	0	0
28	0	0
29	0	0
30	0	0
31	0	0
32	0	0
33	0	0
34	0	0
At locus 4
1	0.176093	0.060683
2	0.114857	0.0477708
3	0.511245	0.078082
4	0.13744	0.0415202
5	0.00176744	0.00460914
6	0.0323276	0.0225959
7	0.0262704	0.0243209
8	0	0
9	0	0
10	0	0
11	0	0
12	0	0
13	0	0
14	0	0
15	0	0
16	0	0
17	0	0
18	0	0
19	0	0
20	0	0
21	0	0
22	0	0
23	0	0
24	0	0
25	0	0
26	0	0
27	0	0
28	0	0
29	0	0
30	0	0
31	0	0
32	0	0
33	0	0
34	0	0
At locus 5
1	0.918754	0.038456
2	0.0193152	0.0201548
3	0.00257962	0.00495998
4	0.000931109	0.0029057
5	0.0262584	0.0213699
6	0.00147651	0.0040407
7	0.00193411	0.00461329
8	0.0242376	0.0223079
9	0.00119745	0.00329107
10	0.00122122	0.00331105
11	0.00108623	0.00318389
12	0.00100817	0.00301666
13	0	0
14	0	0
15	0	0
16	0	0
17	0	0
18	0	0
19	0	0
20	0	0
21	0	0
22	0	0
23	0	0
24	0	0
25	0	0
26	0	0
27	0	0
28	0	0
29	0	0
30	0	0
31	0	0
32	0	0
33	0	0
34	0	0
At locus 6
1	0.404549	0.0698017
2	0.398466	0.0714694
3	0.0180977	0.0181116
4	0.0347283	0.0252876
5	0.033286	0.0257337
6	0.0400707	0.0300324
7	0.0263583	0.0224125
8	0.00887626	0.0110517
9	0.0189943	0.0164503
10	0.0151896	0.0161204
11	0.00138445	0.0035627
12	0	0
13	0	0
14	0	0
15	0	0
16	0	0
17	0	0
18	0	0
19	0	0
20	0	0
21	0	0
22	0	0
23	0	0
24	0	0
25	0	0
26	0	0
27	0	0
28	0	0
29	0	0
30	0	0
31	0	0
32	0	0
33	0	0
34	0	0
At locus 7
1	0.07826	0.0422431
2	0.017715	0.0185428
3	0.0560167	0.034501
4	0.0190803	0.0176348
5	0.232783	0.0573902
6	0.315453	0.0628561
7	0.05431	0.036594
8	0.199876	0.0472488
9	0.00380366	0.0070816
10	0.00410655	0.00754199
11	0.0100074	0.0124349
12	0.0014811	0.00355689
13	0.00524156	0.00882509
14	0.000773754	0.00304701
15	0.00109096	0.00307958
16	0	0
17	0	0
18	0	0
19	0	0
20	0	0
21	0	0
22	0	0
23	0	0
24	0	0
25	0	0
26	0	0
27	0	0
28	0	0
29	0	0
30	0	0
31	0	0
32	0	0
33	0	0
34	0	0
At locus 8
1	0.0666531	0.0295707
2	0.151176	0.0589439
3	0.00847631	0.0110087
4	0.0125743	0.0187241
5	0.0753239	0.034269
6	0.264734	0.0585031
7	0.130889	0.0425258
8	0.10022	0.039657
9	0.0408121	0.0271953
10	0.0963984	0.0402911
11	0.000974643	0.00303564
12	0.00821186	0.0096211
13	0.0158619	0.0134208
14	0.00218658	0.00490276
15	0.00165299	0.0042012
16	0.00256133	0.00523039
17	0.00115342	0.00327099
18	0.00352691	0.0070715
19	0.00118121	0.00328862
20	0.0154324	0.0183796
21	0	0
22	0	0
23	0	0
24	0	0
25	0	0
26	0	0
27	0	0
28	0	0
29	0	0
30	0	0
31	0	0
32	0	0
33	0	0
34	0	0
At locus 9
1	0.0993912	0.0431812
2	0.491705	0.0696806
3	0.202368	0.0599357
4	0.0259541	0.0203632
5	0.0512587	0.0284388
6	0.0952579	0.0459606
7	0.00200728	0.00461182
8	0.0195028	0.0192751
9	0.00607934	0.00831507
10	0.000939476	0.00290902
11	0.000871743	0.0027851
12	0.00466467	0.00784427
13	0	0
14	0	0
15	0	0
16	0	0
17	0	0
18	0	0
19	0	0
20	0	0
21	0	0
22	0	0
23	0	0
24	0	0
25	0	0
26	0	0
27	0	0
28	0	0
29	0	0
30	0	0
31	0	0
32	0	0
33	0	0
34	0	0
At locus 10
1	0.00140348	0.0035905
2	0.0754512	0.0425036
3	0.024577	0.0202636
4	0.0179576	0.0183527
5	0.00431118	0.00691408
6	0.00600028	0.00909993
7	0.0886263	0.0418013
8	0.00609869	0.00963836
9	0.0160237	0.0195323
10	0.15574	0.0491219
11	0.0131641	0.0159466
12	0.0908478	0.0374939
13	0.0192616	0.0160367
14	0.0349942	0.0341328
15	0.213211	0.0485411
16	0.00698879	0.0104798
17	0.0732727	0.040213
18	0.000577714	0.00254827
19	0.0584089	0.0316414
20	0.00193888	0.00451576
21	0.0079134	0.0116329
22	0.00111977	0.00338446
23	0.001083	0.00338727
24	0.00197972	0.00515718
25	0.00122078	0.00350766
26	0.0016272	0.00408593
27	0.00261709	0.00639278
28	0.0457162	0.0265873
29	0.00490637	0.008728
30	0.00196361	0.00468163
31	0.00124646	0.00361157
32	0.00270335	0.00649364
33	0.00140863	0.00395007
34	0.0156396	0.0167216

In population 5
At locus 1
1	0.0449982	0.0220699
2	0.0547695	0.0258097
3	0.117023	0.0504059
4	0.0416069	0.0223404
5	0.0383179	0.0211477
6	0.0436584	0.022164
7	0.0255931	0.019688
8	0.0423402	0.0213271
9	0.0745592	0.0304512
10	0.0110253	0.0106161
11	0.0344869	0.0209989
12	0.100165	0.0395658
13	0.0306091	0.0179303
14	0.0434041	0.0238009
15	0.0125082	0.0114204
16	0.0351364	0.0185216
17	0.0594944	0.0290127
18	0.0191025	0.0137066
19	0.00771556	0.00742167
20	0.0331011	0.0194549
21	0.0116091	0.0103248
22	0.0344678	0.0202052
23	0.0303268	0.0206652
24	0.025383	0.0168901
25	0.0152737	0.01309
26	0.00833055	0.0086345
27	0.00499389	0.00626507
28	0	0
29	0	0
30	0	0
31	0	0
32	0	0
33	0	0
34	0	0
At locus 2
1	0.139675	0.0369078
2	0.103907	0.0357232
3	0.146878	0.0394002
4	0.10865	0.0366292
5	0.0282206	0.0174083
6	0.128393	0.036681
7	0.0263329	0.0170789
8	0.0444214	0.0236922
9	0.019388	0.0147689
10	0.00702049	0.00821475
11	0.055402	0.0294331
12	0.00529738	0.00664005
13	0.00582739	0.00680521
14	0.026612	0.0179076
15	0.0385966	0.0216954
16	0.00609271	0.00707841
17	0.0279497	0.0187092
18	0.0125121	0.0106742
19	0.00545862	0.00646925
20	0.0117574	0.0110325
21	0.00655516	0.00758465
22	0.00881261	0.00865532
23	0.00573874	0.00695908
24	0.00379612	0.00516115
25	0.00363057	0.00512157
26	0.00670392	0.00783796
27	0.00463923	0.00565796
28	0.00371954	0.00508252
29	0.00237826	0.00411635
30	0.00563368	0.00666364
31	0	0
32	0	0
33	0	0
34	0	0
At locus 3
1	0.264222	0.047645
2	0.277408	0.0511586
3	0.391385	0.0548181
4	0.0451093	0.0244996
5	0.0155975	0.0129721
6	0.00362377	0.00514573
7	0.00265479	0.00400104
8	0	0
9	0	0
10	0	0
11	0	0
12	0	0
13	0	0
14	0	0
15	0	0
16	0	0
17	0	0
18	0	0
19	0	0
20	0	0
21	0	0
22	0	0
23	0	0
24	0	0
25	0	0
26	0	0
27	0	0
28	0	0
29	0	0
30	0	0
31	0	0
32	0	0
33	0	0
34	0	0
At locus 4
1	0.183493	0.0432303
2	0.204674	0.0474371
3	0.4384	0.0571072
4	0.0676353	0.027733
5	0.00855449	0.00845111
6	0.077691	0.0296137
7	0.0195523	0.0147275
8	0	0
9	0	0
10	0	0
11	0	0
12	0	0
13	0	0
14	0	0
15	0	0
16	0	0
17	0	0
18	0	0
19	0	0
20	0	0
21	0	0
22	0	0
23	0	0
24	0	0
25	0	0
26	0	0
27	0	0
28	0	0
29	0	0
30	0	0
31	0	0
32	0	0
33	0	0
34	0	0
At locus 5
1	0.825119	0.0554422
2	0.0240322	0.0162748
3	0.0237261	0.0165534
4	0.00362064	0.00507837
5	0.0560861	0.0295409
6	0.011967	0.0116056
7	0.00767631	0.0082502
8	0.0278528	0.0184457
9	0.00707236	0.00739496
10	0.00655796	0.00716664
11	0.00391427	0.00540786
12	0.00237505	0.0037368
13	0	0
14	0	0
15	0	0
16	0	0
17	0	0
18	0	0
19	0	0
20	0	0
21	0	0
22	0	0
23	0	0
24	0	0
25	0	0
26	0	0
27	0	0
28	0	0
29	0	0
30	0	0
31	0	0
32	0	0
33	0	0
34	0	0
At locus 6
1	0.341915	0.0548903
2	0.329448	0.0531655
3	0.0603369	0.0263698
4	0.0465602	0.0220597
5	0.0561887	0.0259777
6	0.025606	0.0172036
7	0.0588859	0.0247606
8	0.0123982	0.0108543
9	0.0178322	0.014819
10	0.0409088	0.0223888
11	0.00991987	0.00988065
12	0	0
13	0	0
14	0	0
15	0	0
16	0	0
17	0	0
18	0	0
19	0	0
20	0	0
21	0	0
22	0	0
23	0	0
24	0	0
25	0	0
26	0	0
27	0	0
28	0	0
29	0	0
30	0	0
31	0	0
32	0	0
33	0	0
34	0	0
At locus 7
1	0.122054	0.0382362
2	0.0577716	0.02725
3	0.1274	0.0453684
4	0.0409864	0.022844
5	0.17427	0.042414
6	0.223534	0.0463644
7	0.0819232	0.0325904
8	0.0936347	0.0336806
9	0.0125644	0.0110277
10	0.00870972	0.0089429
11	0.0351264	0.0215934
12	0.00968802	0.00901116
13	0.00594279	0.00716896
14	0.00402104	0.00531667
15	0.00237315	0.00378269
16	0	0
17	0	0
18	0	0
19	0	0
20	0	0
21	0	0
22	0	0
23	0	0
24	0	0
25	0	0
26	0	0
27	0	0
28	0	0
29	0	0
30	0	0
31	0	0
32	0	0
33	0	0
34	0	0
At locus 8
1	0.140869	0.0487384
2	0.222012	0.0488992
3	0.0414262	0.0221604
4	0.0257885	0.0190185
5	0.114193	0.036174
6	0.158792	0.0410116
7	0.0687293	0.0332771
8	0.0243284	0.0179302
9	0.0411252	0.0227816
10	0.0222993	0.0153362
11	0.00611087	0.00699946
12	0.0252626	0.0161002
13	0.0437879	0.0210203
14	0.0136817	0.0117483
15	0.0114083	0.0103888
16	0.0127022	0.0113902
17	0.00808238	0.00840676
18	0.00480077	0.00600683
19	0.00673272	0.00733024
20	0.00786784	0.00822604
21	0	0
22	0	0
23	0	0
24	0	0
25	0	0
26	0	0
27	0	0
28	0	0
29	0	0
30	0	0
31	0	0
32	0	0
33	0	0
34	0	0
At locus 9
1	0.193745	0.0476844
2	0.246133	0.0517004
3	0.182169	0.0437769
4	0.166427	0.0558942
5	0.0292703	0.0177068
6	0.100417	0.0338631
7	0.00980108	0.0100126
8	0.0553504	0.0255305
9	0.00437558	0.00561449
10	0.00415494	0.00546984
11	0.00411805	0.0054637
12	0.0040386	0.00560126
13	0	0
14	0	0
15	0	0
16	0	0
17	0	0
18	0	0
19	0	0
20	0	0
21	0	0
22	0	0
23	0	0
24	0	0
25	0	0
26	0	0
27	0	0
28	0	0
29	0	0
30	0	0
31	0	0
32	0	0
33	0	0
34	0	0
At locus 10
1	0.00659702	0.00721555
2	0.0710185	0.0295339
3	0.0645986	0.0297857
4	0.070934	0.0296681
5	0.0516907	0.0300989
6	0.0291724	0.0185926
7	0.0634029	0.027361
8	0.0285668	0.0194404
9	0.0226372	0.0163346
10	0.0620501	0.0280111
11	0.0745952	0.0366089
12	0.0312561	0.0206
13	0.0763001	0.034443
14	0.0133783	0.0115761
15	0.0441393	0.0223548
16	0.0319775	0.019769
17	0.0656403	0.0291879
18	0.0019821	0.00397187
19	0.0266506	0.0162755
20	0.0207698	0.014928
21	0.0144536	0.0125006
22	0.00372642	0.00508324
23	0.0161319	0.0139002
24	0.0048104	0.00609297
25	0.00612189	0.00705582
26	0.0145092	0.0122358
27	0.00551827	0.00673037
28	0.0175152	0.0130881
29	0.0198015	0.0157895
30	0.0168008	0.0134845
31	0.00856765	0.00897604
32	0.00819647	0.00890977
33	0.0039321	0.00520802
34	0.00255736	0.00409803


