Chain #10
Seed for random number generator: 10 51 52 8 11

Acceptance rates for chain #10 (%)
ptild: 26.2901
theta: 25.9294
p: 31.444
F: 35.187
Mt: 11.2705
nm: 28.4698
m: 67.6872

Migration rates
Into/From	1	2	3	4	5
1	0.375485	0.176438	0.341748	0.0761897	0.0301401
2	1.01261e-008	1	1.01071e-008	1.02446e-008	1.03165e-008
3	0.0563085	0.10369	0.0927136	0.647937	0.0993518
4	4.61661e-009	4.79174e-009	4.71291e-009	1	4.70697e-009
5	7.44944e-009	7.47406e-009	7.48602e-009	7.51458e-009	1
Standard deviation
1	0.0503559	0.045334	0.0496963	0.0353083	0.0234195
2	7.88458e-009	-1.#IND	7.91768e-009	7.90651e-009	7.96783e-009
3	0.0518609	0.0690482	0.0801905	0.0916122	0.064645
4	1.06441e-008	1.14093e-008	1.09179e-008	-1.#IND	1.08975e-008
5	5.8116e-009	5.81196e-009	5.76798e-009	5.7978e-009	-1.#IND

Inbreeding coefficients
Population	Mean	Sd
1	0.0730344	0.0518005
2	0.0721777	0.0252424
3	0.0941741	0.0617622
4	0.0525062	0.0131989
5	0.0413039	0.0245893

Allele frequencies	Mean	Sd
In population 1
At locus 1
1	0.047556	0.0222893
2	0.0554273	0.0248087
3	0.119465	0.0499948
4	0.0468824	0.0231788
5	0.0407406	0.0219479
6	0.0398242	0.0205374
7	0.0271107	0.0187427
8	0.0395729	0.0194085
9	0.0745825	0.0293111
10	0.0107662	0.0104727
11	0.0334435	0.0192928
12	0.0980281	0.0387256
13	0.0310868	0.0171989
14	0.0412436	0.0215309
15	0.0123099	0.0110236
16	0.0357495	0.0173621
17	0.0596168	0.0298766
18	0.0180818	0.0123527
19	0.00763648	0.00727246
20	0.0311773	0.0181736
21	0.010011	0.00934036
22	0.0367816	0.0200226
23	0.0307541	0.01901
24	0.0240993	0.0159052
25	0.0146239	0.0123574
26	0.00801527	0.00795843
27	0.0054131	0.0063759
28	0	0
29	0	0
30	0	0
31	0	0
32	0	0
33	0	0
34	0	0
At locus 2
1	0.138087	0.0366951
2	0.101368	0.0356114
3	0.150299	0.0394373
4	0.105543	0.0343225
5	0.0290386	0.0174992
6	0.129276	0.0352811
7	0.0276051	0.0170398
8	0.0463918	0.0237577
9	0.0176993	0.0127578
10	0.00694855	0.00785101
11	0.0556657	0.0288824
12	0.00499806	0.00606677
13	0.00525147	0.00632932
14	0.028072	0.017273
15	0.0415895	0.0218865
16	0.0065284	0.00675218
17	0.0271142	0.0179909
18	0.0132441	0.0105102
19	0.00545915	0.00631795
20	0.012179	0.0105661
21	0.00643919	0.00733197
22	0.00869517	0.00830281
23	0.00398373	0.00505793
24	0.00384058	0.00486923
25	0.00344143	0.00478001
26	0.00417319	0.00527407
27	0.00470832	0.00558298
28	0.00373815	0.0048854
29	0.00331788	0.00463619
30	0.00530487	0.00593959
31	0	0
32	0	0
33	0	0
34	0	0
At locus 3
1	0.259989	0.0455593
2	0.285606	0.0495274
3	0.391953	0.0533955
4	0.0438966	0.0225804
5	0.0144823	0.0122866
6	0.00110038	0.00241622
7	0.00297252	0.00418985
8	0	0
9	0	0
10	0	0
11	0	0
12	0	0
13	0	0
14	0	0
15	0	0
16	0	0
17	0	0
18	0	0
19	0	0
20	0	0
21	0	0
22	0	0
23	0	0
24	0	0
25	0	0
26	0	0
27	0	0
28	0	0
29	0	0
30	0	0
31	0	0
32	0	0
33	0	0
34	0	0
At locus 4
1	0.174877	0.0408247
2	0.211201	0.0450182
3	0.444125	0.0553605
4	0.062554	0.0253218
5	0.0103102	0.00915521
6	0.0788445	0.029207
7	0.018089	0.0133583
8	0	0
9	0	0
10	0	0
11	0	0
12	0	0
13	0	0
14	0	0
15	0	0
16	0	0
17	0	0
18	0	0
19	0	0
20	0	0
21	0	0
22	0	0
23	0	0
24	0	0
25	0	0
26	0	0
27	0	0
28	0	0
29	0	0
30	0	0
31	0	0
32	0	0
33	0	0
34	0	0
At locus 5
1	0.827934	0.0537071
2	0.0266972	0.0162987
3	0.0243549	0.0169328
4	0.00348239	0.0046735
5	0.0534707	0.0274695
6	0.011874	0.0108063
7	0.00705157	0.00769196
8	0.0267793	0.0168698
9	0.00647609	0.00692973
10	0.00635008	0.00690427
11	0.00338351	0.00472755
12	0.00214666	0.00347083
13	0	0
14	0	0
15	0	0
16	0	0
17	0	0
18	0	0
19	0	0
20	0	0
21	0	0
22	0	0
23	0	0
24	0	0
25	0	0
26	0	0
27	0	0
28	0	0
29	0	0
30	0	0
31	0	0
32	0	0
33	0	0
34	0	0
At locus 6
1	0.353843	0.0528051
2	0.325444	0.0505757
3	0.064007	0.0260897
4	0.0470576	0.0216256
5	0.0557278	0.0247771
6	0.0236437	0.0159494
7	0.0563557	0.0239599
8	0.0102477	0.0095225
9	0.0164879	0.0131908
10	0.0377397	0.0199353
11	0.00944622	0.00926543
12	0	0
13	0	0
14	0	0
15	0	0
16	0	0
17	0	0
18	0	0
19	0	0
20	0	0
21	0	0
22	0	0
23	0	0
24	0	0
25	0	0
26	0	0
27	0	0
28	0	0
29	0	0
30	0	0
31	0	0
32	0	0
33	0	0
34	0	0
At locus 7
1	0.12825	0.0374438
2	0.0615487	0.0271627
3	0.129481	0.0442483
4	0.0396972	0.0218769
5	0.172892	0.0416696
6	0.225152	0.0457794
7	0.0787917	0.0306528
8	0.0901937	0.0312722
9	0.0110378	0.00983037
10	0.0086702	0.00867316
11	0.0347771	0.0196935
12	0.00960166	0.00892747
13	0.00403966	0.00518926
14	0.00381737	0.00484045
15	0.00204981	0.00331941
16	0	0
17	0	0
18	0	0
19	0	0
20	0	0
21	0	0
22	0	0
23	0	0
24	0	0
25	0	0
26	0	0
27	0	0
28	0	0
29	0	0
30	0	0
31	0	0
32	0	0
33	0	0
34	0	0
At locus 8
1	0.14074	0.0464793
2	0.227498	0.0476533
3	0.0425112	0.0223031
4	0.0278063	0.0179336
5	0.117214	0.035891
6	0.158598	0.0404993
7	0.0650743	0.0301529
8	0.0223227	0.0155256
9	0.0398749	0.0206515
10	0.0228619	0.0147721
11	0.00508941	0.00622803
12	0.0251737	0.0158413
13	0.0446438	0.0216947
14	0.0150916	0.0117556
15	0.0110741	0.0100815
16	0.0104334	0.0103977
17	0.00760032	0.00823108
18	0.00395202	0.0050332
19	0.00635542	0.00692932
20	0.00608473	0.00657019
21	0	0
22	0	0
23	0	0
24	0	0
25	0	0
26	0	0
27	0	0
28	0	0
29	0	0
30	0	0
31	0	0
32	0	0
33	0	0
34	0	0
At locus 9
1	0.194226	0.0451039
2	0.23733	0.0469531
3	0.189546	0.0426816
4	0.171899	0.0584211
5	0.0293336	0.0170163
6	0.098804	0.0325419
7	0.0100725	0.0100944
8	0.0558912	0.0252759
9	0.00411647	0.00526351
10	0.00341858	0.00467102
11	0.00335061	0.00471325
12	0.00201217	0.00334837
13	0	0
14	0	0
15	0	0
16	0	0
17	0	0
18	0	0
19	0	0
20	0	0
21	0	0
22	0	0
23	0	0
24	0	0
25	0	0
26	0	0
27	0	0
28	0	0
29	0	0
30	0	0
31	0	0
32	0	0
33	0	0
34	0	0
At locus 10
1	0.0059973	0.00676857
2	0.0747016	0.0293434
3	0.0648646	0.0287586
4	0.0716077	0.0295856
5	0.0526986	0.0290931
6	0.0284524	0.0171526
7	0.0609689	0.0250741
8	0.0268553	0.0173942
9	0.0245143	0.0165807
10	0.0607694	0.026527
11	0.0787843	0.0369274
12	0.0317884	0.0191079
13	0.0783338	0.0317736
14	0.0142805	0.0121552
15	0.0415328	0.0207607
16	0.0318693	0.0194681
17	0.0649929	0.0274625
18	0.00289753	0.00435511
19	0.0266786	0.0157933
20	0.0208871	0.0151096
21	0.0136612	0.0113399
22	0.00341882	0.00472946
23	0.0171675	0.013359
24	0.00407793	0.00522823
25	0.00597949	0.00682444
26	0.0140445	0.0118532
27	0.00638577	0.00719493
28	0.016905	0.0122275
29	0.0162043	0.0126446
30	0.0177868	0.0132832
31	0.00862134	0.00883764
32	0.00796336	0.00862503
33	0.0032437	0.00466623
34	0.00106486	0.00225525

In population 2
At locus 1
1	0.0777264	0.0252093
2	0.100419	0.0299134
3	0.0395671	0.0213538
4	0.126275	0.03231
5	0.0704538	0.0261549
6	0.0193758	0.0153214
7	0.0117342	0.0128427
8	0.0366042	0.0178159
9	0.120978	0.0312264
10	0.0301877	0.0159261
11	0.014522	0.0129445
12	0.121403	0.0329512
13	0.0267835	0.014677
14	0.0477893	0.0219359
15	0.00637013	0.0083068
16	0.0418743	0.0179647
17	0.0133752	0.0129925
18	0.00774608	0.00906967
19	0.00190836	0.00375038
20	0.0184531	0.0149603
21	0.00425203	0.00620261
22	0.0173998	0.0147589
23	0.00926503	0.0104048
24	0.00716904	0.008266
25	0.0200144	0.0141778
26	0.00379252	0.00594418
27	0.00456066	0.00670498
28	0	0
29	0	0
30	0	0
31	0	0
32	0	0
33	0	0
34	0	0
At locus 2
1	0.182589	0.0382078
2	0.0495105	0.0238663
3	0.0804031	0.0295443
4	0.0917398	0.0293931
5	0.0235715	0.0156904
6	0.208179	0.0394189
7	0.0220499	0.0152964
8	0.0920234	0.0284083
9	0.0044204	0.00615271
10	0.00463294	0.00715593
11	0.0316267	0.0171913
12	0.00342857	0.00571952
13	0.00452558	0.00665444
14	0.00822146	0.00983696
15	0.0276995	0.0190962
16	0.0137187	0.00996745
17	0.055837	0.0222253
18	0.0167088	0.0117557
19	0.00522591	0.00694533
20	0.00339199	0.0055059
21	0.00725489	0.00911217
22	0.00275831	0.00488725
23	0.00293944	0.00493337
24	0.00172366	0.00352274
25	0.00204809	0.00411261
26	0.00299873	0.00469091
27	0.00187172	0.00373735
28	0.00233763	0.00432565
29	0.0233131	0.0124486
30	0.0232499	0.0123567
31	0	0
32	0	0
33	0	0
34	0	0
At locus 3
1	0.363401	0.0483046
2	0.247054	0.045257
3	0.353584	0.0486432
4	0.0282077	0.0173547
5	0.00458838	0.00669155
6	0.000932992	0.00243357
7	0.00223286	0.00387149
8	0	0
9	0	0
10	0	0
11	0	0
12	0	0
13	0	0
14	0	0
15	0	0
16	0	0
17	0	0
18	0	0
19	0	0
20	0	0
21	0	0
22	0	0
23	0	0
24	0	0
25	0	0
26	0	0
27	0	0
28	0	0
29	0	0
30	0	0
31	0	0
32	0	0
33	0	0
34	0	0
At locus 4
1	0.120014	0.0322877
2	0.164679	0.039681
3	0.56499	0.0499334
4	0.0790517	0.0259853
5	0.00561255	0.00731362
6	0.0579011	0.02457
7	0.00775121	0.00892104
8	0	0
9	0	0
10	0	0
11	0	0
12	0	0
13	0	0
14	0	0
15	0	0
16	0	0
17	0	0
18	0	0
19	0	0
20	0	0
21	0	0
22	0	0
23	0	0
24	0	0
25	0	0
26	0	0
27	0	0
28	0	0
29	0	0
30	0	0
31	0	0
32	0	0
33	0	0
34	0	0
At locus 5
1	0.713015	0.0439643
2	0.0412169	0.0182852
3	0.00989788	0.0110824
4	0.00247912	0.00440529
5	0.149341	0.0339613
6	0.00919009	0.0108108
7	0.00496503	0.0071236
8	0.0504014	0.020025
9	0.00215801	0.00406012
10	0.00214137	0.003883
11	0.00209666	0.00395415
12	0.0130978	0.00891039
13	0	0
14	0	0
15	0	0
16	0	0
17	0	0
18	0	0
19	0	0
20	0	0
21	0	0
22	0	0
23	0	0
24	0	0
25	0	0
26	0	0
27	0	0
28	0	0
29	0	0
30	0	0
31	0	0
32	0	0
33	0	0
34	0	0
At locus 6
1	0.300598	0.0458195
2	0.341064	0.0459912
3	0.137799	0.0330639
4	0.0522176	0.0215467
5	0.0528819	0.0198231
6	0.0227269	0.0146883
7	0.0322577	0.0180281
8	0.0352281	0.0160124
9	0.00925442	0.00997179
10	0.01058	0.0102035
11	0.00539171	0.00749978
12	0	0
13	0	0
14	0	0
15	0	0
16	0	0
17	0	0
18	0	0
19	0	0
20	0	0
21	0	0
22	0	0
23	0	0
24	0	0
25	0	0
26	0	0
27	0	0
28	0	0
29	0	0
30	0	0
31	0	0
32	0	0
33	0	0
34	0	0
At locus 7
1	0.20068	0.0389168
2	0.0489431	0.0226281
3	0.0726029	0.0267335
4	0.0921459	0.0279717
5	0.0851914	0.0296019
6	0.217357	0.0431322
7	0.0519949	0.0253094
8	0.0886266	0.0272583
9	0.00540506	0.00736063
10	0.00398771	0.00581712
11	0.116602	0.0289609
12	0.00444406	0.00668183
13	0.00248218	0.0045101
14	0.00217664	0.00409311
15	0.00736149	0.00666513
16	0	0
17	0	0
18	0	0
19	0	0
20	0	0
21	0	0
22	0	0
23	0	0
24	0	0
25	0	0
26	0	0
27	0	0
28	0	0
29	0	0
30	0	0
31	0	0
32	0	0
33	0	0
34	0	0
At locus 8
1	0.0483028	0.0237137
2	0.295415	0.0445961
3	0.0349512	0.0180248
4	0.0149596	0.0133079
5	0.0823254	0.0292162
6	0.122987	0.0338348
7	0.0269075	0.0175792
8	0.0927742	0.0260691
9	0.0699224	0.0240489
10	0.0289875	0.0149535
11	0.00253987	0.00481739
12	0.0477145	0.0190515
13	0.0375621	0.0186359
14	0.0178927	0.0127373
15	0.00548296	0.00797052
16	0.0525973	0.0199994
17	0.00272724	0.00502051
18	0.00199495	0.0036892
19	0.00289397	0.00509688
20	0.0110617	0.00863583
21	0	0
22	0	0
23	0	0
24	0	0
25	0	0
26	0	0
27	0	0
28	0	0
29	0	0
30	0	0
31	0	0
32	0	0
33	0	0
34	0	0
At locus 9
1	0.208499	0.0411651
2	0.291998	0.0434919
3	0.180038	0.0378026
4	0.0780588	0.0291789
5	0.0384438	0.0187613
6	0.125171	0.0320728
7	0.027941	0.0152508
8	0.0404828	0.0195565
9	0.00280843	0.00462804
10	0.00250378	0.00447446
11	0.00252923	0.00438939
12	0.00152502	0.00318554
13	0	0
14	0	0
15	0	0
16	0	0
17	0	0
18	0	0
19	0	0
20	0	0
21	0	0
22	0	0
23	0	0
24	0	0
25	0	0
26	0	0
27	0	0
28	0	0
29	0	0
30	0	0
31	0	0
32	0	0
33	0	0
34	0	0
At locus 10
1	0.00326499	0.00571285
2	0.138109	0.0341322
3	0.0968542	0.0288642
4	0.0926478	0.0296882
5	0.0236474	0.0163372
6	0.0482903	0.0199052
7	0.0845907	0.0262141
8	0.0384886	0.0178187
9	0.0467767	0.0217501
10	0.0611388	0.0241534
11	0.0177856	0.0155653
12	0.0870056	0.0262774
13	0.0154488	0.013164
14	0.0184926	0.0128798
15	0.0155154	0.0127971
16	0.0190078	0.0164831
17	0.08167	0.0279696
18	0.0115387	0.00898092
19	0.0203749	0.0134314
20	0.00550397	0.00809604
21	0.00677793	0.00858083
22	0.00296965	0.00505302
23	0.00435853	0.00671705
24	0.00162439	0.00348219
25	0.0029051	0.00498015
26	0.0048645	0.00691367
27	0.00362001	0.00579977
28	0.0160432	0.0114812
29	0.00641063	0.0078634
30	0.00433724	0.00648626
31	0.00326761	0.00596195
32	0.00511859	0.00730432
33	0.0106635	0.00862889
34	0.000887367	0.00236868

In population 3
At locus 1
1	0.0486076	0.022144
2	0.0585465	0.0244324
3	0.0918515	0.048168
4	0.0527483	0.0240909
5	0.0470354	0.0222908
6	0.0419878	0.0205804
7	0.0263026	0.0181289
8	0.0423424	0.0197288
9	0.0830994	0.029997
10	0.0123694	0.0105402
11	0.0354556	0.0192106
12	0.0884817	0.0362753
13	0.0318003	0.0171026
14	0.0435978	0.0211649
15	0.0148835	0.0113987
16	0.0379397	0.0178133
17	0.048353	0.0285141
18	0.0172792	0.0120067
19	0.00675406	0.00686365
20	0.0335548	0.0183813
21	0.0120697	0.00983942
22	0.0364268	0.0195858
23	0.0310217	0.0185489
24	0.0246481	0.0158794
25	0.017218	0.0129003
26	0.00929508	0.0083544
27	0.00633007	0.00674509
28	0	0
29	0	0
30	0	0
31	0	0
32	0	0
33	0	0
34	0	0
At locus 2
1	0.138597	0.0365261
2	0.0936781	0.0348252
3	0.144748	0.0382189
4	0.0941506	0.033602
5	0.0245205	0.0161116
6	0.138649	0.0353049
7	0.0276458	0.0167907
8	0.0490778	0.0236745
9	0.0168874	0.0122702
10	0.00927191	0.00851617
11	0.0438753	0.0269743
12	0.0067316	0.00682994
13	0.00654144	0.00686434
14	0.0255979	0.0163834
15	0.0494843	0.0233319
16	0.00801094	0.00747491
17	0.0310674	0.0182656
18	0.0157298	0.0110432
19	0.00614654	0.00645642
20	0.0114568	0.0100154
21	0.00835425	0.00807663
22	0.00932057	0.00835359
23	0.00509287	0.00570656
24	0.00458202	0.00521632
25	0.00448862	0.00514979
26	0.00540778	0.00598731
27	0.00528609	0.0055853
28	0.00456062	0.00520123
29	0.00405976	0.00508404
30	0.00697908	0.00683158
31	0	0
32	0	0
33	0	0
34	0	0
At locus 3
1	0.256155	0.0447141
2	0.278453	0.0488361
3	0.401364	0.0527096
4	0.0405588	0.0213806
5	0.0179723	0.0127391
6	0.00156807	0.0027066
7	0.00392877	0.0048407
8	0	0
9	0	0
10	0	0
11	0	0
12	0	0
13	0	0
14	0	0
15	0	0
16	0	0
17	0	0
18	0	0
19	0	0
20	0	0
21	0	0
22	0	0
23	0	0
24	0	0
25	0	0
26	0	0
27	0	0
28	0	0
29	0	0
30	0	0
31	0	0
32	0	0
33	0	0
34	0	0
At locus 4
1	0.167266	0.0405791
2	0.204622	0.0445164
3	0.455459	0.0550591
4	0.0665499	0.0251537
5	0.0119398	0.00958595
6	0.0736633	0.0282984
7	0.0205002	0.0138179
8	0	0
9	0	0
10	0	0
11	0	0
12	0	0
13	0	0
14	0	0
15	0	0
16	0	0
17	0	0
18	0	0
19	0	0
20	0	0
21	0	0
22	0	0
23	0	0
24	0	0
25	0	0
26	0	0
27	0	0
28	0	0
29	0	0
30	0	0
31	0	0
32	0	0
33	0	0
34	0	0
At locus 5
1	0.800809	0.0544334
2	0.0311498	0.0168027
3	0.024994	0.0165935
4	0.00475118	0.00543212
5	0.0626399	0.0282715
6	0.0121858	0.0105296
7	0.00903793	0.00824839
8	0.0320445	0.0178263
9	0.00707516	0.00707446
10	0.00761252	0.00712446
11	0.00493349	0.0053709
12	0.00276716	0.00388502
13	0	0
14	0	0
15	0	0
16	0	0
17	0	0
18	0	0
19	0	0
20	0	0
21	0	0
22	0	0
23	0	0
24	0	0
25	0	0
26	0	0
27	0	0
28	0	0
29	0	0
30	0	0
31	0	0
32	0	0
33	0	0
34	0	0
At locus 6
1	0.354198	0.0527607
2	0.320387	0.0499759
3	0.0682073	0.0264392
4	0.0488942	0.0212866
5	0.0483769	0.0234611
6	0.0273459	0.0163799
7	0.0499306	0.0226867
8	0.0120705	0.0101239
9	0.0212299	0.0141246
10	0.0374487	0.0194368
11	0.0119113	0.00978903
12	0	0
13	0	0
14	0	0
15	0	0
16	0	0
17	0	0
18	0	0
19	0	0
20	0	0
21	0	0
22	0	0
23	0	0
24	0	0
25	0	0
26	0	0
27	0	0
28	0	0
29	0	0
30	0	0
31	0	0
32	0	0
33	0	0
34	0	0
At locus 7
1	0.122536	0.0364388
2	0.0641252	0.0268202
3	0.10878	0.0422696
4	0.0467754	0.0226774
5	0.162498	0.040727
6	0.234857	0.0455126
7	0.0861307	0.0312989
8	0.0910731	0.0305314
9	0.0122426	0.0100298
10	0.0109438	0.00902606
11	0.0392206	0.0200311
12	0.00926331	0.00850138
13	0.00459213	0.00532
14	0.004262	0.00513012
15	0.00270022	0.00396488
16	0	0
17	0	0
18	0	0
19	0	0
20	0	0
21	0	0
22	0	0
23	0	0
24	0	0
25	0	0
26	0	0
27	0	0
28	0	0
29	0	0
30	0	0
31	0	0
32	0	0
33	0	0
34	0	0
At locus 8
1	0.116126	0.0437835
2	0.219389	0.0475632
3	0.0365044	0.0210703
4	0.0337085	0.0188455
5	0.114569	0.0353305
6	0.161642	0.0389247
7	0.0739311	0.0307406
8	0.0275224	0.0164806
9	0.0414939	0.0204717
10	0.0266761	0.0154609
11	0.00690211	0.00684552
12	0.0245225	0.0151895
13	0.0478126	0.0217126
14	0.0159623	0.0117575
15	0.0108963	0.00962517
16	0.0128099	0.0112106
17	0.00895249	0.00829249
18	0.00492266	0.00568115
19	0.00745544	0.00702589
20	0.0082016	0.00747828
21	0	0
22	0	0
23	0	0
24	0	0
25	0	0
26	0	0
27	0	0
28	0	0
29	0	0
30	0	0
31	0	0
32	0	0
33	0	0
34	0	0
At locus 9
1	0.19425	0.0445231
2	0.246803	0.0470595
3	0.193027	0.0424481
4	0.141193	0.0566129
5	0.0306185	0.016719
6	0.106575	0.0330066
7	0.0107391	0.00988141
8	0.0585684	0.0250399
9	0.00522978	0.0056608
10	0.00517099	0.00557866
11	0.00508284	0.00564621
12	0.00274244	0.00392119
13	0	0
14	0	0
15	0	0
16	0	0
17	0	0
18	0	0
19	0	0
20	0	0
21	0	0
22	0	0
23	0	0
24	0	0
25	0	0
26	0	0
27	0	0
28	0	0
29	0	0
30	0	0
31	0	0
32	0	0
33	0	0
34	0	0
At locus 10
1	0.00680204	0.00689871
2	0.0791973	0.0292668
3	0.0690695	0.0288343
4	0.06673	0.0285363
5	0.0414341	0.0284133
6	0.0266115	0.0166847
7	0.0627557	0.0245638
8	0.0303088	0.0177737
9	0.0280345	0.0171821
10	0.0656123	0.0271844
11	0.0590678	0.0350313
12	0.0371025	0.019628
13	0.0632532	0.030581
14	0.0172787	0.0129866
15	0.0378105	0.0202081
16	0.038223	0.0204892
17	0.069302	0.0266433
18	0.00390966	0.00501331
19	0.0264886	0.015285
20	0.0198267	0.0145523
21	0.0163981	0.0120499
22	0.00403099	0.0049567
23	0.0167703	0.0131585
24	0.00482684	0.00547993
25	0.00752446	0.00715031
26	0.0147021	0.0115281
27	0.00776556	0.00773059
28	0.0183613	0.0123415
29	0.018797	0.0130406
30	0.0162755	0.0128566
31	0.00920412	0.00887085
32	0.0106294	0.0090809
33	0.00444722	0.00536118
34	0.00144896	0.00259273

In population 4
At locus 1
1	0.0564079	0.0153231
2	0.0380992	0.0129969
3	0.0677538	0.016544
4	0.0347575	0.0130882
5	0.0371903	0.0132243
6	0.064235	0.0160098
7	0.00236376	0.00329222
8	0.0679782	0.0159299
9	0.0969014	0.019339
10	0.00198182	0.00311302
11	0.0274637	0.0104982
12	0.0193926	0.00975425
13	0.0404789	0.0126918
14	0.0411432	0.0132169
15	0.00600815	0.00501057
16	0.124686	0.0213184
17	0.0212184	0.00987646
18	0.006067	0.00488113
19	0.000951743	0.00193424
20	0.0888304	0.0181584
21	0.0335727	0.0112097
22	0.0690917	0.0163563
23	0.00708932	0.00561584
24	0.0416705	0.0129958
25	0.00243316	0.00359442
26	0.00127624	0.00248706
27	0.000957504	0.00191632
28	0	0
29	0	0
30	0	0
31	0	0
32	0	0
33	0	0
34	0	0
At locus 2
1	0.224169	0.0276358
2	0.10822	0.0216244
3	0.186774	0.0267745
4	0.105296	0.0203918
5	0.0291398	0.0115821
6	0.181903	0.0263891
7	0.00294581	0.0038652
8	0.0107473	0.0070932
9	0.00639448	0.00525227
10	0.00122472	0.00240487
11	0.00426364	0.00467418
12	0.00106043	0.00230214
13	0.00109966	0.00225737
14	0.00300857	0.00413893
15	0.0262194	0.0117352
16	0.00581276	0.00489266
17	0.0040311	0.00471539
18	0.0175106	0.00878172
19	0.0011856	0.00233158
20	0.00122992	0.00230559
21	0.00147912	0.0027137
22	0.00128117	0.00249502
23	0.00498154	0.00438182
24	0.00114503	0.00227195
25	0.000853537	0.00187227
26	0.0193544	0.00896107
27	0.000979284	0.00206083
28	0.000997883	0.00209774
29	0.00104265	0.00203096
30	0.0456491	0.0136621
31	0	0
32	0	0
33	0	0
34	0	0
At locus 3
1	0.191926	0.0262687
2	0.25137	0.0287467
3	0.534059	0.032962
4	0.00419683	0.00437171
5	0.0018177	0.00289955
6	0.00440386	0.00411999
7	0.012226	0.00676041
8	0	0
9	0	0
10	0	0
11	0	0
12	0	0
13	0	0
14	0	0
15	0	0
16	0	0
17	0	0
18	0	0
19	0	0
20	0	0
21	0	0
22	0	0
23	0	0
24	0	0
25	0	0
26	0	0
27	0	0
28	0	0
29	0	0
30	0	0
31	0	0
32	0	0
33	0	0
34	0	0
At locus 4
1	0.160179	0.0240078
2	0.171443	0.025281
3	0.539575	0.0324963
4	0.0710379	0.0168658
5	0.00777604	0.00594482
6	0.0233868	0.0108149
7	0.0266027	0.010497
8	0	0
9	0	0
10	0	0
11	0	0
12	0	0
13	0	0
14	0	0
15	0	0
16	0	0
17	0	0
18	0	0
19	0	0
20	0	0
21	0	0
22	0	0
23	0	0
24	0	0
25	0	0
26	0	0
27	0	0
28	0	0
29	0	0
30	0	0
31	0	0
32	0	0
33	0	0
34	0	0
At locus 5
1	0.877289	0.0215879
2	0.024941	0.0105607
3	0.00373959	0.00456253
4	0.000871571	0.00181943
5	0.0187202	0.00936689
6	0.00157966	0.0026375
7	0.00151975	0.00268115
8	0.0675648	0.0161942
9	0.000977383	0.00204859
10	0.00109359	0.00216427
11	0.000817293	0.00178831
12	0.000886631	0.00185916
13	0	0
14	0	0
15	0	0
16	0	0
17	0	0
18	0	0
19	0	0
20	0	0
21	0	0
22	0	0
23	0	0
24	0	0
25	0	0
26	0	0
27	0	0
28	0	0
29	0	0
30	0	0
31	0	0
32	0	0
33	0	0
34	0	0
At locus 6
1	0.43386	0.0330736
2	0.349668	0.0318425
3	0.0513496	0.0148975
4	0.0379691	0.0125402
5	0.025679	0.0100689
6	0.0336795	0.0116778
7	0.0291596	0.0110427
8	0.00971735	0.00609194
9	0.010684	0.00658402
10	0.0167881	0.00840131
11	0.00144603	0.00246407
12	0	0
13	0	0
14	0	0
15	0	0
16	0	0
17	0	0
18	0	0
19	0	0
20	0	0
21	0	0
22	0	0
23	0	0
24	0	0
25	0	0
26	0	0
27	0	0
28	0	0
29	0	0
30	0	0
31	0	0
32	0	0
33	0	0
34	0	0
At locus 7
1	0.114751	0.0208916
2	0.0723919	0.017265
3	0.0662947	0.0165127
4	0.0358569	0.0123241
5	0.179975	0.0252379
6	0.312616	0.0306906
7	0.109256	0.0207427
8	0.0795821	0.0173343
9	0.00187975	0.00294018
10	0.00523259	0.00448439
11	0.0133154	0.00732744
12	0.00131448	0.00239751
13	0.00565938	0.00492009
14	0.00104112	0.00220598
15	0.000833104	0.00179886
16	0	0
17	0	0
18	0	0
19	0	0
20	0	0
21	0	0
22	0	0
23	0	0
24	0	0
25	0	0
26	0	0
27	0	0
28	0	0
29	0	0
30	0	0
31	0	0
32	0	0
33	0	0
34	0	0
At locus 8
1	0.0435702	0.0137007
2	0.246708	0.0286072
3	0.0164455	0.00873078
4	0.0990329	0.0189449
5	0.043339	0.0145831
6	0.20265	0.0269741
7	0.0816029	0.0179743
8	0.05439	0.0142982
9	0.0337325	0.011478
10	0.0997685	0.0192619
11	0.000816939	0.00182804
12	0.0073659	0.00563878
13	0.0293395	0.0117965
14	0.00228329	0.00320422
15	0.00145909	0.00257047
16	0.00295092	0.00416551
17	0.00112534	0.00241267
18	0.00535598	0.00462567
19	0.000963843	0.00199975
20	0.0270999	0.0102216
21	0	0
22	0	0
23	0	0
24	0	0
25	0	0
26	0	0
27	0	0
28	0	0
29	0	0
30	0	0
31	0	0
32	0	0
33	0	0
34	0	0
At locus 9
1	0.133858	0.0229914
2	0.302124	0.0299807
3	0.313989	0.0308393
4	0.0472348	0.014109
5	0.0374935	0.0126682
6	0.111676	0.0206475
7	0.00172233	0.0027601
8	0.0402651	0.0127991
9	0.00509139	0.0044087
10	0.000850828	0.00179812
11	0.000923851	0.00186296
12	0.00477175	0.00432375
13	0	0
14	0	0
15	0	0
16	0	0
17	0	0
18	0	0
19	0	0
20	0	0
21	0	0
22	0	0
23	0	0
24	0	0
25	0	0
26	0	0
27	0	0
28	0	0
29	0	0
30	0	0
31	0	0
32	0	0
33	0	0
34	0	0
At locus 10
1	0.00115875	0.00231864
2	0.111069	0.02114
3	0.0182627	0.00960582
4	0.0554387	0.015699
5	0.00663403	0.00600098
6	0.00798645	0.00614275
7	0.0868399	0.0192902
8	0.00381182	0.0042468
9	0.0464997	0.0144386
10	0.0955781	0.019812
11	0.0314226	0.011941
12	0.0399599	0.0127836
13	0.0186299	0.0098008
14	0.109461	0.0205528
15	0.101654	0.0198344
16	0.0282571	0.0111362
17	0.0906435	0.0193254
18	0.0010821	0.0022204
19	0.0395996	0.01289
20	0.00181156	0.00293217
21	0.0138657	0.00803293
22	0.000833018	0.00190543
23	0.00163072	0.00274344
24	0.000990194	0.00202584
25	0.00112293	0.00219122
26	0.0020334	0.00323142
27	0.0175945	0.00898271
28	0.0291213	0.0110434
29	0.0070406	0.00558703
30	0.00193992	0.00326916
31	0.00109268	0.00217987
32	0.013656	0.0079881
33	0.00118265	0.00235861
34	0.0120953	0.00688227

In population 5
At locus 1
1	0.0121353	0.0126901
2	0.0653546	0.0274166
3	0.0456792	0.0246038
4	0.0690537	0.0289611
5	0.0267608	0.0188444
6	0.0915502	0.0317625
7	0.00429185	0.0072944
8	0.0672161	0.0280636
9	0.154435	0.0403697
10	0.00347091	0.0063996
11	0.0448167	0.022633
12	0.0167554	0.0153222
13	0.0330175	0.0196722
14	0.0473422	0.0262105
15	0.00337656	0.00633795
16	0.234518	0.049335
17	0.00878975	0.0114403
18	0.0157566	0.0134363
19	0.00170601	0.00449588
20	0.0201386	0.0155049
21	0.0043174	0.00764987
22	0.00852165	0.010711
23	0.00558313	0.0086815
24	0.00629435	0.00944866
25	0.00399001	0.00698532
26	0.00311424	0.00645593
27	0.00201419	0.00470349
28	0	0
29	0	0
30	0	0
31	0	0
32	0	0
33	0	0
34	0	0
At locus 2
1	0.217573	0.0476475
2	0.0646192	0.0293406
3	0.219024	0.0483246
4	0.0336406	0.0208508
5	0.00618873	0.0087575
6	0.166559	0.0430691
7	0.00508277	0.00811144
8	0.0561543	0.026092
9	0.00353925	0.00660605
10	0.00210421	0.004978
11	0.0345819	0.0208575
12	0.00172326	0.00464438
13	0.00225576	0.00526316
14	0.00569886	0.00942695
15	0.026565	0.0190245
16	0.0142697	0.0125227
17	0.00736228	0.0102768
18	0.0214122	0.0169608
19	0.00225611	0.00521042
20	0.00235158	0.00547908
21	0.00242527	0.00530557
22	0.00235544	0.00559226
23	0.00208478	0.00492371
24	0.00168667	0.00434806
25	0.0016072	0.00418562
26	0.0596091	0.0260374
27	0.00190177	0.00474857
28	0.0019819	0.00478769
29	0.00209506	0.00502827
30	0.0312915	0.0194762
31	0	0
32	0	0
33	0	0
34	0	0
At locus 3
1	0.236853	0.0485795
2	0.243655	0.0491798
3	0.458408	0.0564989
4	0.0339298	0.0203067
5	0.00364573	0.00685051
6	0.000203251	0.00144873
7	0.0233055	0.0156801
8	0	0
9	0	0
10	0	0
11	0	0
12	0	0
13	0	0
14	0	0
15	0	0
16	0	0
17	0	0
18	0	0
19	0	0
20	0	0
21	0	0
22	0	0
23	0	0
24	0	0
25	0	0
26	0	0
27	0	0
28	0	0
29	0	0
30	0	0
31	0	0
32	0	0
33	0	0
34	0	0
At locus 4
1	0.212777	0.0456472
2	0.123676	0.0376675
3	0.459058	0.0554537
4	0.113223	0.0345615
5	0.00393236	0.006942
6	0.0817943	0.0318707
7	0.00553864	0.0085042
8	0	0
9	0	0
10	0	0
11	0	0
12	0	0
13	0	0
14	0	0
15	0	0
16	0	0
17	0	0
18	0	0
19	0	0
20	0	0
21	0	0
22	0	0
23	0	0
24	0	0
25	0	0
26	0	0
27	0	0
28	0	0
29	0	0
30	0	0
31	0	0
32	0	0
33	0	0
34	0	0
At locus 5
1	0.816929	0.0437621
2	0.0523567	0.0249271
3	0.00467907	0.00786756
4	0.00203625	0.00489137
5	0.0882009	0.0319906
6	0.00367607	0.00721813
7	0.00319806	0.00696455
8	0.0210402	0.0154831
9	0.00244862	0.00573943
10	0.0021011	0.00485219
11	0.00166266	0.00434474
12	0.00167119	0.00447953
13	0	0
14	0	0
15	0	0
16	0	0
17	0	0
18	0	0
19	0	0
20	0	0
21	0	0
22	0	0
23	0	0
24	0	0
25	0	0
26	0	0
27	0	0
28	0	0
29	0	0
30	0	0
31	0	0
32	0	0
33	0	0
34	0	0
At locus 6
1	0.373991	0.0543463
2	0.37824	0.0545504
3	0.075047	0.0303656
4	0.03634	0.0207337
5	0.0462983	0.0228062
6	0.0085747	0.01116
7	0.0357912	0.0204812
8	0.00422301	0.00695737
9	0.0183201	0.0150198
10	0.0200885	0.0153887
11	0.00308564	0.00626408
12	0	0
13	0	0
14	0	0
15	0	0
16	0	0
17	0	0
18	0	0
19	0	0
20	0	0
21	0	0
22	0	0
23	0	0
24	0	0
25	0	0
26	0	0
27	0	0
28	0	0
29	0	0
30	0	0
31	0	0
32	0	0
33	0	0
34	0	0
At locus 7
1	0.104886	0.0342613
2	0.0149415	0.0144674
3	0.0670286	0.0289041
4	0.02586	0.018036
5	0.190328	0.043921
6	0.302253	0.0524055
7	0.0198759	0.0168453
8	0.199886	0.0447907
9	0.0159196	0.013894
10	0.00290115	0.00575315
11	0.0478256	0.023707
12	0.0025981	0.00547222
13	0.00239327	0.00535696
14	0.0014049	0.00411918
15	0.00189876	0.00449205
16	0	0
17	0	0
18	0	0
19	0	0
20	0	0
21	0	0
22	0	0
23	0	0
24	0	0
25	0	0
26	0	0
27	0	0
28	0	0
29	0	0
30	0	0
31	0	0
32	0	0
33	0	0
34	0	0
At locus 8
1	0.0550299	0.0248906
2	0.203408	0.0451682
3	0.00908432	0.0114601
4	0.0088353	0.011116
5	0.185692	0.0439568
6	0.213168	0.0461848
7	0.0912424	0.0319048
8	0.101144	0.0331554
9	0.0335152	0.01935
10	0.0341392	0.0202176
11	0.00126382	0.00381287
12	0.00603495	0.00848951
13	0.0113189	0.0124652
14	0.0160359	0.0138966
15	0.00355969	0.00741308
16	0.00495227	0.0083769
17	0.00152764	0.00459027
18	0.00202052	0.00491445
19	0.00277235	0.0063919
20	0.0152565	0.0131699
21	0	0
22	0	0
23	0	0
24	0	0
25	0	0
26	0	0
27	0	0
28	0	0
29	0	0
30	0	0
31	0	0
32	0	0
33	0	0
34	0	0
At locus 9
1	0.141309	0.041084
2	0.513719	0.0583617
3	0.143377	0.0401648
4	0.0262871	0.01999
5	0.022478	0.0166695
6	0.127548	0.0374911
7	0.00380991	0.00746693
8	0.0145356	0.0147832
9	0.00202656	0.00474558
10	0.0017117	0.00438002
11	0.0016857	0.00437905
12	0.00151162	0.00411458
13	0	0
14	0	0
15	0	0
16	0	0
17	0	0
18	0	0
19	0	0
20	0	0
21	0	0
22	0	0
23	0	0
24	0	0
25	0	0
26	0	0
27	0	0
28	0	0
29	0	0
30	0	0
31	0	0
32	0	0
33	0	0
34	0	0
At locus 10
1	0.00190076	0.00461003
2	0.115878	0.0367461
3	0.079378	0.0322068
4	0.0162967	0.0158499
5	0.0218612	0.0170873
6	0.00648981	0.00929931
7	0.106813	0.0357373
8	0.0507868	0.0252635
9	0.0100584	0.0126277
10	0.110951	0.03578
11	0.0114285	0.0135394
12	0.0984701	0.0335045
13	0.0379914	0.0220438
14	0.00641071	0.00976622
15	0.147303	0.0405726
16	0.0106481	0.0132959
17	0.0567711	0.0263972
18	0.00228702	0.00545665
19	0.021341	0.0163231
20	0.00328011	0.00678334
21	0.00508863	0.00863121
22	0.00153225	0.00439422
23	0.0030701	0.00626447
24	0.013939	0.0126022
25	0.00218609	0.00520343
26	0.00302831	0.00601672
27	0.00505895	0.00935087
28	0.0189112	0.01523
29	0.018812	0.0153427
30	0.003264	0.00657534
31	0.00223848	0.00521396
32	0.00448073	0.00825723
33	0.00204428	0.00497131
34	1.05294e-012	1.89372e-011


