Chain #8
Seed for random number generator: 8 51 52 8 11

Acceptance rates for chain #8 (%)
ptild: 27.9065
theta: 30.8101
p: 32.507
F: 38.7601
Mt: 12.7429
nm: 27.8942
m: 51.8359

Migration rates
Into/From	1	2	3	4	5
1	0.382384	0.205823	0.320646	0.0564976	0.0346495
2	1.80219e-008	1	1.73017e-008	1.72151e-008	1.71718e-008
3	0.053198	0.116375	0.0805025	0.535498	0.214426
4	0.0269693	0.0201692	0.0559641	0.587051	0.309846
5	2.15577e-008	2.23033e-008	2.15263e-008	2.15868e-008	1
Standard deviation
1	0.0522633	0.0474264	0.0553637	0.0322879	0.0245076
2	4.05474e-008	8.92454e-007	3.86513e-008	3.80207e-008	3.82284e-008
3	0.0488141	0.073196	0.0734666	0.0964644	0.0967656
4	0.0248074	0.018216	0.0348457	0.0616161	0.0609728
5	4.54479e-008	4.71434e-008	4.46e-008	4.51253e-008	-1.#IND

Inbreeding coefficients
Population	Mean	Sd
1	0.0681766	0.0684126
2	0.0706934	0.0249189
3	0.207339	0.114655
4	0.0903855	0.0352661
5	0.0487652	0.0266342

Allele frequencies	Mean	Sd
In population 1
At locus 1
1	0.0447501	0.0221897
2	0.0517165	0.0247711
3	0.146115	0.044503
4	0.0413477	0.0228538
5	0.0347602	0.0204191
6	0.0407501	0.0217267
7	0.0263224	0.0188852
8	0.0384841	0.0200496
9	0.0664383	0.0275047
10	0.00812287	0.00927815
11	0.0337991	0.0204679
12	0.104764	0.0365439
13	0.0329045	0.018144
14	0.0374999	0.0217664
15	0.00998286	0.0102417
16	0.0337883	0.0176729
17	0.0701878	0.0277803
18	0.0185965	0.0124268
19	0.0084878	0.00737944
20	0.0299706	0.0185604
21	0.00986379	0.00961667
22	0.0351973	0.0205679
23	0.0284326	0.0190078
24	0.0251066	0.0164321
25	0.0115624	0.0115168
26	0.00690383	0.00775828
27	0.00414436	0.00578093
28	0	0
29	0	0
30	0	0
31	0	0
32	0	0
33	0	0
34	0	0
At locus 2
1	0.136788	0.0365052
2	0.116042	0.036064
3	0.155317	0.0390605
4	0.110439	0.0357243
5	0.0314547	0.0179533
6	0.123572	0.0360308
7	0.0240011	0.0164747
8	0.0417944	0.0232169
9	0.0192313	0.014134
10	0.00532122	0.00693858
11	0.0661235	0.0259297
12	0.00349792	0.00533861
13	0.00433887	0.00592084
14	0.0294712	0.0183275
15	0.0375779	0.0210037
16	0.00494645	0.00617846
17	0.0235942	0.0172777
18	0.0108036	0.00975041
19	0.00448646	0.00605318
20	0.0135754	0.0111312
21	0.0047326	0.00687628
22	0.00867529	0.00873959
23	0.00230152	0.00447311
24	0.00276284	0.00433691
25	0.00247371	0.00420208
26	0.00295027	0.00464009
27	0.00431759	0.00546766
28	0.00285502	0.00447711
29	0.00265395	0.00420473
30	0.00390028	0.00497529
31	0	0
32	0	0
33	0	0
34	0	0
At locus 3
1	0.260053	0.0464819
2	0.289936	0.0495479
3	0.385391	0.0530275
4	0.0478794	0.0230602
5	0.0128192	0.0116092
6	0.00164771	0.00329461
7	0.00227318	0.00360969
8	0	0
9	0	0
10	0	0
11	0	0
12	0	0
13	0	0
14	0	0
15	0	0
16	0	0
17	0	0
18	0	0
19	0	0
20	0	0
21	0	0
22	0	0
23	0	0
24	0	0
25	0	0
26	0	0
27	0	0
28	0	0
29	0	0
30	0	0
31	0	0
32	0	0
33	0	0
34	0	0
At locus 4
1	0.185465	0.0417389
2	0.214934	0.0456841
3	0.430469	0.0549942
4	0.0620138	0.0262863
5	0.00916863	0.00912931
6	0.0821704	0.0293175
7	0.0157788	0.0131209
8	0	0
9	0	0
10	0	0
11	0	0
12	0	0
13	0	0
14	0	0
15	0	0
16	0	0
17	0	0
18	0	0
19	0	0
20	0	0
21	0	0
22	0	0
23	0	0
24	0	0
25	0	0
26	0	0
27	0	0
28	0	0
29	0	0
30	0	0
31	0	0
32	0	0
33	0	0
34	0	0
At locus 5
1	0.853507	0.0444637
2	0.0235897	0.0160357
3	0.0239239	0.0172333
4	0.00246323	0.00398502
5	0.0427463	0.0241794
6	0.0108221	0.0105525
7	0.00529206	0.00696332
8	0.022926	0.0159195
9	0.00609648	0.00701611
10	0.00528042	0.00664905
11	0.00174987	0.00343285
12	0.0016034	0.00299553
13	0	0
14	0	0
15	0	0
16	0	0
17	0	0
18	0	0
19	0	0
20	0	0
21	0	0
22	0	0
23	0	0
24	0	0
25	0	0
26	0	0
27	0	0
28	0	0
29	0	0
30	0	0
31	0	0
32	0	0
33	0	0
34	0	0
At locus 6
1	0.356637	0.0536234
2	0.328896	0.0521453
3	0.0593539	0.025595
4	0.0457338	0.0218767
5	0.0592794	0.0246357
6	0.0216299	0.0156777
7	0.0621396	0.0247058
8	0.00851303	0.00898342
9	0.0118074	0.011508
10	0.0384981	0.0209892
11	0.007512	0.00858973
12	0	0
13	0	0
14	0	0
15	0	0
16	0	0
17	0	0
18	0	0
19	0	0
20	0	0
21	0	0
22	0	0
23	0	0
24	0	0
25	0	0
26	0	0
27	0	0
28	0	0
29	0	0
30	0	0
31	0	0
32	0	0
33	0	0
34	0	0
At locus 7
1	0.13007	0.0370772
2	0.0563557	0.0268259
3	0.143685	0.0407185
4	0.033057	0.0201416
5	0.187357	0.0412136
6	0.221542	0.0461573
7	0.0768401	0.0306979
8	0.0887054	0.0313814
9	0.00990225	0.00955979
10	0.00552515	0.0075347
11	0.0295713	0.0184484
12	0.00950976	0.00933884
13	0.00337947	0.00522177
14	0.00317135	0.00477383
15	0.00132762	0.00278827
16	0	0
17	0	0
18	0	0
19	0	0
20	0	0
21	0	0
22	0	0
23	0	0
24	0	0
25	0	0
26	0	0
27	0	0
28	0	0
29	0	0
30	0	0
31	0	0
32	0	0
33	0	0
34	0	0
At locus 8
1	0.160089	0.0422765
2	0.232468	0.0473403
3	0.0468268	0.021657
4	0.0238795	0.0173446
5	0.122262	0.0362946
6	0.157651	0.0403657
7	0.0589952	0.0290273
8	0.0170936	0.0138494
9	0.0371106	0.0211478
10	0.0185248	0.013729
11	0.00426568	0.00584694
12	0.0245551	0.0159482
13	0.0442878	0.0208343
14	0.0136968	0.0117422
15	0.0116671	0.0102244
16	0.00725446	0.00891463
17	0.00656662	0.00788639
18	0.00302366	0.00493167
19	0.00484379	0.00627942
20	0.00493847	0.00596469
21	0	0
22	0	0
23	0	0
24	0	0
25	0	0
26	0	0
27	0	0
28	0	0
29	0	0
30	0	0
31	0	0
32	0	0
33	0	0
34	0	0
At locus 9
1	0.194084	0.0461321
2	0.229282	0.0452413
3	0.189993	0.0430501
4	0.194455	0.050273
5	0.0268792	0.0170673
6	0.0929384	0.0319504
7	0.00821044	0.00938125
8	0.0547999	0.0256329
9	0.00308223	0.00455614
10	0.0022255	0.00388328
11	0.00202139	0.00363459
12	0.00202968	0.00372083
13	0	0
14	0	0
15	0	0
16	0	0
17	0	0
18	0	0
19	0	0
20	0	0
21	0	0
22	0	0
23	0	0
24	0	0
25	0	0
26	0	0
27	0	0
28	0	0
29	0	0
30	0	0
31	0	0
32	0	0
33	0	0
34	0	0
At locus 10
1	0.00485763	0.00647685
2	0.0670491	0.0290238
3	0.0608676	0.0280285
4	0.076652	0.0302146
5	0.0623417	0.0255454
6	0.0291582	0.0177218
7	0.0605893	0.0262306
8	0.0234315	0.0169413
9	0.0223851	0.0168106
10	0.0555696	0.0262485
11	0.0918269	0.0323218
12	0.0265554	0.0183062
13	0.0932681	0.0325614
14	0.0115266	0.0117599
15	0.048503	0.0219099
16	0.0290174	0.01938
17	0.061083	0.0275605
18	0.00220499	0.00373335
19	0.0254871	0.0157793
20	0.0213791	0.0149208
21	0.0130069	0.0122789
22	0.00315427	0.00481795
23	0.0166791	0.0135624
24	0.00358462	0.00501947
25	0.00508457	0.00651246
26	0.0133796	0.0116183
27	0.0052755	0.0067068
28	0.0154634	0.012238
29	0.014559	0.0129021
30	0.0185783	0.013769
31	0.00708181	0.00862345
32	0.00714556	0.0080394
33	0.0020037	0.00365116
34	0.00125019	0.00279745

In population 2
At locus 1
1	0.0755446	0.0244261
2	0.103289	0.0293453
3	0.0360456	0.0205344
4	0.125377	0.0318728
5	0.0696904	0.0255385
6	0.0194591	0.0154159
7	0.0124506	0.0130951
8	0.0368178	0.0178411
9	0.124569	0.0316502
10	0.0289094	0.0149418
11	0.0138392	0.0126541
12	0.12304	0.0330451
13	0.0261318	0.0142755
14	0.0494144	0.0222114
15	0.00734824	0.00896471
16	0.0393904	0.01705
17	0.0142175	0.0134849
18	0.00782348	0.00926008
19	0.0018281	0.00345803
20	0.019083	0.0149027
21	0.00447585	0.00609914
22	0.0169612	0.0144303
23	0.00925558	0.0105619
24	0.00741603	0.00809656
25	0.0197047	0.0136324
26	0.00329326	0.00538124
27	0.0046258	0.00664699
28	0	0
29	0	0
30	0	0
31	0	0
32	0	0
33	0	0
34	0	0
At locus 2
1	0.186903	0.0375941
2	0.0498699	0.0236811
3	0.0825945	0.0300677
4	0.0919021	0.0287686
5	0.023772	0.0154373
6	0.207352	0.0386361
7	0.0219727	0.0146518
8	0.0945363	0.0284445
9	0.00382381	0.00582227
10	0.00428302	0.00645976
11	0.0303315	0.016406
12	0.00316956	0.00533426
13	0.0038835	0.00601025
14	0.00835101	0.0101342
15	0.0321786	0.0202563
16	0.0127349	0.00930549
17	0.0563467	0.0214089
18	0.0158137	0.0111415
19	0.00493976	0.00654088
20	0.00263404	0.00511038
21	0.00709172	0.00894458
22	0.00159044	0.00387916
23	0.00195791	0.00381211
24	0.00145675	0.00302181
25	0.00200991	0.00383687
26	0.00204054	0.00398365
27	0.001778	0.00353537
28	0.00184372	0.00365328
29	0.0215626	0.0114499
30	0.0212763	0.0115447
31	0	0
32	0	0
33	0	0
34	0	0
At locus 3
1	0.358621	0.0466659
2	0.251299	0.0447468
3	0.354955	0.0485976
4	0.0278919	0.0173004
5	0.00437877	0.00617731
6	0.000938838	0.00244006
7	0.00191545	0.00342329
8	0	0
9	0	0
10	0	0
11	0	0
12	0	0
13	0	0
14	0	0
15	0	0
16	0	0
17	0	0
18	0	0
19	0	0
20	0	0
21	0	0
22	0	0
23	0	0
24	0	0
25	0	0
26	0	0
27	0	0
28	0	0
29	0	0
30	0	0
31	0	0
32	0	0
33	0	0
34	0	0
At locus 4
1	0.118771	0.031706
2	0.166135	0.0396599
3	0.567485	0.0497212
4	0.076667	0.0252371
5	0.00543963	0.00731726
6	0.0578449	0.0240281
7	0.00765797	0.00872625
8	0	0
9	0	0
10	0	0
11	0	0
12	0	0
13	0	0
14	0	0
15	0	0
16	0	0
17	0	0
18	0	0
19	0	0
20	0	0
21	0	0
22	0	0
23	0	0
24	0	0
25	0	0
26	0	0
27	0	0
28	0	0
29	0	0
30	0	0
31	0	0
32	0	0
33	0	0
34	0	0
At locus 5
1	0.717046	0.0427178
2	0.0424769	0.0182682
3	0.0109499	0.0117124
4	0.002325	0.00413571
5	0.14478	0.0328448
6	0.00924128	0.010441
7	0.00528705	0.00723134
8	0.0510351	0.019836
9	0.0014896	0.00323176
10	0.00180177	0.00346881
11	0.00136432	0.00297294
12	0.0122032	0.0081841
13	0	0
14	0	0
15	0	0
16	0	0
17	0	0
18	0	0
19	0	0
20	0	0
21	0	0
22	0	0
23	0	0
24	0	0
25	0	0
26	0	0
27	0	0
28	0	0
29	0	0
30	0	0
31	0	0
32	0	0
33	0	0
34	0	0
At locus 6
1	0.30272	0.0454385
2	0.342461	0.0457746
3	0.136515	0.0321192
4	0.0514198	0.0211388
5	0.0502936	0.0191139
6	0.024431	0.0152103
7	0.0326726	0.0177992
8	0.0342173	0.0154998
9	0.00847103	0.00944694
10	0.0108258	0.0105887
11	0.00597302	0.00777104
12	0	0
13	0	0
14	0	0
15	0	0
16	0	0
17	0	0
18	0	0
19	0	0
20	0	0
21	0	0
22	0	0
23	0	0
24	0	0
25	0	0
26	0	0
27	0	0
28	0	0
29	0	0
30	0	0
31	0	0
32	0	0
33	0	0
34	0	0
At locus 7
1	0.197635	0.0378959
2	0.0510215	0.0232883
3	0.0706715	0.0265072
4	0.091676	0.0273255
5	0.0866389	0.0296769
6	0.220981	0.0421868
7	0.0576907	0.0264643
8	0.0863989	0.0266664
9	0.00540974	0.00726875
10	0.00382579	0.00584312
11	0.112725	0.0277521
12	0.0040731	0.00652945
13	0.00230672	0.00416055
14	0.00222224	0.00408217
15	0.0067246	0.00611171
16	0	0
17	0	0
18	0	0
19	0	0
20	0	0
21	0	0
22	0	0
23	0	0
24	0	0
25	0	0
26	0	0
27	0	0
28	0	0
29	0	0
30	0	0
31	0	0
32	0	0
33	0	0
34	0	0
At locus 8
1	0.0477442	0.0234671
2	0.296098	0.0438504
3	0.0342741	0.0175144
4	0.0153007	0.0135219
5	0.0829648	0.0297133
6	0.123449	0.0341375
7	0.0298137	0.0193593
8	0.0942751	0.0256513
9	0.0706469	0.0235651
10	0.0271338	0.0143514
11	0.00303301	0.00501578
12	0.0463145	0.0182936
13	0.0355686	0.01773
14	0.0186658	0.0128052
15	0.00543172	0.00779591
16	0.0515535	0.0191478
17	0.00304723	0.00503722
18	0.00182937	0.00344848
19	0.0025877	0.00451497
20	0.0102689	0.00803495
21	0	0
22	0	0
23	0	0
24	0	0
25	0	0
26	0	0
27	0	0
28	0	0
29	0	0
30	0	0
31	0	0
32	0	0
33	0	0
34	0	0
At locus 9
1	0.216168	0.0414213
2	0.286634	0.0421674
3	0.179118	0.0372301
4	0.077632	0.0292138
5	0.0382272	0.0185112
6	0.124843	0.0313797
7	0.0277121	0.0147548
8	0.0419877	0.0201291
9	0.00272735	0.0044846
10	0.00195726	0.00368393
11	0.00157767	0.00339494
12	0.00141505	0.00281246
13	0	0
14	0	0
15	0	0
16	0	0
17	0	0
18	0	0
19	0	0
20	0	0
21	0	0
22	0	0
23	0	0
24	0	0
25	0	0
26	0	0
27	0	0
28	0	0
29	0	0
30	0	0
31	0	0
32	0	0
33	0	0
34	0	0
At locus 10
1	0.0034118	0.00558763
2	0.139326	0.0337332
3	0.0958044	0.028
4	0.0959808	0.0291042
5	0.0227919	0.0158232
6	0.0472558	0.0194692
7	0.0842179	0.0261891
8	0.0376633	0.0170685
9	0.0478572	0.0220477
10	0.0617404	0.024099
11	0.0167947	0.0154343
12	0.0874698	0.0261911
13	0.0141434	0.0126038
14	0.0188056	0.0129194
15	0.0135168	0.0119194
16	0.0208167	0.0169925
17	0.0832676	0.0280482
18	0.0107584	0.00821262
19	0.0194224	0.0131043
20	0.00598243	0.00837047
21	0.00727188	0.00890591
22	0.0029263	0.00498378
23	0.00447448	0.00658576
24	0.0020712	0.00364935
25	0.00286913	0.00501082
26	0.00492415	0.00703032
27	0.0030747	0.00511061
28	0.0160101	0.0113426
29	0.00550853	0.00716458
30	0.00408422	0.00636517
31	0.0033816	0.00597446
32	0.0054583	0.00739456
33	0.0101104	0.00800573
34	0.000808189	0.00236572

In population 3
At locus 1
1	0.0491877	0.0209515
2	0.0565173	0.0229594
3	0.068326	0.0355582
4	0.0491743	0.0217315
5	0.0493251	0.0209712
6	0.0456287	0.0202996
7	0.0261622	0.0162511
8	0.0471863	0.019521
9	0.0874267	0.0282164
10	0.0139882	0.01021
11	0.0402513	0.0187892
12	0.0717001	0.0298977
13	0.0319522	0.0163461
14	0.0548277	0.021929
15	0.0163078	0.0107873
16	0.0399214	0.0177077
17	0.039652	0.0221314
18	0.0163118	0.0111933
19	0.00642511	0.00620934
20	0.0379339	0.0181973
21	0.0154874	0.0103136
22	0.0371729	0.0181981
23	0.034399	0.0185475
24	0.0280017	0.0154666
25	0.0189021	0.012244
26	0.0104173	0.00817906
27	0.00741373	0.00659206
28	0	0
29	0	0
30	0	0
31	0	0
32	0	0
33	0	0
34	0	0
At locus 2
1	0.133388	0.0339424
2	0.0929253	0.0305934
3	0.139679	0.0345999
4	0.103028	0.0318145
5	0.02344	0.0142476
6	0.138084	0.0336538
7	0.0285523	0.0150296
8	0.0455877	0.0214012
9	0.0179516	0.0124647
10	0.0111395	0.00827681
11	0.0320244	0.0197726
12	0.00860597	0.00695327
13	0.00727785	0.00648792
14	0.0237733	0.0148011
15	0.0523901	0.0210994
16	0.00875613	0.00731066
17	0.0312331	0.0166876
18	0.0177333	0.0108144
19	0.00623793	0.0060149
20	0.00947669	0.00878059
21	0.00790217	0.00752486
22	0.00826197	0.00756803
23	0.00891187	0.00672049
24	0.00609078	0.00555591
25	0.00558648	0.00537075
26	0.00622579	0.00648456
27	0.00599435	0.00556676
28	0.00531234	0.00520802
29	0.00527874	0.00550915
30	0.00915196	0.00766113
31	0	0
32	0	0
33	0	0
34	0	0
At locus 3
1	0.26137	0.0431391
2	0.263354	0.0463109
3	0.407491	0.0507191
4	0.0361503	0.0190917
5	0.0205428	0.0118909
6	0.0058803	0.0054105
7	0.00521216	0.00535894
8	0	0
9	0	0
10	0	0
11	0	0
12	0	0
13	0	0
14	0	0
15	0	0
16	0	0
17	0	0
18	0	0
19	0	0
20	0	0
21	0	0
22	0	0
23	0	0
24	0	0
25	0	0
26	0	0
27	0	0
28	0	0
29	0	0
30	0	0
31	0	0
32	0	0
33	0	0
34	0	0
At locus 4
1	0.174182	0.0391366
2	0.194217	0.0425102
3	0.455145	0.0513112
4	0.0721357	0.0247743
5	0.0123513	0.00896311
6	0.0679259	0.0254439
7	0.0240437	0.0136203
8	0	0
9	0	0
10	0	0
11	0	0
12	0	0
13	0	0
14	0	0
15	0	0
16	0	0
17	0	0
18	0	0
19	0	0
20	0	0
21	0	0
22	0	0
23	0	0
24	0	0
25	0	0
26	0	0
27	0	0
28	0	0
29	0	0
30	0	0
31	0	0
32	0	0
33	0	0
34	0	0
At locus 5
1	0.782541	0.0443466
2	0.0327202	0.0161383
3	0.0242527	0.015151
4	0.00560309	0.00554568
5	0.0671249	0.0250796
6	0.0133962	0.00998659
7	0.0103401	0.00809799
8	0.0394764	0.0188928
9	0.00636575	0.00627334
10	0.00812617	0.00679254
11	0.0063969	0.00553156
12	0.00365708	0.00433968
13	0	0
14	0	0
15	0	0
16	0	0
17	0	0
18	0	0
19	0	0
20	0	0
21	0	0
22	0	0
23	0	0
24	0	0
25	0	0
26	0	0
27	0	0
28	0	0
29	0	0
30	0	0
31	0	0
32	0	0
33	0	0
34	0	0
At locus 6
1	0.340444	0.0496169
2	0.31832	0.0479826
3	0.0699903	0.0248423
4	0.0506448	0.0205898
5	0.0456498	0.0211464
6	0.032861	0.0165885
7	0.0480381	0.0212807
8	0.0144896	0.0102398
9	0.0263513	0.0135284
10	0.0395178	0.0190452
11	0.013693	0.00944636
12	0	0
13	0	0
14	0	0
15	0	0
16	0	0
17	0	0
18	0	0
19	0	0
20	0	0
21	0	0
22	0	0
23	0	0
24	0	0
25	0	0
26	0	0
27	0	0
28	0	0
29	0	0
30	0	0
31	0	0
32	0	0
33	0	0
34	0	0
At locus 7
1	0.110428	0.0329299
2	0.0672424	0.0260624
3	0.0948328	0.0336294
4	0.0547508	0.0218089
5	0.153629	0.0363847
6	0.231853	0.042284
7	0.0964869	0.0307319
8	0.0951908	0.0297556
9	0.0139021	0.00958578
10	0.0135258	0.00906588
11	0.0418578	0.0191689
12	0.0076608	0.00741565
13	0.00987194	0.00722147
14	0.00548376	0.00536085
15	0.00328316	0.00400575
16	0	0
17	0	0
18	0	0
19	0	0
20	0	0
21	0	0
22	0	0
23	0	0
24	0	0
25	0	0
26	0	0
27	0	0
28	0	0
29	0	0
30	0	0
31	0	0
32	0	0
33	0	0
34	0	0
At locus 8
1	0.100532	0.0362525
2	0.203805	0.0437488
3	0.0313083	0.0174437
4	0.0418938	0.0196136
5	0.10462	0.0324609
6	0.163168	0.0388231
7	0.0870753	0.0300913
8	0.0321913	0.0172656
9	0.0456085	0.020753
10	0.0303731	0.0152214
11	0.00889206	0.00697211
12	0.0238716	0.0140243
13	0.0493424	0.0194347
14	0.0157837	0.010834
15	0.0101486	0.00855361
16	0.0131977	0.010685
17	0.0108647	0.00824614
18	0.00715151	0.00634551
19	0.00906771	0.00706909
20	0.0111048	0.00836264
21	0	0
22	0	0
23	0	0
24	0	0
25	0	0
26	0	0
27	0	0
28	0	0
29	0	0
30	0	0
31	0	0
32	0	0
33	0	0
34	0	0
At locus 9
1	0.185575	0.0417603
2	0.259607	0.0456788
3	0.194775	0.0415191
4	0.118047	0.0417833
5	0.0330705	0.0170005
6	0.109383	0.0312729
7	0.0120083	0.00962598
8	0.0602732	0.0235244
9	0.00688417	0.00619509
10	0.00700081	0.00593901
11	0.00662463	0.00565009
12	0.00675107	0.00582749
13	0	0
14	0	0
15	0	0
16	0	0
17	0	0
18	0	0
19	0	0
20	0	0
21	0	0
22	0	0
23	0	0
24	0	0
25	0	0
26	0	0
27	0	0
28	0	0
29	0	0
30	0	0
31	0	0
32	0	0
33	0	0
34	0	0
At locus 10
1	0.00796899	0.00690268
2	0.0807984	0.0275178
3	0.0696269	0.0263109
4	0.0587279	0.0251538
5	0.0292797	0.0191475
6	0.0247235	0.0149143
7	0.064427	0.0244879
8	0.0337425	0.0170634
9	0.0318322	0.0172613
10	0.0704214	0.0261936
11	0.045762	0.0257262
12	0.0390657	0.0189203
13	0.0518998	0.0267994
14	0.0184039	0.0132142
15	0.0344609	0.0181084
16	0.0403352	0.0191598
17	0.0741038	0.0257817
18	0.00503277	0.00546953
19	0.0282321	0.0149639
20	0.0191889	0.0123978
21	0.0200112	0.0127231
22	0.00469704	0.00498751
23	0.0170928	0.0121927
24	0.00689837	0.00613623
25	0.00862161	0.00703965
26	0.0148623	0.0110913
27	0.00854113	0.00757985
28	0.020776	0.012307
29	0.0229445	0.0130143
30	0.0155347	0.0115175
31	0.00996132	0.0085085
32	0.0143889	0.0097983
33	0.00473446	0.00533189
34	0.00290223	0.00415071

In population 4
At locus 1
1	0.0771772	0.0255528
2	0.0296799	0.0183567
3	0.079472	0.0269714
4	0.0344845	0.0211475
5	0.0395485	0.0225431
6	0.0508475	0.0249145
7	0.00222579	0.00410017
8	0.0668056	0.0263507
9	0.0704869	0.0325879
10	0.00217566	0.0044161
11	0.0249125	0.0169907
12	0.0173518	0.013807
13	0.0439864	0.0212107
14	0.0272346	0.0186899
15	0.00631905	0.00794649
16	0.0979665	0.0385773
17	0.0198733	0.0147509
18	0.00225478	0.00406244
19	0.000910622	0.00233737
20	0.111692	0.0297523
21	0.043771	0.0189739
22	0.0997957	0.026805
23	0.00420873	0.0062875
24	0.0424227	0.0227276
25	0.00263618	0.0050338
26	0.000934045	0.00246723
27	0.000826239	0.00225651
28	0	0
29	0	0
30	0	0
31	0	0
32	0	0
33	0	0
34	0	0
At locus 2
1	0.225487	0.0418144
2	0.106439	0.0336423
3	0.187722	0.042455
4	0.102242	0.0301244
5	0.0366286	0.0177198
6	0.192917	0.0403522
7	0.00313012	0.00513791
8	0.00759967	0.00854941
9	0.00303823	0.00549548
10	0.00132615	0.00308374
11	0.00408945	0.00573115
12	0.0011898	0.00303987
13	0.000871341	0.00240368
14	0.00270575	0.00497058
15	0.0297166	0.018832
16	0.0025331	0.00476536
17	0.00378268	0.00560698
18	0.0139432	0.0130335
19	0.00102671	0.00277023
20	0.000947055	0.00266208
21	0.000885856	0.00276508
22	0.000852944	0.00271853
23	0.0011776	0.00306194
24	0.00104175	0.00275601
25	0.000898426	0.00255699
26	0.0133024	0.0117362
27	0.000766183	0.00230769
28	0.000824188	0.00237016
29	0.0010917	0.00261869
30	0.0518234	0.0219219
31	0	0
32	0	0
33	0	0
34	0	0
At locus 3
1	0.16319	0.0421959
2	0.273111	0.0466207
3	0.545558	0.0537837
4	0.00394441	0.00531443
5	0.00194643	0.00375372
6	0.000642201	0.00255307
7	0.0116073	0.0102962
8	0	0
9	0	0
10	0	0
11	0	0
12	0	0
13	0	0
14	0	0
15	0	0
16	0	0
17	0	0
18	0	0
19	0	0
20	0	0
21	0	0
22	0	0
23	0	0
24	0	0
25	0	0
26	0	0
27	0	0
28	0	0
29	0	0
30	0	0
31	0	0
32	0	0
33	0	0
34	0	0
At locus 4
1	0.118979	0.0378908
2	0.193054	0.0420848
3	0.576126	0.0515809
4	0.0423609	0.0245861
5	0.0123595	0.00980335
6	0.023001	0.0156592
7	0.0341196	0.0177835
8	0	0
9	0	0
10	0	0
11	0	0
12	0	0
13	0	0
14	0	0
15	0	0
16	0	0
17	0	0
18	0	0
19	0	0
20	0	0
21	0	0
22	0	0
23	0	0
24	0	0
25	0	0
26	0	0
27	0	0
28	0	0
29	0	0
30	0	0
31	0	0
32	0	0
33	0	0
34	0	0
At locus 5
1	0.882642	0.0320559
2	0.0123058	0.0131775
3	0.00398449	0.00593352
4	0.000912798	0.00236357
5	0.0108779	0.0103236
6	0.00160626	0.00327416
7	0.00158377	0.00355417
8	0.0832114	0.0264601
9	0.000448545	0.00180638
10	0.000876428	0.00244053
11	0.000725595	0.00215336
12	0.000825515	0.00228622
13	0	0
14	0	0
15	0	0
16	0	0
17	0	0
18	0	0
19	0	0
20	0	0
21	0	0
22	0	0
23	0	0
24	0	0
25	0	0
26	0	0
27	0	0
28	0	0
29	0	0
30	0	0
31	0	0
32	0	0
33	0	0
34	0	0
At locus 6
1	0.469831	0.0555657
2	0.361143	0.052502
3	0.0475688	0.0212733
4	0.0381824	0.0200297
5	0.0111471	0.0111914
6	0.0300353	0.019892
7	0.0214924	0.0160074
8	0.00702636	0.00829918
9	0.00488318	0.00700608
10	0.00734222	0.00922841
11	0.00134806	0.00298656
12	0	0
13	0	0
14	0	0
15	0	0
16	0	0
17	0	0
18	0	0
19	0	0
20	0	0
21	0	0
22	0	0
23	0	0
24	0	0
25	0	0
26	0	0
27	0	0
28	0	0
29	0	0
30	0	0
31	0	0
32	0	0
33	0	0
34	0	0
At locus 7
1	0.118592	0.0347332
2	0.096425	0.0289093
3	0.0582679	0.0261753
4	0.0282273	0.0188981
5	0.169168	0.0440772
6	0.311309	0.0535963
7	0.136498	0.0335315
8	0.0652758	0.0259189
9	0.00179683	0.00365456
10	0.004258	0.00614265
11	0.0063971	0.00747474
12	0.00105326	0.00277489
13	0.00119892	0.00308175
14	0.00095327	0.00262803
15	0.000579487	0.0019778
16	0	0
17	0	0
18	0	0
19	0	0
20	0	0
21	0	0
22	0	0
23	0	0
24	0	0
25	0	0
26	0	0
27	0	0
28	0	0
29	0	0
30	0	0
31	0	0
32	0	0
33	0	0
34	0	0
At locus 8
1	0.0322412	0.0182403
2	0.253871	0.0475158
3	0.017916	0.0137144
4	0.14055	0.0316674
5	0.0357017	0.0208492
6	0.181207	0.042597
7	0.0588552	0.0258913
8	0.033541	0.0206928
9	0.0207444	0.016433
10	0.138575	0.0316324
11	0.00109765	0.00274748
12	0.00667022	0.00770014
13	0.0374333	0.0179285
14	0.00220062	0.00403172
15	0.00138085	0.00300309
16	0.00258161	0.00491921
17	0.00156711	0.00361183
18	0.00393477	0.00614475
19	0.00102925	0.00256995
20	0.0289024	0.0174872
21	0	0
22	0	0
23	0	0
24	0	0
25	0	0
26	0	0
27	0	0
28	0	0
29	0	0
30	0	0
31	0	0
32	0	0
33	0	0
34	0	0
At locus 9
1	0.130052	0.0371516
2	0.257654	0.0490913
3	0.371482	0.0482041
4	0.0502026	0.0223087
5	0.0294808	0.0218396
6	0.101218	0.0353761
7	0.00162829	0.00328158
8	0.0493344	0.0195416
9	0.00628927	0.0068561
10	0.000848814	0.00221527
11	0.000827566	0.0021812
12	0.000983135	0.00271124
13	0	0
14	0	0
15	0	0
16	0	0
17	0	0
18	0	0
19	0	0
20	0	0
21	0	0
22	0	0
23	0	0
24	0	0
25	0	0
26	0	0
27	0	0
28	0	0
29	0	0
30	0	0
31	0	0
32	0	0
33	0	0
34	0	0
At locus 10
1	0.00104618	0.00277284
2	0.110871	0.0350657
3	0.0179939	0.0129851
4	0.0680816	0.0248032
5	0.00768381	0.00831315
6	0.00565961	0.00743428
7	0.066529	0.0311003
8	0.00352192	0.00502465
9	0.0354587	0.0282089
10	0.0804278	0.0329992
11	0.0404146	0.0196381
12	0.0156531	0.0151051
13	0.0152411	0.0133121
14	0.165986	0.0353063
15	0.0805586	0.0317172
16	0.03638	0.0187174
17	0.0976088	0.0303933
18	0.000942127	0.00242686
19	0.0489959	0.0209009
20	0.00165586	0.00346378
21	0.00955314	0.011915
22	0.000814669	0.00228858
23	0.0015047	0.00328508
24	0.00105244	0.00270116
25	0.00121079	0.00292278
26	0.00192665	0.0041074
27	0.0216342	0.0164605
28	0.0304229	0.0174648
29	0.00332061	0.00555386
30	0.00202384	0.00439476
31	0.000850503	0.00244037
32	0.0134601	0.0126549
33	0.000940704	0.00259218
34	0.0105751	0.0122292

In population 5
At locus 1
1	0.0125785	0.0127232
2	0.0570175	0.0215654
3	0.0402525	0.0209853
4	0.0540849	0.0212698
5	0.0288228	0.0185198
6	0.0951093	0.0295466
7	0.0026182	0.00432562
8	0.0701524	0.0264912
9	0.153599	0.0373142
10	0.00200912	0.00377686
11	0.0345892	0.0169705
12	0.0147884	0.0120204
13	0.0355208	0.0190173
14	0.046682	0.0229195
15	0.00322829	0.00516615
16	0.235057	0.0443097
17	0.0132568	0.0121714
18	0.0134871	0.0099055
19	0.0011831	0.00280286
20	0.0348571	0.0219674
21	0.00890754	0.0124255
22	0.0105645	0.011979
23	0.00418724	0.00612248
24	0.0224789	0.0200485
25	0.00240204	0.00424628
26	0.0013853	0.00321146
27	0.00117972	0.00281197
28	0	0
29	0	0
30	0	0
31	0	0
32	0	0
33	0	0
34	0	0
At locus 2
1	0.237223	0.0423379
2	0.0779418	0.0300771
3	0.215676	0.0431958
4	0.065321	0.0274279
5	0.00812962	0.0100046
6	0.168752	0.038939
7	0.0031731	0.00483156
8	0.035029	0.0164018
9	0.00287327	0.00493371
10	0.00138738	0.00316691
11	0.0194766	0.0119382
12	0.0011576	0.00275163
13	0.00111854	0.00280362
14	0.00317832	0.00521893
15	0.0174619	0.0125938
16	0.0129958	0.00947921
17	0.0044307	0.00618367
18	0.0241448	0.0156962
19	0.00114886	0.0028075
20	0.00114496	0.00277036
21	0.000956673	0.00290505
22	0.00117566	0.00315811
23	0.00142701	0.00329136
24	0.000992911	0.00252675
25	0.0010353	0.00262588
26	0.0514809	0.0198375
27	0.00103621	0.0026323
28	0.000871751	0.00242918
29	0.00131532	0.00294327
30	0.037943	0.0203683
31	0	0
32	0	0
33	0	0
34	0	0
At locus 3
1	0.22451	0.0428329
2	0.226158	0.0440099
3	0.506227	0.0526359
4	0.0186897	0.0114853
5	0.00217764	0.00396558
6	0.00138407	0.00335159
7	0.0208537	0.0129148
8	0	0
9	0	0
10	0	0
11	0	0
12	0	0
13	0	0
14	0	0
15	0	0
16	0	0
17	0	0
18	0	0
19	0	0
20	0	0
21	0	0
22	0	0
23	0	0
24	0	0
25	0	0
26	0	0
27	0	0
28	0	0
29	0	0
30	0	0
31	0	0
32	0	0
33	0	0
34	0	0
At locus 4
1	0.213238	0.041337
2	0.12293	0.0352061
3	0.477569	0.0502448
4	0.12249	0.0317193
5	0.00239637	0.00432975
6	0.0530674	0.0206269
7	0.00830848	0.0113236
8	0	0
9	0	0
10	0	0
11	0	0
12	0	0
13	0	0
14	0	0
15	0	0
16	0	0
17	0	0
18	0	0
19	0	0
20	0	0
21	0	0
22	0	0
23	0	0
24	0	0
25	0	0
26	0	0
27	0	0
28	0	0
29	0	0
30	0	0
31	0	0
32	0	0
33	0	0
34	0	0
At locus 5
1	0.851929	0.033624
2	0.049835	0.0198141
3	0.00334644	0.00519737
4	0.00102519	0.00260865
5	0.0595918	0.0211103
6	0.00207342	0.00396903
7	0.00174143	0.00381857
8	0.0266086	0.0169297
9	0.000889606	0.00258124
10	0.00101114	0.00271595
11	0.000907777	0.00243755
12	0.00104077	0.00261105
13	0	0
14	0	0
15	0	0
16	0	0
17	0	0
18	0	0
19	0	0
20	0	0
21	0	0
22	0	0
23	0	0
24	0	0
25	0	0
26	0	0
27	0	0
28	0	0
29	0	0
30	0	0
31	0	0
32	0	0
33	0	0
34	0	0
At locus 6
1	0.394915	0.0541304
2	0.352228	0.0514178
3	0.0646178	0.0242285
4	0.036179	0.0190083
5	0.0462411	0.0190381
6	0.02173	0.0202715
7	0.0337508	0.017138
8	0.00809671	0.00898149
9	0.0187982	0.0121858
10	0.021556	0.0135359
11	0.00188735	0.00367851
12	0	0
13	0	0
14	0	0
15	0	0
16	0	0
17	0	0
18	0	0
19	0	0
20	0	0
21	0	0
22	0	0
23	0	0
24	0	0
25	0	0
26	0	0
27	0	0
28	0	0
29	0	0
30	0	0
31	0	0
32	0	0
33	0	0
34	0	0
At locus 7
1	0.109507	0.0326728
2	0.0200291	0.0167831
3	0.0707034	0.0272073
4	0.0298552	0.0182283
5	0.201707	0.0438269
6	0.328765	0.0509878
7	0.0294796	0.0217765
8	0.15969	0.0344273
9	0.00896037	0.00794154
10	0.00387182	0.00604261
11	0.032461	0.015351
12	0.000998981	0.00266751
13	0.0019019	0.00410788
14	0.00116916	0.00281544
15	0.000900547	0.00238853
16	0	0
17	0	0
18	0	0
19	0	0
20	0	0
21	0	0
22	0	0
23	0	0
24	0	0
25	0	0
26	0	0
27	0	0
28	0	0
29	0	0
30	0	0
31	0	0
32	0	0
33	0	0
34	0	0
At locus 8
1	0.0552441	0.0213895
2	0.215493	0.0439004
3	0.00895667	0.0101247
4	0.012453	0.0146367
5	0.125243	0.0301282
6	0.240591	0.0440108
7	0.10869	0.0304168
8	0.0992137	0.0288079
9	0.0403352	0.0194885
10	0.035431	0.0196097
11	0.00120427	0.00285807
12	0.00618137	0.00724443
13	0.0110654	0.0111359
14	0.00906993	0.00773846
15	0.00184817	0.0039294
16	0.00296472	0.00521145
17	0.00143623	0.00338508
18	0.00273295	0.00499295
19	0.00139525	0.00321275
20	0.0204521	0.0156733
21	0	0
22	0	0
23	0	0
24	0	0
25	0	0
26	0	0
27	0	0
28	0	0
29	0	0
30	0	0
31	0	0
32	0	0
33	0	0
34	0	0
At locus 9
1	0.131358	0.0366182
2	0.47217	0.0552345
3	0.183738	0.0439605
4	0.0214636	0.0158663
5	0.0371191	0.0220172
6	0.133329	0.0357298
7	0.00217743	0.0041292
8	0.0133039	0.0127374
9	0.00201521	0.00415581
10	0.00110869	0.00269321
11	0.000929704	0.00245156
12	0.00128689	0.00330116
13	0	0
14	0	0
15	0	0
16	0	0
17	0	0
18	0	0
19	0	0
20	0	0
21	0	0
22	0	0
23	0	0
24	0	0
25	0	0
26	0	0
27	0	0
28	0	0
29	0	0
30	0	0
31	0	0
32	0	0
33	0	0
34	0	0
At locus 10
1	0.00120519	0.00286831
2	0.118392	0.0347776
3	0.0466672	0.019386
4	0.0142293	0.0134526
5	0.0133728	0.010276
6	0.00479255	0.0067414
7	0.120492	0.0348169
8	0.0288044	0.0148797
9	0.0371794	0.0277798
10	0.124491	0.0360567
11	0.00929937	0.0107639
12	0.0943053	0.0280739
13	0.0258544	0.0147187
14	0.0110574	0.0149183
15	0.161151	0.0375607
16	0.010447	0.012132
17	0.0637332	0.0271214
18	0.00133496	0.00316434
19	0.0221821	0.0164351
20	0.0022139	0.00419589
21	0.00934132	0.0109823
22	0.000905236	0.00258051
23	0.0018841	0.00377218
24	0.00821983	0.00745488
25	0.00130493	0.00304685
26	0.00184593	0.00374249
27	0.00863102	0.0127831
28	0.0233904	0.0162745
29	0.0119656	0.00986179
30	0.00185956	0.00369076
31	0.00115747	0.00289297
32	0.00809527	0.0106008
33	0.000856336	0.00251637
34	0.00933857	0.0120665


