Chain #6
Seed for random number generator: 6 51 52 8 11

Acceptance rates for chain #6 (%)
ptild: 25.9395
theta: 30.8874
p: 30.9348
F: 38.6244
Mt: 12.9984
nm: 27.9706
m: 51.8468

Migration rates
Into/From	1	2	3	4	5
1	0.388152	0.197451	0.322667	0.057393	0.0343377
2	1.67314e-009	1	1.6566e-009	1.66539e-009	1.66382e-009
3	0.0528455	0.111779	0.0824217	0.538493	0.21446
4	0.0328817	0.0195871	0.0464716	0.592397	0.308662
5	2.7514e-008	2.68768e-008	2.74261e-008	2.77745e-008	1
Standard deviation
1	0.0582785	0.0477084	0.0613588	0.0322482	0.0245628
2	1.30067e-009	-1.#IND	1.28466e-009	1.28409e-009	1.29609e-009
3	0.0488816	0.0725612	0.0738599	0.0949853	0.0965177
4	0.0294142	0.0179957	0.0344184	0.0620904	0.0628664
5	4.78688e-008	4.58355e-008	4.73992e-008	4.86022e-008	-1.#IND

Inbreeding coefficients
Population	Mean	Sd
1	0.0970069	0.0882518
2	0.0706267	0.0250587
3	0.187676	0.139917
4	0.0883681	0.0345384
5	0.0501918	0.0267703

Allele frequencies	Mean	Sd
In population 1
At locus 1
1	0.0458435	0.0204376
2	0.0534926	0.0233096
3	0.115936	0.0449159
4	0.042574	0.0206937
5	0.0398848	0.0199942
6	0.0421386	0.020115
7	0.0272412	0.0171082
8	0.0407787	0.0189584
9	0.0737519	0.027411
10	0.010928	0.00996549
11	0.036305	0.0189112
12	0.0948426	0.0347348
13	0.0321325	0.0161158
14	0.0427465	0.0212755
15	0.0125237	0.0102365
16	0.0357979	0.0170907
17	0.0606512	0.0259618
18	0.0177671	0.0117668
19	0.00763996	0.00678466
20	0.0323293	0.0179215
21	0.0121782	0.00981098
22	0.0358908	0.0183635
23	0.0319773	0.0182576
24	0.0266323	0.0153118
25	0.0142068	0.0115997
26	0.00827761	0.00767511
27	0.005532	0.00612256
28	0	0
29	0	0
30	0	0
31	0	0
32	0	0
33	0	0
34	0	0
At locus 2
1	0.137465	0.0347329
2	0.106288	0.032725
3	0.147903	0.0349663
4	0.10768	0.0320482
5	0.0280886	0.0161533
6	0.126817	0.0335349
7	0.0266651	0.0154544
8	0.0456462	0.0223567
9	0.0188082	0.0129013
10	0.00705225	0.00748124
11	0.0539641	0.0256086
12	0.00528696	0.00622077
13	0.00556312	0.00617294
14	0.0282331	0.0163553
15	0.041892	0.0199218
16	0.0063203	0.00668123
17	0.0268376	0.0164125
18	0.0132801	0.0101634
19	0.0054865	0.00601065
20	0.0119023	0.00968517
21	0.00609292	0.00681021
22	0.0091462	0.00806788
23	0.00481943	0.00593822
24	0.00327733	0.00434237
25	0.00364811	0.00460371
26	0.00443381	0.00536554
27	0.0049105	0.00530404
28	0.00363643	0.00460022
29	0.00338906	0.00465462
30	0.00546732	0.00606264
31	0	0
32	0	0
33	0	0
34	0	0
At locus 3
1	0.259385	0.0428022
2	0.281151	0.0463086
3	0.395037	0.0495586
4	0.0438017	0.0210688
5	0.0150128	0.0115004
6	0.00260568	0.00391312
7	0.00300722	0.00417595
8	0	0
9	0	0
10	0	0
11	0	0
12	0	0
13	0	0
14	0	0
15	0	0
16	0	0
17	0	0
18	0	0
19	0	0
20	0	0
21	0	0
22	0	0
23	0	0
24	0	0
25	0	0
26	0	0
27	0	0
28	0	0
29	0	0
30	0	0
31	0	0
32	0	0
33	0	0
34	0	0
At locus 4
1	0.180345	0.0384016
2	0.210252	0.0425699
3	0.439464	0.0509852
4	0.0643997	0.0244265
5	0.0098018	0.00855375
6	0.0775209	0.0267559
7	0.0182165	0.0127937
8	0	0
9	0	0
10	0	0
11	0	0
12	0	0
13	0	0
14	0	0
15	0	0
16	0	0
17	0	0
18	0	0
19	0	0
20	0	0
21	0	0
22	0	0
23	0	0
24	0	0
25	0	0
26	0	0
27	0	0
28	0	0
29	0	0
30	0	0
31	0	0
32	0	0
33	0	0
34	0	0
At locus 5
1	0.829876	0.0464996
2	0.0261097	0.0154295
3	0.0246151	0.0157043
4	0.00357478	0.00461811
5	0.0510302	0.0241873
6	0.0114241	0.00993107
7	0.00672436	0.00720521
8	0.0279816	0.0165391
9	0.00678658	0.00662294
10	0.00654403	0.00646542
11	0.00301686	0.00424592
12	0.00231709	0.00350133
13	0	0
14	0	0
15	0	0
16	0	0
17	0	0
18	0	0
19	0	0
20	0	0
21	0	0
22	0	0
23	0	0
24	0	0
25	0	0
26	0	0
27	0	0
28	0	0
29	0	0
30	0	0
31	0	0
32	0	0
33	0	0
34	0	0
At locus 6
1	0.351594	0.0492182
2	0.32544	0.048344
3	0.0627656	0.0242246
4	0.048025	0.0208802
5	0.0542421	0.0224175
6	0.0253076	0.0156723
7	0.0574305	0.0227279
8	0.0104607	0.00923108
9	0.0162148	0.0128209
10	0.0390834	0.0193565
11	0.00943617	0.00880259
12	0	0
13	0	0
14	0	0
15	0	0
16	0	0
17	0	0
18	0	0
19	0	0
20	0	0
21	0	0
22	0	0
23	0	0
24	0	0
25	0	0
26	0	0
27	0	0
28	0	0
29	0	0
30	0	0
31	0	0
32	0	0
33	0	0
34	0	0
At locus 7
1	0.124618	0.0337143
2	0.0607876	0.0248788
3	0.127004	0.0385707
4	0.0391721	0.0207876
5	0.175241	0.0391231
6	0.224285	0.0421906
7	0.0835545	0.0291336
8	0.0912356	0.0290877
9	0.0111421	0.00923604
10	0.00918166	0.00828174
11	0.034284	0.0181659
12	0.00882866	0.00815816
13	0.00490319	0.0057584
14	0.00347087	0.00473218
15	0.00229189	0.00348385
16	0	0
17	0	0
18	0	0
19	0	0
20	0	0
21	0	0
22	0	0
23	0	0
24	0	0
25	0	0
26	0	0
27	0	0
28	0	0
29	0	0
30	0	0
31	0	0
32	0	0
33	0	0
34	0	0
At locus 8
1	0.140723	0.0417884
2	0.222853	0.0426702
3	0.041009	0.0197638
4	0.0296359	0.01798
5	0.116358	0.0330812
6	0.160565	0.0370387
7	0.067603	0.0278455
8	0.0225472	0.0153322
9	0.0392588	0.0198342
10	0.0228705	0.0144226
11	0.00600473	0.00637056
12	0.0243501	0.014532
13	0.0450634	0.0195563
14	0.0145046	0.0109814
15	0.0110638	0.00926065
16	0.00985703	0.00943792
17	0.00793244	0.00770247
18	0.00461647	0.00547064
19	0.00636036	0.00669628
20	0.00682421	0.00683137
21	0	0
22	0	0
23	0	0
24	0	0
25	0	0
26	0	0
27	0	0
28	0	0
29	0	0
30	0	0
31	0	0
32	0	0
33	0	0
34	0	0
At locus 9
1	0.189205	0.0422723
2	0.240269	0.0439562
3	0.189386	0.0403232
4	0.170102	0.0506889
5	0.0289584	0.0163358
6	0.0999572	0.0304912
7	0.00978043	0.00935233
8	0.0577796	0.0235969
9	0.00417245	0.00514243
10	0.00367205	0.00478866
11	0.00354995	0.00466155
12	0.00316802	0.00462383
13	0	0
14	0	0
15	0	0
16	0	0
17	0	0
18	0	0
19	0	0
20	0	0
21	0	0
22	0	0
23	0	0
24	0	0
25	0	0
26	0	0
27	0	0
28	0	0
29	0	0
30	0	0
31	0	0
32	0	0
33	0	0
34	0	0
At locus 10
1	0.00637447	0.00658201
2	0.0714025	0.0268499
3	0.0631817	0.0256198
4	0.0693082	0.0270172
5	0.0501536	0.024736
6	0.0275192	0.0160138
7	0.0621942	0.0242891
8	0.0270699	0.0162884
9	0.0259475	0.0163667
10	0.0618028	0.0251561
11	0.0761395	0.0321419
12	0.0310862	0.0182764
13	0.0791348	0.032077
14	0.0143812	0.0117252
15	0.0435308	0.0201564
16	0.0320391	0.0180096
17	0.0659445	0.0258145
18	0.00312281	0.00434497
19	0.0261993	0.014863
20	0.021518	0.013506
21	0.0144882	0.0114963
22	0.00382105	0.00483164
23	0.0171488	0.0124634
24	0.0046801	0.0054327
25	0.0061751	0.00656013
26	0.0135546	0.0106938
27	0.00609578	0.00661307
28	0.0174962	0.0118903
29	0.017258	0.0125273
30	0.0168131	0.0124174
31	0.00865341	0.00818843
32	0.0095431	0.00860482
33	0.00344019	0.00468875
34	0.00278215	0.00399917

In population 2
At locus 1
1	0.0761904	0.0247021
2	0.103055	0.0300543
3	0.0394972	0.021543
4	0.127778	0.032172
5	0.069798	0.0260862
6	0.0196107	0.0157991
7	0.0117499	0.0129313
8	0.0365155	0.0179854
9	0.125095	0.0316873
10	0.0284984	0.0150207
11	0.0132678	0.0124415
12	0.121977	0.0329035
13	0.0261667	0.0145041
14	0.0482719	0.0218989
15	0.00679277	0.00866589
16	0.0394629	0.0173271
17	0.0141705	0.0133651
18	0.00790386	0.00954596
19	0.00156989	0.00315227
20	0.018194	0.0145218
21	0.00437032	0.00605199
22	0.016916	0.0143384
23	0.00886243	0.0104734
24	0.0074875	0.00816483
25	0.0192136	0.0136473
26	0.00331173	0.00549226
27	0.00427347	0.00648701
28	0	0
29	0	0
30	0	0
31	0	0
32	0	0
33	0	0
34	0	0
At locus 2
1	0.187565	0.0386429
2	0.0503301	0.0237988
3	0.0828538	0.0303474
4	0.0933665	0.0294493
5	0.0240075	0.0156412
6	0.205594	0.0391167
7	0.0212504	0.0145374
8	0.0923912	0.0291483
9	0.00386433	0.00575307
10	0.00434688	0.00654933
11	0.0319655	0.0172022
12	0.00327177	0.00537636
13	0.00375699	0.00605106
14	0.00773274	0.00981609
15	0.0309553	0.0201673
16	0.0130197	0.0095837
17	0.0558732	0.0216919
18	0.0153854	0.0108392
19	0.00497011	0.00658932
20	0.00315323	0.00528288
21	0.0069938	0.00882006
22	0.00265114	0.00469223
23	0.00243148	0.00432129
24	0.00102562	0.00270531
25	0.00206221	0.00403332
26	0.00246385	0.00413367
27	0.00145848	0.00321509
28	0.00143502	0.00340976
29	0.021849	0.0115466
30	0.021975	0.0120188
31	0	0
32	0	0
33	0	0
34	0	0
At locus 3
1	0.36108	0.0475364
2	0.251154	0.0453755
3	0.352823	0.0488414
4	0.0279699	0.0173758
5	0.00412189	0.00617413
6	0.00100778	0.00245604
7	0.00184383	0.00342518
8	0	0
9	0	0
10	0	0
11	0	0
12	0	0
13	0	0
14	0	0
15	0	0
16	0	0
17	0	0
18	0	0
19	0	0
20	0	0
21	0	0
22	0	0
23	0	0
24	0	0
25	0	0
26	0	0
27	0	0
28	0	0
29	0	0
30	0	0
31	0	0
32	0	0
33	0	0
34	0	0
At locus 4
1	0.117927	0.0318253
2	0.165533	0.0399981
3	0.568059	0.0500439
4	0.0776419	0.0256843
5	0.00516551	0.00708144
6	0.0582804	0.0244768
7	0.00739303	0.00855318
8	0	0
9	0	0
10	0	0
11	0	0
12	0	0
13	0	0
14	0	0
15	0	0
16	0	0
17	0	0
18	0	0
19	0	0
20	0	0
21	0	0
22	0	0
23	0	0
24	0	0
25	0	0
26	0	0
27	0	0
28	0	0
29	0	0
30	0	0
31	0	0
32	0	0
33	0	0
34	0	0
At locus 5
1	0.716962	0.0429837
2	0.0429087	0.0188746
3	0.00997038	0.0114611
4	0.00226336	0.00414028
5	0.145178	0.0331447
6	0.00858872	0.0105792
7	0.004553	0.00705356
8	0.0515263	0.020321
9	0.00214985	0.00395896
10	0.0020267	0.0037929
11	0.0014137	0.00312034
12	0.0124587	0.00840611
13	0	0
14	0	0
15	0	0
16	0	0
17	0	0
18	0	0
19	0	0
20	0	0
21	0	0
22	0	0
23	0	0
24	0	0
25	0	0
26	0	0
27	0	0
28	0	0
29	0	0
30	0	0
31	0	0
32	0	0
33	0	0
34	0	0
At locus 6
1	0.301542	0.0453516
2	0.343956	0.0456778
3	0.137373	0.0325273
4	0.0508675	0.0209988
5	0.0515946	0.0194825
6	0.0239421	0.0152936
7	0.0324192	0.0180168
8	0.0345188	0.0156544
9	0.00824778	0.00946995
10	0.0101382	0.0101387
11	0.00540031	0.00751463
12	0	0
13	0	0
14	0	0
15	0	0
16	0	0
17	0	0
18	0	0
19	0	0
20	0	0
21	0	0
22	0	0
23	0	0
24	0	0
25	0	0
26	0	0
27	0	0
28	0	0
29	0	0
30	0	0
31	0	0
32	0	0
33	0	0
34	0	0
At locus 7
1	0.199468	0.037599
2	0.0500473	0.0228885
3	0.0722354	0.0269419
4	0.0926733	0.0279015
5	0.0866735	0.0298349
6	0.220066	0.0431989
7	0.0552562	0.0260191
8	0.0869946	0.0269921
9	0.00526306	0.00720507
10	0.00373359	0.00558078
11	0.114593	0.0285303
12	0.00332202	0.00611201
13	0.00173556	0.00365987
14	0.000967201	0.00278615
15	0.00697129	0.00639595
16	0	0
17	0	0
18	0	0
19	0	0
20	0	0
21	0	0
22	0	0
23	0	0
24	0	0
25	0	0
26	0	0
27	0	0
28	0	0
29	0	0
30	0	0
31	0	0
32	0	0
33	0	0
34	0	0
At locus 8
1	0.0484032	0.0238933
2	0.297538	0.0436749
3	0.0348925	0.0178964
4	0.0145077	0.0131976
5	0.0820673	0.029421
6	0.122456	0.0342063
7	0.0289003	0.0187897
8	0.0940967	0.0260926
9	0.0706846	0.0239691
10	0.0273578	0.0146007
11	0.00310269	0.00510453
12	0.0467516	0.0183937
13	0.0357768	0.0179636
14	0.0184281	0.0128566
15	0.00571398	0.00815765
16	0.0516901	0.0192932
17	0.00277548	0.00495771
18	0.00191958	0.00350394
19	0.00264722	0.00465466
20	0.010291	0.00814799
21	0	0
22	0	0
23	0	0
24	0	0
25	0	0
26	0	0
27	0	0
28	0	0
29	0	0
30	0	0
31	0	0
32	0	0
33	0	0
34	0	0
At locus 9
1	0.216265	0.0419051
2	0.286653	0.0429597
3	0.17922	0.0375451
4	0.0790703	0.0296269
5	0.0384089	0.0187963
6	0.123879	0.0318661
7	0.0273702	0.0148979
8	0.0413744	0.0198576
9	0.00247471	0.00439576
10	0.0020358	0.0038273
11	0.00210352	0.00390036
12	0.00114415	0.00264089
13	0	0
14	0	0
15	0	0
16	0	0
17	0	0
18	0	0
19	0	0
20	0	0
21	0	0
22	0	0
23	0	0
24	0	0
25	0	0
26	0	0
27	0	0
28	0	0
29	0	0
30	0	0
31	0	0
32	0	0
33	0	0
34	0	0
At locus 10
1	0.00324262	0.00558863
2	0.139553	0.0332044
3	0.0972194	0.0292714
4	0.0976244	0.0298538
5	0.0243628	0.0167296
6	0.0476272	0.0195557
7	0.0841826	0.0257104
8	0.0374207	0.0174188
9	0.0468097	0.0217871
10	0.0605678	0.0241322
11	0.0172371	0.0154839
12	0.0885051	0.026846
13	0.0142262	0.0126159
14	0.0179067	0.0125738
15	0.0140546	0.0122242
16	0.0194931	0.0164159
17	0.0832334	0.0282325
18	0.0109766	0.00846041
19	0.0195597	0.0130197
20	0.00527087	0.00784596
21	0.00696355	0.00892907
22	0.00285759	0.00496351
23	0.00417166	0.00650964
24	0.00189276	0.00342984
25	0.00242405	0.00451267
26	0.00447231	0.00660473
27	0.00319737	0.00525321
28	0.0156847	0.0114055
29	0.00539702	0.00715191
30	0.00374115	0.00612771
31	0.00320897	0.00559212
32	0.00512064	0.00711358
33	0.0101509	0.0081869
34	0.0016439	0.00323304

In population 3
At locus 1
1	0.0488275	0.0213774
2	0.0561561	0.0238696
3	0.0909806	0.0442605
4	0.0476321	0.0218492
5	0.0459759	0.0211808
6	0.0449617	0.0208997
7	0.024826	0.0169304
8	0.0452068	0.0200338
9	0.0824102	0.0293954
10	0.0122133	0.0101212
11	0.0375036	0.0189747
12	0.0809981	0.0340975
13	0.0324294	0.0168814
14	0.0512228	0.0230875
15	0.0146922	0.0109025
16	0.0386053	0.0180214
17	0.0460026	0.0253996
18	0.0162598	0.0115079
19	0.00636911	0.00648153
20	0.0354183	0.0179402
21	0.0137925	0.0104042
22	0.0367243	0.0185625
23	0.0307489	0.0184397
24	0.0268693	0.0158547
25	0.016902	0.012424
26	0.00976203	0.0081878
27	0.00650956	0.0065445
28	0	0
29	0	0
30	0	0
31	0	0
32	0	0
33	0	0
34	0	0
At locus 2
1	0.134392	0.0349445
2	0.101266	0.033015
3	0.14349	0.0367948
4	0.102245	0.0330236
5	0.0256524	0.0154374
6	0.134341	0.0343935
7	0.0260322	0.0155036
8	0.044526	0.0218311
9	0.0182911	0.0130981
10	0.00983506	0.00855919
11	0.0409607	0.0244351
12	0.00700263	0.00674136
13	0.00667265	0.00665308
14	0.0243323	0.0160202
15	0.0479763	0.0214735
16	0.00763244	0.00710202
17	0.029287	0.017026
18	0.0154857	0.010998
19	0.00664527	0.00653427
20	0.0115648	0.00948614
21	0.00781628	0.00765046
22	0.00944823	0.00811828
23	0.00825097	0.00727087
24	0.00455131	0.00512229
25	0.00505268	0.0054062
26	0.00606454	0.00636887
27	0.00497762	0.0053479
28	0.00407408	0.00483011
29	0.0043849	0.00516024
30	0.0077479	0.00729643
31	0	0
32	0	0
33	0	0
34	0	0
At locus 3
1	0.260124	0.0440297
2	0.271459	0.0473603
3	0.402296	0.051595
4	0.0387843	0.0205887
5	0.0179787	0.0121723
6	0.00510989	0.00565375
7	0.00424804	0.00509268
8	0	0
9	0	0
10	0	0
11	0	0
12	0	0
13	0	0
14	0	0
15	0	0
16	0	0
17	0	0
18	0	0
19	0	0
20	0	0
21	0	0
22	0	0
23	0	0
24	0	0
25	0	0
26	0	0
27	0	0
28	0	0
29	0	0
30	0	0
31	0	0
32	0	0
33	0	0
34	0	0
At locus 4
1	0.177365	0.0398428
2	0.198756	0.0432738
3	0.450723	0.052293
4	0.068906	0.0252622
5	0.0113509	0.00907228
6	0.0710584	0.0264667
7	0.02184	0.013801
8	0	0
9	0	0
10	0	0
11	0	0
12	0	0
13	0	0
14	0	0
15	0	0
16	0	0
17	0	0
18	0	0
19	0	0
20	0	0
21	0	0
22	0	0
23	0	0
24	0	0
25	0	0
26	0	0
27	0	0
28	0	0
29	0	0
30	0	0
31	0	0
32	0	0
33	0	0
34	0	0
At locus 5
1	0.801982	0.04984
2	0.0303288	0.0165523
3	0.0233008	0.0154412
4	0.00509686	0.00548409
5	0.0598595	0.0262298
6	0.0125867	0.0104054
7	0.00863214	0.00820299
8	0.0348634	0.0185875
9	0.00753025	0.00688867
10	0.00756478	0.00693403
11	0.00509292	0.00533688
12	0.00316209	0.00418641
13	0	0
14	0	0
15	0	0
16	0	0
17	0	0
18	0	0
19	0	0
20	0	0
21	0	0
22	0	0
23	0	0
24	0	0
25	0	0
26	0	0
27	0	0
28	0	0
29	0	0
30	0	0
31	0	0
32	0	0
33	0	0
34	0	0
At locus 6
1	0.346509	0.05054
2	0.321302	0.0487145
3	0.0673092	0.0253372
4	0.0491735	0.0210341
5	0.0487659	0.0224109
6	0.0300729	0.0167797
7	0.0515082	0.0225627
8	0.0128699	0.0102921
9	0.0220814	0.0143916
10	0.0383779	0.0195153
11	0.0120303	0.00963221
12	0	0
13	0	0
14	0	0
15	0	0
16	0	0
17	0	0
18	0	0
19	0	0
20	0	0
21	0	0
22	0	0
23	0	0
24	0	0
25	0	0
26	0	0
27	0	0
28	0	0
29	0	0
30	0	0
31	0	0
32	0	0
33	0	0
34	0	0
At locus 7
1	0.116463	0.0343723
2	0.0638559	0.0260797
3	0.107636	0.0385226
4	0.048422	0.0226517
5	0.163433	0.0392928
6	0.230146	0.0432592
7	0.0917349	0.0310877
8	0.0932726	0.0305469
9	0.0129291	0.00977199
10	0.0115227	0.00919468
11	0.0374843	0.0190785
12	0.00819319	0.00806404
13	0.00811124	0.00755572
14	0.00375653	0.0046328
15	0.00303937	0.00393151
16	0	0
17	0	0
18	0	0
19	0	0
20	0	0
21	0	0
22	0	0
23	0	0
24	0	0
25	0	0
26	0	0
27	0	0
28	0	0
29	0	0
30	0	0
31	0	0
32	0	0
33	0	0
34	0	0
At locus 8
1	0.113984	0.0419895
2	0.212889	0.0452565
3	0.0349628	0.0191116
4	0.0364577	0.0196427
5	0.109272	0.0337146
6	0.162828	0.0381412
7	0.0785363	0.0302563
8	0.0291224	0.017551
9	0.0438076	0.0209212
10	0.027654	0.0155865
11	0.00732101	0.00697382
12	0.0237415	0.0145227
13	0.047817	0.0203872
14	0.0151795	0.0110847
15	0.0103061	0.00893527
16	0.0129489	0.0109836
17	0.00952429	0.00820376
18	0.00640994	0.00650681
19	0.00780665	0.00707149
20	0.00943121	0.00828323
21	0	0
22	0	0
23	0	0
24	0	0
25	0	0
26	0	0
27	0	0
28	0	0
29	0	0
30	0	0
31	0	0
32	0	0
33	0	0
34	0	0
At locus 9
1	0.190018	0.0427976
2	0.251412	0.0462919
3	0.194523	0.0415901
4	0.134607	0.0496049
5	0.0315576	0.0168929
6	0.10623	0.0315799
7	0.0113149	0.00982669
8	0.0575015	0.023554
9	0.00583719	0.00609717
10	0.00589312	0.00591141
11	0.00572192	0.00591216
12	0.00538371	0.00567356
13	0	0
14	0	0
15	0	0
16	0	0
17	0	0
18	0	0
19	0	0
20	0	0
21	0	0
22	0	0
23	0	0
24	0	0
25	0	0
26	0	0
27	0	0
28	0	0
29	0	0
30	0	0
31	0	0
32	0	0
33	0	0
34	0	0
At locus 10
1	0.00728689	0.00692144
2	0.0792988	0.0288625
3	0.0656776	0.0268545
4	0.0652339	0.0270675
5	0.0376216	0.0236588
6	0.0257297	0.0156957
7	0.0645098	0.0251353
8	0.0306447	0.0170681
9	0.0299623	0.0176802
10	0.0651446	0.0261247
11	0.057969	0.0320035
12	0.0353178	0.0190595
13	0.0614117	0.0317098
14	0.0172999	0.0129947
15	0.0384637	0.0195883
16	0.0374244	0.0193121
17	0.0701015	0.0271453
18	0.00410814	0.00501699
19	0.0273505	0.0153312
20	0.0186991	0.0133904
21	0.0180767	0.0128641
22	0.00444415	0.00517288
23	0.0166262	0.0125544
24	0.00592163	0.00591974
25	0.00741687	0.0070134
26	0.0143658	0.0112634
27	0.00785674	0.00786047
28	0.0192546	0.0125154
29	0.020118	0.0133878
30	0.0163003	0.012437
31	0.00987984	0.00867319
32	0.0120994	0.00979661
33	0.00451696	0.00537387
34	0.00386721	0.0047617

In population 4
At locus 1
1	0.0764775	0.0252621
2	0.0311594	0.0186197
3	0.0784784	0.0267503
4	0.0338356	0.0209222
5	0.0395714	0.0221444
6	0.0504949	0.0237817
7	0.00223524	0.00405788
8	0.0664741	0.0255036
9	0.0743554	0.0320347
10	0.00233994	0.00452418
11	0.0254064	0.0167397
12	0.0190559	0.013931
13	0.0442519	0.0209182
14	0.0281035	0.0186735
15	0.0071717	0.00792576
16	0.0941211	0.0375445
17	0.0199665	0.0145161
18	0.0022159	0.00402302
19	0.000752617	0.00213653
20	0.111574	0.0295032
21	0.0429203	0.0184678
22	0.0974322	0.0261937
23	0.00462348	0.00646522
24	0.0422228	0.0223899
25	0.00263912	0.00499036
26	0.00124795	0.00289049
27	0.000872558	0.00225467
28	0	0
29	0	0
30	0	0
31	0	0
32	0	0
33	0	0
34	0	0
At locus 2
1	0.223755	0.0418709
2	0.102106	0.0326572
3	0.189561	0.0405628
4	0.100814	0.0295031
5	0.0368716	0.0179025
6	0.193837	0.040447
7	0.00314185	0.00505679
8	0.00795806	0.00849913
9	0.00341931	0.00562705
10	0.00133515	0.00307197
11	0.00447837	0.00585297
12	0.00143393	0.00330659
13	0.00108341	0.00263399
14	0.00282354	0.00486002
15	0.0311086	0.0191584
16	0.00281283	0.00509058
17	0.00407248	0.00591866
18	0.0133841	0.0126077
19	0.00142099	0.00318919
20	0.00116802	0.00285985
21	0.00140339	0.00323453
22	0.00143818	0.00328727
23	0.00138965	0.00320239
24	0.00101351	0.00277181
25	0.00100122	0.0024979
26	0.0132506	0.0114774
27	0.000946281	0.00249651
28	0.000675878	0.00212397
29	0.00102456	0.00261458
30	0.0512711	0.021701
31	0	0
32	0	0
33	0	0
34	0	0
At locus 3
1	0.165067	0.0413606
2	0.274235	0.0464999
3	0.544182	0.0530271
4	0.00422063	0.00541528
5	0.0019305	0.00383248
6	0.000702506	0.00258116
7	0.00966233	0.0102211
8	0	0
9	0	0
10	0	0
11	0	0
12	0	0
13	0	0
14	0	0
15	0	0
16	0	0
17	0	0
18	0	0
19	0	0
20	0	0
21	0	0
22	0	0
23	0	0
24	0	0
25	0	0
26	0	0
27	0	0
28	0	0
29	0	0
30	0	0
31	0	0
32	0	0
33	0	0
34	0	0
At locus 4
1	0.119563	0.0372062
2	0.191747	0.0412144
3	0.574987	0.0515028
4	0.0433513	0.0245521
5	0.0122751	0.00968141
6	0.0244669	0.0156305
7	0.0336097	0.0175148
8	0	0
9	0	0
10	0	0
11	0	0
12	0	0
13	0	0
14	0	0
15	0	0
16	0	0
17	0	0
18	0	0
19	0	0
20	0	0
21	0	0
22	0	0
23	0	0
24	0	0
25	0	0
26	0	0
27	0	0
28	0	0
29	0	0
30	0	0
31	0	0
32	0	0
33	0	0
34	0	0
At locus 5
1	0.882579	0.0314042
2	0.0124662	0.0132259
3	0.0041584	0.00628818
4	0.000951386	0.00243241
5	0.0111012	0.0104056
6	0.00139072	0.00301713
7	0.00110476	0.00295472
8	0.0826931	0.0255293
9	0.00111325	0.00263659
10	0.00105188	0.0026078
11	0.000542327	0.00185327
12	0.000847853	0.002262
13	0	0
14	0	0
15	0	0
16	0	0
17	0	0
18	0	0
19	0	0
20	0	0
21	0	0
22	0	0
23	0	0
24	0	0
25	0	0
26	0	0
27	0	0
28	0	0
29	0	0
30	0	0
31	0	0
32	0	0
33	0	0
34	0	0
At locus 6
1	0.467303	0.0537783
2	0.36276	0.0520323
3	0.0475818	0.0210076
4	0.0373878	0.0197355
5	0.0119621	0.0115529
6	0.0297542	0.0196232
7	0.0222163	0.0156605
8	0.00709082	0.00819187
9	0.00479585	0.00684219
10	0.0077452	0.00944717
11	0.00140233	0.00300808
12	0	0
13	0	0
14	0	0
15	0	0
16	0	0
17	0	0
18	0	0
19	0	0
20	0	0
21	0	0
22	0	0
23	0	0
24	0	0
25	0	0
26	0	0
27	0	0
28	0	0
29	0	0
30	0	0
31	0	0
32	0	0
33	0	0
34	0	0
At locus 7
1	0.118235	0.0336264
2	0.0952389	0.0283788
3	0.0597091	0.0261429
4	0.0296754	0.0192513
5	0.171587	0.0434471
6	0.306994	0.0523293
7	0.136219	0.0325905
8	0.0652541	0.0261222
9	0.00192407	0.00371479
10	0.00452322	0.00601997
11	0.00669192	0.007494
12	0.000858453	0.00242982
13	0.00130353	0.0031983
14	0.000952518	0.00268742
15	0.000832795	0.00220544
16	0	0
17	0	0
18	0	0
19	0	0
20	0	0
21	0	0
22	0	0
23	0	0
24	0	0
25	0	0
26	0	0
27	0	0
28	0	0
29	0	0
30	0	0
31	0	0
32	0	0
33	0	0
34	0	0
At locus 8
1	0.0331246	0.0185139
2	0.255249	0.047054
3	0.0182108	0.0134501
4	0.13888	0.031424
5	0.0377261	0.0204107
6	0.179365	0.0417675
7	0.0595205	0.0258806
8	0.0361236	0.0206167
9	0.0215741	0.0164941
10	0.133967	0.0307627
11	0.00122605	0.0027657
12	0.00678191	0.00775308
13	0.0361062	0.0173944
14	0.00231275	0.00401681
15	0.00144403	0.00311637
16	0.00289978	0.00514599
17	0.00164475	0.00365616
18	0.00374334	0.00588244
19	0.00107921	0.00260047
20	0.0290207	0.0176327
21	0	0
22	0	0
23	0	0
24	0	0
25	0	0
26	0	0
27	0	0
28	0	0
29	0	0
30	0	0
31	0	0
32	0	0
33	0	0
34	0	0
At locus 9
1	0.130165	0.0365201
2	0.261013	0.0482949
3	0.369046	0.0480194
4	0.0511966	0.0220089
5	0.0296147	0.0207379
6	0.0989085	0.0340831
7	0.00169986	0.00328475
8	0.0490622	0.0192922
9	0.00623084	0.00681727
10	0.00110578	0.00255397
11	0.000888463	0.00227043
12	0.00106903	0.00285053
13	0	0
14	0	0
15	0	0
16	0	0
17	0	0
18	0	0
19	0	0
20	0	0
21	0	0
22	0	0
23	0	0
24	0	0
25	0	0
26	0	0
27	0	0
28	0	0
29	0	0
30	0	0
31	0	0
32	0	0
33	0	0
34	0	0
At locus 10
1	0.00129019	0.00294115
2	0.110227	0.0343255
3	0.0183619	0.0128653
4	0.067345	0.0244251
5	0.00774184	0.00819677
6	0.00606856	0.0074701
7	0.0650893	0.0303996
8	0.00364978	0.00512126
9	0.0385323	0.0273059
10	0.0780098	0.0318342
11	0.0405652	0.0198805
12	0.0162637	0.0150796
13	0.0160502	0.0134687
14	0.163135	0.0335931
15	0.078889	0.0318151
16	0.036563	0.0184281
17	0.0959514	0.0308453
18	0.00100933	0.00259573
19	0.0480791	0.0203996
20	0.00166704	0.00329822
21	0.00953747	0.0115147
22	0.000923339	0.00240972
23	0.00180442	0.00365932
24	0.00105971	0.00256166
25	0.00109925	0.00271611
26	0.00191698	0.00399811
27	0.0239214	0.0155359
28	0.0305644	0.0175583
29	0.00337836	0.00554537
30	0.00186645	0.00408278
31	0.00134003	0.00311656
32	0.0126864	0.0122116
33	0.00105056	0.00270509
34	0.0143625	0.0113846

In population 5
At locus 1
1	0.0131633	0.012886
2	0.055819	0.0216611
3	0.0430684	0.0218557
4	0.0547798	0.0213085
5	0.0288799	0.0180287
6	0.0941097	0.0295457
7	0.00275782	0.00461986
8	0.0698228	0.0263307
9	0.14828	0.0363002
10	0.0021611	0.00390857
11	0.0346106	0.0172671
12	0.0145127	0.0119039
13	0.0352488	0.0189341
14	0.0461804	0.0224801
15	0.00300938	0.0049223
16	0.237424	0.0441289
17	0.0140802	0.0124428
18	0.0135214	0.00982921
19	0.00121116	0.00284657
20	0.0337193	0.0214675
21	0.00930139	0.0122597
22	0.0114142	0.01246
23	0.00469603	0.0064464
24	0.0227683	0.0197227
25	0.00243187	0.00423351
26	0.00177385	0.00366795
27	0.00125402	0.00278897
28	0	0
29	0	0
30	0	0
31	0	0
32	0	0
33	0	0
34	0	0
At locus 2
1	0.236408	0.0413631
2	0.0810524	0.0304503
3	0.211436	0.0430499
4	0.0658634	0.0278016
5	0.00854937	0.0102876
6	0.166296	0.0388357
7	0.00334252	0.00507956
8	0.0347891	0.016112
9	0.00305499	0.00517013
10	0.00151925	0.00331889
11	0.0200494	0.0120782
12	0.00131017	0.00303593
13	0.00123932	0.00287561
14	0.00324635	0.00528802
15	0.0175315	0.0124155
16	0.0134317	0.00963813
17	0.00438101	0.00600294
18	0.0244871	0.0157587
19	0.00148606	0.00341512
20	0.00158743	0.00322418
21	0.00129717	0.00310439
22	0.00163281	0.0034769
23	0.00160384	0.00360911
24	0.000799199	0.00233475
25	0.00116433	0.00277128
26	0.0513797	0.0193647
27	0.000880222	0.00238378
28	0.000906281	0.00248254
29	0.00131264	0.0029788
30	0.0379622	0.0204111
31	0	0
32	0	0
33	0	0
34	0	0
At locus 3
1	0.225574	0.0424551
2	0.225462	0.0440029
3	0.504237	0.0525902
4	0.0187895	0.0114156
5	0.00222048	0.00406406
6	0.00134903	0.0032929
7	0.0223687	0.0134548
8	0	0
9	0	0
10	0	0
11	0	0
12	0	0
13	0	0
14	0	0
15	0	0
16	0	0
17	0	0
18	0	0
19	0	0
20	0	0
21	0	0
22	0	0
23	0	0
24	0	0
25	0	0
26	0	0
27	0	0
28	0	0
29	0	0
30	0	0
31	0	0
32	0	0
33	0	0
34	0	0
At locus 4
1	0.213784	0.0409404
2	0.124146	0.0353906
3	0.477425	0.0502533
4	0.12155	0.0312396
5	0.00237671	0.00434286
6	0.0523136	0.0204046
7	0.00840454	0.0114301
8	0	0
9	0	0
10	0	0
11	0	0
12	0	0
13	0	0
14	0	0
15	0	0
16	0	0
17	0	0
18	0	0
19	0	0
20	0	0
21	0	0
22	0	0
23	0	0
24	0	0
25	0	0
26	0	0
27	0	0
28	0	0
29	0	0
30	0	0
31	0	0
32	0	0
33	0	0
34	0	0
At locus 5
1	0.850042	0.0340033
2	0.0499471	0.0202475
3	0.00351944	0.0053963
4	0.00122692	0.00291696
5	0.0601462	0.0212878
6	0.00212513	0.00411772
7	0.00158352	0.00358467
8	0.0266917	0.0169054
9	0.00146724	0.00324456
10	0.00130446	0.00294041
11	0.000936461	0.00241724
12	0.00101009	0.00257815
13	0	0
14	0	0
15	0	0
16	0	0
17	0	0
18	0	0
19	0	0
20	0	0
21	0	0
22	0	0
23	0	0
24	0	0
25	0	0
26	0	0
27	0	0
28	0	0
29	0	0
30	0	0
31	0	0
32	0	0
33	0	0
34	0	0
At locus 6
1	0.394742	0.0529402
2	0.351338	0.0513682
3	0.0646456	0.023747
4	0.0367656	0.0191281
5	0.0462216	0.0188704
6	0.0219488	0.0199859
7	0.0333962	0.0169685
8	0.00809538	0.00890828
9	0.018993	0.0121206
10	0.0219505	0.0136037
11	0.00190357	0.00372258
12	0	0
13	0	0
14	0	0
15	0	0
16	0	0
17	0	0
18	0	0
19	0	0
20	0	0
21	0	0
22	0	0
23	0	0
24	0	0
25	0	0
26	0	0
27	0	0
28	0	0
29	0	0
30	0	0
31	0	0
32	0	0
33	0	0
34	0	0
At locus 7
1	0.109869	0.032651
2	0.0205888	0.0170019
3	0.0706525	0.0268119
4	0.0295225	0.0181335
5	0.199159	0.0428734
6	0.330385	0.0512146
7	0.0294485	0.0212944
8	0.159162	0.034397
9	0.00899848	0.00779875
10	0.00453164	0.00627071
11	0.0329664	0.0155465
12	0.0011796	0.00281282
13	0.00183759	0.00405912
14	0.000771401	0.00239757
15	0.000927064	0.00243514
16	0	0
17	0	0
18	0	0
19	0	0
20	0	0
21	0	0
22	0	0
23	0	0
24	0	0
25	0	0
26	0	0
27	0	0
28	0	0
29	0	0
30	0	0
31	0	0
32	0	0
33	0	0
34	0	0
At locus 8
1	0.0565914	0.021283
2	0.215743	0.0433777
3	0.00929935	0.0101327
4	0.0134757	0.0150368
5	0.123816	0.0300263
6	0.239948	0.0441618
7	0.108015	0.0306004
8	0.0954449	0.0278137
9	0.0400799	0.0192808
10	0.0368426	0.0200186
11	0.00134051	0.00292555
12	0.00621244	0.0072798
13	0.0124577	0.0115636
14	0.00914853	0.00779645
15	0.0020889	0.00425287
16	0.00343393	0.00555209
17	0.00156268	0.00333983
18	0.00331325	0.00535251
19	0.00143987	0.00324547
20	0.0197471	0.0153411
21	0	0
22	0	0
23	0	0
24	0	0
25	0	0
26	0	0
27	0	0
28	0	0
29	0	0
30	0	0
31	0	0
32	0	0
33	0	0
34	0	0
At locus 9
1	0.132882	0.03649
2	0.467243	0.0536078
3	0.18338	0.044482
4	0.023071	0.0160608
5	0.036515	0.0215814
6	0.13466	0.0349741
7	0.00236277	0.00421152
8	0.0139642	0.0128485
9	0.00206016	0.00427904
10	0.00127993	0.00279835
11	0.00120931	0.00277089
12	0.00137228	0.00324864
13	0	0
14	0	0
15	0	0
16	0	0
17	0	0
18	0	0
19	0	0
20	0	0
21	0	0
22	0	0
23	0	0
24	0	0
25	0	0
26	0	0
27	0	0
28	0	0
29	0	0
30	0	0
31	0	0
32	0	0
33	0	0
34	0	0
At locus 10
1	0.00142416	0.00313826
2	0.117702	0.0346116
3	0.0469999	0.0194498
4	0.0148011	0.0133223
5	0.0136625	0.0100832
6	0.00485701	0.00659303
7	0.122047	0.0339223
8	0.0285503	0.0147081
9	0.0344269	0.0266593
10	0.125179	0.0353294
11	0.0109217	0.011929
12	0.0934426	0.0271787
13	0.0260115	0.0149435
14	0.0113769	0.0143576
15	0.162919	0.0384357
16	0.0105638	0.0121305
17	0.0645933	0.0270177
18	0.00149842	0.00333538
19	0.022603	0.0164338
20	0.00226141	0.00413341
21	0.00954439	0.0112845
22	0.00102619	0.00271392
23	0.00210903	0.00403294
24	0.0081773	0.00759152
25	0.00132152	0.00302018
26	0.00198681	0.00380536
27	0.00611682	0.010411
28	0.0228094	0.0160141
29	0.0120754	0.0098446
30	0.00191861	0.00384881
31	0.00164422	0.00344861
32	0.00864738	0.0109341
33	0.00122391	0.00299882
34	0.00555782	0.00898122


