PLINK v1.90b6.14 64-bit (7 Jan 2020)
Options in effect:
  --allow-extra-chr
  --noweb
  --out binary
  --recode
  --tfam plink.tfam
  --tped plink.tped

Hostname: Macs-MBP-2
Working directory: /Users/mac/github/wall-canyon/outputs/204
Start time: Thu Apr 14 12:31:40 2022

Note: --noweb has no effect since no web check is implemented yet.
Random number seed: 1649968300
16384 MB RAM detected; reserving 8192 MB for main workspace.
Processing .tped file.
binary-temporary.bed + binary-temporary.bim + binary-temporary.fam written.
37855 variants loaded from .bim file.
119 people (0 males, 0 females, 119 ambiguous) loaded from .fam.
Ambiguous sex IDs written to binary.nosex .
Using 1 thread (no multithreaded calculations invoked).
Before main variant filters, 119 founders and 0 nonfounders present.
Calculating allele frequencies... done.
Total genotyping rate is 0.968713.
37855 variants and 119 people pass filters and QC.
Note: No phenotypes present.
--recode ped to binary.ped + binary.map ... done.

End time: Thu Apr 14 12:31:42 2022
