PLINK v1.90b6.14 64-bit (7 Jan 2020)
Options in effect:
  --allow-extra-chr
  --map binary.map
  --out recode
  --ped binary.ped
  --recode vcf

Hostname: Macs-MBP-2
Working directory: /Users/mac/github/wall-canyon/outputs/204
Start time: Thu Apr 14 12:31:47 2022

Random number seed: 1649968307
16384 MB RAM detected; reserving 8192 MB for main workspace.
Scanning .ped file... done.
Performing single-pass .bed write (37855 variants, 119 people).
--file: recode-temporary.bed + recode-temporary.bim + recode-temporary.fam
written.
37855 variants loaded from .bim file.
119 people (0 males, 0 females, 119 ambiguous) loaded from .fam.
Ambiguous sex IDs written to recode.nosex .
Using 1 thread (no multithreaded calculations invoked).
Before main variant filters, 119 founders and 0 nonfounders present.
Calculating allele frequencies... done.
Total genotyping rate is 0.968713.
37855 variants and 119 people pass filters and QC.
Note: No phenotypes present.
--recode vcf to recode.vcf ... done.

End time: Thu Apr 14 12:31:49 2022
