IQ-TREE multicore version 2.0-rc1 for Linux 64-bit built Nov 21 2019
Developed by Bui Quang Minh, Nguyen Lam Tung, Olga Chernomor,
Heiko Schmidt, Dominik Schrempf, Michael Woodhams.

Host:    c10-76 (AVX2, FMA3, 62 GB RAM)
Command: /home/maccamp/bin/iqtree -nt AUTO -s recode.prune.reheadered.min4.asc.phy -st DNA -m MFP+ASC -bb 1000 -alrt 1000 -redo
Seed:    960661 (Using SPRNG - Scalable Parallel Random Number Generator)
Time:    Thu Apr 14 13:41:51 2022
Kernel:  AVX+FMA - auto-detect threads (2 CPU cores detected)

Reading alignment file recode.prune.reheadered.min4.asc.phy ... Phylip format detected
Alignment most likely contains DNA/RNA sequences
Alignment has 119 sequences with 8248 columns, 8247 distinct patterns
7433 parsimony-informative, 815 singleton sites, 0 constant sites
              Gap/Ambiguity  Composition  p-value
   1  MS_PC_01        8.80%    failed      0.00%
   2  MS_PC_06        8.14%    failed      0.00%
   3  S_TR_17         9.49%    failed      0.00%
   4  S_TR_01         8.89%    failed      0.00%
   5  MS_PC_03       15.20%    failed      0.00%
   6  MS_PC_02       16.71%    failed      0.00%
   7  S_TR_09        10.21%    failed      0.00%
   8  S_TR_10        10.32%    failed      0.00%
   9  TS_EFCR_13      9.46%    failed      0.00%
  10  TS_EFCR_15      9.13%    failed      0.01%
  11  1272-017       14.48%    passed     17.95%
  12  1272-012       15.52%    passed     27.04%
  13  934-003        44.92%    failed      0.00%
  14  934-002        66.45%    failed      0.00%
  15  1208-058       16.19%    failed      0.00%
  16  1208-011       13.06%    failed      0.00%
  17  1208-059       24.84%    failed      4.06%
  18  1208-064       32.72%    passed     78.50%
  19  KLS_3228-047   14.19%    failed      0.00%
  20  KLS_2897-059   13.72%    failed      0.00%
  21  KSS_3734-008   10.37%    failed      0.00%
  22  KSS_3734-002   10.75%    failed      0.00%
  23  LRS_2735-077   11.91%    failed      0.00%
  24  LRS_2728-012   11.85%    failed      0.00%
  25  SNS_2894-073   14.63%    failed      0.00%
  26  SNS_2801-025   15.37%    failed      0.00%
  27  OSKR_44        12.96%    passed     91.50%
  28  OSKR_15        13.29%    passed     86.10%
  29  OSKR_19        13.79%    passed     86.90%
  30  OSKR_23        11.59%    passed     86.48%
  31  OSKR_22        11.82%    passed     90.37%
  32  OSKR_11        13.60%    passed     66.34%
  33  OSKR_21        11.47%    passed     99.72%
  34  OSKR_27        12.33%    passed     93.43%
  35  OSKR_16        13.99%    passed     54.59%
  36  OSKR_9         14.05%    passed     43.61%
  37  OSKR_34        11.78%    passed     95.29%
  38  OSKR_10        13.72%    passed     51.96%
  39  OSKR_17        13.53%    passed     57.07%
  40  OSKR_36        12.40%    passed     91.26%
  41  OSKR_24        11.58%    passed     92.58%
  42  OSKR_42        13.51%    passed     79.06%
  43  OSKR_5         13.80%    passed     67.49%
  44  OSKR_35        12.02%    passed     98.16%
  45  WCS_17          7.74%    passed     95.90%
  46  OSKR_18        13.36%    passed     61.53%
  47  WCS_12          7.58%    passed     98.10%
  48  OSKR_38        11.78%    passed     89.36%
  49  WCS_14          7.80%    passed     97.83%
  50  WCS_13          7.54%    passed     93.29%
  51  OSKR_13        13.47%    passed     51.78%
  52  OSKR_41        11.94%    passed     82.28%
  53  WCS_06          7.42%    passed     99.07%
  54  WCS_07          7.67%    passed     96.62%
  55  OSKR_43        13.76%    passed     73.79%
  56  OSKR_4         13.75%    passed     48.68%
  57  WCS_05          8.28%    passed     94.36%
  58  OSKR_20        14.12%    passed     37.68%
  59  OSKR_7         13.48%    passed     68.52%
  60  OSKR_29        11.93%    passed     90.45%
  61  OSKR_39        11.80%    passed     79.70%
  62  OSKR_2         13.30%    passed     73.44%
  63  OSKR_30        12.05%    passed     85.92%
  64  OSKR_3         13.29%    passed     78.34%
  65  WCS_26          7.63%    passed     94.44%
  66  WCS_11          7.59%    passed     98.76%
  67  OSKR_26        12.42%    passed     99.28%
  68  WCS_08          7.89%    passed     98.12%
  69  OSKR_32        17.73%    passed      7.72%
  70  WCS_03          7.64%    passed     91.37%
  71  OSKR_25        11.64%    passed     75.13%
  72  OSKR_40        11.64%    passed     98.96%
  73  OSKR_8         13.89%    passed     77.50%
  74  OSKR_14        14.11%    passed     48.16%
  75  OSKR_12        13.37%    passed     60.56%
  76  WCS_01          7.77%    passed     98.31%
  77  WS_HC5          8.39%    passed     98.09%
  78  OSKR_31        13.15%    passed     79.36%
  79  WCS_27          9.17%    passed     68.56%
  80  WCS_10          8.03%    passed     98.55%
  81  WCS_22          7.30%    passed     94.54%
  82  WCS_02          7.90%    passed     94.77%
  83  WS_HC8          8.74%    passed     95.76%
  84  WS_HC2          8.68%    passed     93.74%
  85  WS_HC7          8.87%    passed     99.12%
  86  WCS_04          7.59%    passed     97.28%
  87  WS_HC4          9.09%    passed     95.11%
  88  WCS_19          7.87%    passed     90.58%
  89  WCS_21          7.84%    passed     97.71%
  90  WS_HC6          9.89%    passed     92.09%
  91  WCS_09          8.52%    passed     86.76%
  92  WCS_25          7.59%    passed     93.51%
  93  WS_HC1          8.46%    passed     97.00%
  94  OSKR_1         12.96%    passed     78.09%
  95  OSKR_37        13.29%    passed     60.46%
  96  OSKR_28        13.58%    passed     46.16%
  97  WS_TMC08        9.30%    passed     61.95%
  98  WS_TMC07        9.38%    passed     74.55%
  99  WCS_16          8.23%    passed     76.89%
 100  OSKR_33        13.46%    passed     58.66%
 101  WCS_24          8.80%    passed     90.91%
 102  WCS_20          8.12%    passed     89.74%
 103  WS_HC3         10.20%    passed     77.83%
 104  OSKR_6         14.88%    passed     25.51%
 105  WS_TMC14       10.39%    passed     52.73%
 106  WS_TMC03       10.20%    passed     57.91%
 107  WS_TMC01       10.09%    passed     71.96%
 108  WS_TMC10       11.40%    passed     16.12%
 109  WCS_15         11.07%    passed     41.02%
 110  WS_DC09        14.50%    passed      7.35%
 111  WS_TMC13       14.67%    passed     24.40%
 112  WCS_23         13.60%    passed     21.26%
 113  WCS_18         14.15%    passed     19.28%
 114  WS_TMC15       19.47%    failed      1.73%
 115  WS_DC01        22.74%    passed     55.17%
 116  WS_TMC02       18.87%    passed     37.57%
 117  WS_TMC05       22.55%    passed     36.04%
 118  WS_TMC12       19.80%    passed     14.68%
 119  WS_DC14        21.08%    failed      1.37%
WARNING: 1 sequences contain more than 50% gaps/ambiguity
****  TOTAL          12.84%  25 sequences failed composition chi2 test (p-value<5%; df=3)

NOTE: Restoring information from model checkpoint file recode.prune.reheadered.min4.asc.phy.model.gz

CHECKPOINT: Initial tree restored
Measuring multi-threading efficiency up to 2 CPU cores
Increase to 10 rounds for branch lengths
3 trees examined
Threads: 1 / Time: 2.102 sec / Speedup: 1.000 / Efficiency: 100% / LogL: -300989
Threads: 2 / Time: 1.846 sec / Speedup: 1.139 / Efficiency: 57% / LogL: -300989
BEST NUMBER OF THREADS: 2

Perform fast likelihood tree search using GTR+ASC model...
Estimate model parameters (epsilon = 5.000)
Perform nearest neighbor interchange...
Estimate model parameters (epsilon = 1.000)
1. Initial log-likelihood: -95794.957
Optimal log-likelihood: -95794.832
Rate parameters:  A-C: 0.97089  A-G: 3.17575  A-T: 1.71151  C-G: 0.29713  C-T: 3.32987  G-T: 1.00000
Base frequencies:  A: 0.186  C: 0.321  G: 0.314  T: 0.180
Parameters optimization took 1 rounds (0.363 sec)
Time for fast ML tree search: 4.616 seconds

NOTE: ModelFinder requires 349 MB RAM!
ModelFinder will test up to 242 DNA models (sample size: 8248) ...
 No. Model         -LnL         df  AIC          AICc         BIC
  1  GTR+F+ASC     95794.803    243 192075.606   192090.422   193780.913
  2  GTR+F+ASC+G4  95287.293    244 191062.585   191077.525   192774.911
  3  GTR+F+ASC+R2  95182.343    245 190854.687   190869.751   192574.030
  4  GTR+F+ASC+R3  95169.848    247 190833.697   190849.011   192567.075
  5  GTR+F+ASC+R4  95169.706    249 190837.411   190852.977   192584.825
 14  SYM+ASC+R2    95775.428    242 192034.857   192049.549   193733.146
 15  SYM+ASC+R3    95773.902    244 192035.805   192050.744   193748.130
 25  TVM+F+ASC+R2  95183.880    244 190855.760   190870.699   192568.085
 26  TVM+F+ASC+R3  95171.365    246 190834.729   190849.918   192561.090
 36  TVMe+ASC+R2   95776.240    241 192034.479   192049.049   193725.751
 37  TVMe+ASC+R3   95774.779    243 192035.557   192050.373   193740.864
 47  TIM3+F+ASC+R2 95763.347    243 192012.695   192027.511   193718.002
 48  TIM3+F+ASC+R3 95753.412    245 191996.824   192011.887   193716.166
 58  TIM3e+ASC+R2  95957.428    240 192394.855   192409.303   194079.110
 59  TIM3e+ASC+R3  95956.046    242 192396.091   192410.784   194094.381
 69  TIM2+F+ASC+R2 95785.695    243 192057.389   192072.205   193762.696
 70  TIM2+F+ASC+R3 95775.195    245 192040.390   192055.453   193759.733
 80  TIM2e+ASC+R2  95939.549    240 192359.098   192373.545   194043.352
 81  TIM2e+ASC+R3  95937.775    242 192359.549   192374.242   194057.839
 91  TIM+F+ASC+R2  96113.292    243 192712.584   192727.400   194417.891
 92  TIM+F+ASC+R3  96106.193    245 192702.387   192717.451   194421.730
102  TIMe+ASC+R2   96002.834    240 192485.668   192500.115   194169.922
103  TIMe+ASC+R3   96001.156    242 192486.312   192501.004   194184.602
113  TPM3u+F+ASC+R2 95763.998    242 192011.996   192026.689   193710.286
114  TPM3u+F+ASC+R3 95754.228    244 191996.455   192011.395   193708.780
124  TPM3+F+ASC+R2 95763.998    242 192011.996   192026.689   193710.286
125  TPM3+F+ASC+R3 95754.228    244 191996.455   192011.395   193708.780
135  TPM2u+F+ASC+R2 95788.837    242 192061.674   192076.366   193759.963
136  TPM2u+F+ASC+R3 95778.127    244 192044.255   192059.194   193756.580
146  TPM2+F+ASC+R2 95788.837    242 192061.674   192076.366   193759.963
147  TPM2+F+ASC+R3 95778.127    244 192044.255   192059.194   193756.580
157  K3Pu+F+ASC+R2 96115.085    242 192714.169   192728.862   194412.459
158  K3Pu+F+ASC+R3 96107.994    244 192703.989   192718.928   194416.314
168  K3P+ASC+R2    96003.643    239 192485.287   192499.612   194162.523
169  K3P+ASC+R3    96001.990    241 192485.980   192500.550   194177.252
179  TN+F+ASC+R2   96297.882    242 193079.765   193094.457   194778.054
180  TN+F+ASC+R3   96291.248    244 193070.497   193085.436   194782.822
190  TNe+ASC+R2    96065.609    239 192609.219   192623.544   194286.455
191  TNe+ASC+R3    96063.963    241 192609.925   192624.495   194301.197
201  HKY+F+ASC+R2  96299.659    241 193081.318   193095.887   194772.590
202  HKY+F+ASC+R3  96293.070    243 193072.140   193086.956   194777.447
212  K2P+ASC+R2    96066.418    238 192608.836   192623.040   194279.055
213  K2P+ASC+R3    96064.786    240 192609.571   192624.019   194293.825
223  F81+F+ASC+R2  100152.113   240 200784.226   200798.673   202468.480
224  F81+F+ASC+R3  100149.959   242 200783.918   200798.610   202482.208
234  JC+ASC+R2     99346.843    237 199167.686   199181.770   200830.887
235  JC+ASC+R3     99346.232    239 199170.464   199184.790   200847.700
Akaike Information Criterion:           GTR+F+ASC+R3
Corrected Akaike Information Criterion: GTR+F+ASC+R3
Bayesian Information Criterion:         TVM+F+ASC+R3
Best-fit model: TVM+F+ASC+R3 chosen according to BIC

All model information printed to recode.prune.reheadered.min4.asc.phy.model.gz
CPU time for ModelFinder: 746.026 seconds (0h:12m:26s)
Wall-clock time for ModelFinder: 376.224 seconds (0h:6m:16s)
Generating 1000 samples for ultrafast bootstrap (seed: 960661)...

NOTE: 127 MB RAM (0 GB) is required!
Estimate model parameters (epsilon = 0.100)
1. Initial log-likelihood: -95171.365
Optimal log-likelihood: -95171.268
Rate parameters:  A-C: 0.96628  A-G: 3.30707  A-T: 1.91170  C-G: 0.26787  C-T: 3.30707  G-T: 1.00000
Base frequencies:  A: 0.186  C: 0.321  G: 0.314  T: 0.180
Site proportion and rates:  (0.490,0.151) (0.451,1.389) (0.059,5.057)
Parameters optimization took 1 rounds (1.114 sec)
Computing ML distances based on estimated model parameters... 2.665 sec
Computing BIONJ tree...
0.016 seconds
Log-likelihood of BIONJ tree: -96592.321
--------------------------------------------------------------------
|             INITIALIZING CANDIDATE TREE SET                      |
--------------------------------------------------------------------
Generating 98 parsimony trees... 24.378 second
Computing log-likelihood of 98 initial trees ... 18.454 seconds
Current best score: -95171.268

Do NNI search on 20 best initial trees
Estimate model parameters (epsilon = 0.100)
BETTER TREE FOUND at iteration 1: -95171.035
Estimate model parameters (epsilon = 0.100)
BETTER TREE FOUND at iteration 2: -95148.979
Iteration 10 / LogL: -95212.848 / Time: 0h:1m:22s
Estimate model parameters (epsilon = 0.100)
BETTER TREE FOUND at iteration 15: -95143.156
Iteration 20 / LogL: -95228.749 / Time: 0h:2m:1s
Finish initializing candidate tree set (20)
Current best tree score: -95143.156 / CPU time: 117.884
Number of iterations: 20
--------------------------------------------------------------------
|               OPTIMIZING CANDIDATE TREE SET                      |
--------------------------------------------------------------------
Estimate model parameters (epsilon = 0.100)
BETTER TREE FOUND at iteration 24: -95136.100
Estimate model parameters (epsilon = 0.100)
BETTER TREE FOUND at iteration 29: -95134.683
Iteration 30 / LogL: -95159.259 / Time: 0h:2m:46s (0h:9m:29s left)
Estimate model parameters (epsilon = 0.100)
BETTER TREE FOUND at iteration 37: -95126.920
Iteration 40 / LogL: -95129.087 / Time: 0h:3m:26s (0h:8m:33s left)
Estimate model parameters (epsilon = 0.100)
BETTER TREE FOUND at iteration 44: -95070.695
Iteration 50 / LogL: -95113.046 / Time: 0h:4m:7s (0h:7m:54s left)
Log-likelihood cutoff on original alignment: -95290.199
Iteration 60 / LogL: -95084.340 / Time: 0h:4m:44s (0h:6m:45s left)
Iteration 70 / LogL: -95114.181 / Time: 0h:5m:20s (0h:5m:44s left)
Iteration 80 / LogL: -95094.526 / Time: 0h:5m:59s (0h:4m:51s left)
Iteration 90 / LogL: -95119.675 / Time: 0h:6m:38s (0h:4m:1s left)
Iteration 100 / LogL: -95082.702 / Time: 0h:7m:14s (0h:3m:12s left)
Log-likelihood cutoff on original alignment: -95263.002
NOTE: Bootstrap correlation coefficient of split occurrence frequencies: 0.995
Iteration 110 / LogL: -95075.305 / Time: 0h:7m:50s (0h:6m:28s left)
Iteration 120 / LogL: -95081.441 / Time: 0h:8m:25s (0h:5m:39s left)
Iteration 130 / LogL: -95082.903 / Time: 0h:9m:1s (0h:4m:53s left)
Iteration 140 / LogL: -95133.839 / Time: 0h:9m:37s (0h:4m:9s left)
TREE SEARCH COMPLETED AFTER 145 ITERATIONS / Time: 0h:9m:56s

--------------------------------------------------------------------
|                    FINALIZING TREE SEARCH                        |
--------------------------------------------------------------------
Performs final model parameters optimization
Estimate model parameters (epsilon = 0.010)
1. Initial log-likelihood: -95070.695
2. Current log-likelihood: -95070.670
3. Current log-likelihood: -95070.631
4. Current log-likelihood: -95070.599
5. Current log-likelihood: -95070.576
6. Current log-likelihood: -95070.549
7. Current log-likelihood: -95070.529
8. Current log-likelihood: -95070.510
9. Current log-likelihood: -95070.493
10. Current log-likelihood: -95070.480
11. Current log-likelihood: -95070.467
12. Current log-likelihood: -95070.454
13. Current log-likelihood: -95070.443
14. Current log-likelihood: -95070.431
15. Current log-likelihood: -95070.420
16. Current log-likelihood: -95070.409
17. Current log-likelihood: -95070.399
18. Current log-likelihood: -95070.388
19. Current log-likelihood: -95070.377
20. Current log-likelihood: -95070.313
21. Current log-likelihood: -95070.269
22. Current log-likelihood: -95070.247
23. Current log-likelihood: -95070.232
24. Current log-likelihood: -95070.218
25. Current log-likelihood: -95070.205
26. Current log-likelihood: -95070.192
27. Current log-likelihood: -95070.129
28. Current log-likelihood: -95070.043
29. Current log-likelihood: -95069.968
30. Current log-likelihood: -95069.871
31. Current log-likelihood: -95069.831
32. Current log-likelihood: -95069.804
33. Current log-likelihood: -95069.779
34. Current log-likelihood: -95069.757
35. Current log-likelihood: -95069.746
36. Current log-likelihood: -95069.708
37. Current log-likelihood: -95069.687
38. Current log-likelihood: -95069.676
39. Current log-likelihood: -95069.664
Optimal log-likelihood: -95069.654
Rate parameters:  A-C: 0.97840  A-G: 3.32964  A-T: 1.92703  C-G: 0.26754  C-T: 3.32964  G-T: 1.00000
Base frequencies:  A: 0.186  C: 0.321  G: 0.314  T: 0.180
Site proportion and rates:  (0.523,0.348) (0.428,1.379) (0.049,4.647)
Parameters optimization took 39 rounds (40.070 sec)
BEST SCORE FOUND : -95069.654

Testing tree branches by SH-like aLRT with 1000 replicates...
11.958 sec.
Creating bootstrap support values...
Split supports printed to NEXUS file recode.prune.reheadered.min4.asc.phy.splits.nex
Total tree length: 1.330

Total number of iterations: 145
CPU time used for tree search: 1174.436 sec (0h:19m:34s)
Wall-clock time used for tree search: 592.069 sec (0h:9m:52s)
Total CPU time used: 1287.054 sec (0h:21m:27s)
Total wall-clock time used: 648.641 sec (0h:10m:48s)

Computing bootstrap consensus tree...
Reading input file recode.prune.reheadered.min4.asc.phy.splits.nex...
119 taxa and 1057 splits.
Consensus tree written to recode.prune.reheadered.min4.asc.phy.contree
Reading input trees file recode.prune.reheadered.min4.asc.phy.contree
Log-likelihood of consensus tree: -95069.644

Analysis results written to: 
  IQ-TREE report:                recode.prune.reheadered.min4.asc.phy.iqtree
  Maximum-likelihood tree:       recode.prune.reheadered.min4.asc.phy.treefile
  Likelihood distances:          recode.prune.reheadered.min4.asc.phy.mldist

Ultrafast bootstrap approximation results written to:
  Split support values:          recode.prune.reheadered.min4.asc.phy.splits.nex
  Consensus tree:                recode.prune.reheadered.min4.asc.phy.contree
  Screen log file:               recode.prune.reheadered.min4.asc.phy.log

Date and Time: Thu Apr 14 13:58:58 2022
