PLINK v1.90b6.14 64-bit (7 Jan 2020)
Options in effect:
  --allow-extra-chr
  --noweb
  --out plink-binary
  --recode
  --tfam plink.tfam
  --tped plink.tped

Hostname: Macs-MBP-2
Working directory: /Users/mac/github/wall-canyon/outputs/700
Start time: Wed Apr 13 11:20:27 2022

Note: --noweb has no effect since no web check is implemented yet.
Random number seed: 1649877627
16384 MB RAM detected; reserving 8192 MB for main workspace.
Processing .tped file.
Note: Variant 20164 is triallelic.  Setting rarest alleles to missing.
Warning: Extra columns in .tped file.  Ignoring.
Note: Variant 20364 is triallelic.  Setting rarest alleles to missing.
Note: Variant 20431 is triallelic.  Setting rarest alleles to missing.
Note: Variant 20734 is triallelic.  Setting rarest alleles to missing.
plink-binary-temporary.bed + plink-binary-temporary.bim +
plink-binary-temporary.fam written.
22200 variants loaded from .bim file.
108 people (0 males, 0 females, 108 ambiguous) loaded from .fam.
Ambiguous sex IDs written to plink-binary.nosex .
Using 1 thread (no multithreaded calculations invoked).
Before main variant filters, 108 founders and 0 nonfounders present.
Calculating allele frequencies... done.
Total genotyping rate is 0.931041.
22200 variants and 108 people pass filters and QC.
Note: No phenotypes present.
--recode ped to plink-binary.ped + plink-binary.map ... done.

End time: Wed Apr 13 11:20:27 2022
